This is pdfTeX, Version 3.14159265-2.6-1.40.21 (MiKTeX 2.9.7380) (preloaded format=pdflatex 2020.4.14)  14 APR 2020 18:52
entering extended mode
**"./Smart Solution _v1_2020.tex"
("Smart Solution _v1_2020.tex"
LaTeX2e <2020-02-02> patch level 5
L3 programming layer <2020-04-06> (Data/udesc.cls
("C:\Users\black\AppData\Local\Programs\MiKTeX 2.9\tex/latex/base\ifthen.sty"
Package: ifthen 2014/09/29 v1.1c Standard LaTeX ifthen package (DPC)
)
("C:\Users\black\AppData\Local\Programs\MiKTeX 2.9\tex/latex/memoir\memoir.cls"
Document Class: memoir 2020/03/25 v3.7k configurable book, report, article docu
ment class
\onelineskip=\skip47
\lxvchars=\skip48
\xlvchars=\skip49
\@memcnta=\count167
\c@@memmarkcntra=\count168
LaTeX Info: Redefining \InputIfFileExists on input line 140.
("C:\Users\black\AppData\Local\Programs\MiKTeX 2.9\tex/generic/iftex\iftex.sty"
Package: iftex 2020/03/06 v1.0d TeX engine tests
)
\stockheight=\skip50
\stockwidth=\skip51
\trimtop=\skip52
\trimedge=\skip53
 ("C:\Users\black\AppData\Local\Programs\MiKTeX 2.9\tex/latex/memoir\mem12.clo"
File: mem12.clo 2010/10/19 v0.4b memoir class 12pt size option
)
\binding=\skip54
\spinemargin=\skip55
\foremargin=\skip56
\uppermargin=\skip57
\lowermargin=\skip58
\headdrop=\skip59
\normalrulethickness=\skip60
\mem@maxheadheight=\skip61
\mem@maxfootheight=\skip62
\headwidth=\skip63
\c@storedpagenumber=\count169
\memPD=\dimen134
\m@mabparskip=\skip64
\thanksmarkwidth=\skip65
\thanksmarksep=\skip66
\droptitle=\skip67
\c@book=\count170
\c@part=\count171
\c@chapter=\count172
\c@section=\count173
\c@subsection=\count174
\c@subsubsection=\count175
\c@paragraph=\count176
\c@subparagraph=\count177
\beforechapskip=\skip68
\midchapskip=\skip69
\afterchapskip=\skip70
\chapindent=\skip71
\bottomsectionskip=\skip72
\secindent=\skip73
\beforesecskip=\skip74
\aftersecskip=\skip75
\subsecindent=\skip76
\beforesubsecskip=\skip77
\aftersubsecskip=\skip78
\subsubsecindent=\skip79
\beforesubsubsecskip=\skip80
\aftersubsubsecskip=\skip81
\paraindent=\skip82
\beforeparaskip=\skip83
\afterparaskip=\skip84
\subparaindent=\skip85
\beforesubparaskip=\skip86
\aftersubparaskip=\skip87
\pfbreakskip=\skip88
\c@@ppsavesec=\count178
\c@@ppsaveapp=\count179
\ragrparindent=\dimen135
\everylistparindent=\dimen136
\parsepi=\skip89
\topsepi=\skip90
\itemsepi=\skip91
\parsepii=\skip92
\topsepii=\skip93
\topsepiii=\skip94
\itemsepii=\skip95
\itemsepiii=\skip96
\partopsepii=\skip97
\partopsepiii=\skip98
\m@msavetopsep=\skip99
\m@msavepartopsep=\skip100
\@enLab=\toks15
\abstitleskip=\skip101
\absleftindent=\skip102
\abs@leftindent=\dimen137
\absrightindent=\skip103
\absparindent=\skip104
\absparsep=\skip105
\c@vslineno=\count180
\c@poemline=\count181
\c@modulo@vs=\count182
\c@memfvsline=\count183
\vleftskip=\skip106
\vrightskip=\skip107
\stanzaskip=\skip108
\versewidth=\skip109
\vgap=\skip110
\vindent=\skip111
\vleftmargin=\dimen138
\c@verse=\count184
\c@chrsinstr=\count185
\beforepoemtitleskip=\skip112
\afterpoemtitleskip=\skip113
\c@poem=\count186
\beforePoemTitleskip=\skip114
\midPoemTitleskip=\skip115
\afterPoemTitleskip=\skip116
 ("C:\Users\black\AppData\Local\Programs\MiKTeX 2.9\tex/latex/tools\array.sty"
Package: array 2019/08/31 v2.4l Tabular extension package (FMi)
\col@sep=\dimen139
\ar@mcellbox=\box45
\extrarowheight=\dimen140
\NC@list=\toks16
\extratabsurround=\skip117
\backup@length=\skip118
\ar@cellbox=\box46
)
("C:\Users\black\AppData\Local\Programs\MiKTeX 2.9\tex/latex/tools\dcolumn.sty"
Package: dcolumn 2014/10/28 v1.06 decimal alignment package (DPC)
)
("C:\Users\black\AppData\Local\Programs\MiKTeX 2.9\tex/latex/tools\delarray.sty
"
Package: delarray 2014/10/28 v1.01 array delimiter package (DPC)
)
("C:\Users\black\AppData\Local\Programs\MiKTeX 2.9\tex/latex/tools\tabularx.sty
"
Package: tabularx 2020/01/15 v2.11c `tabularx' package (DPC)
\TX@col@width=\dimen141
\TX@old@table=\dimen142
\TX@old@col=\dimen143
\TX@target=\dimen144
\TX@delta=\dimen145
\TX@cols=\count187
\TX@ftn=\toks17
)
\heavyrulewidth=\dimen146
\lightrulewidth=\dimen147
\cmidrulewidth=\dimen148
\belowrulesep=\dimen149
\belowbottomsep=\dimen150
\aboverulesep=\dimen151
\abovetopsep=\dimen152
\cmidrulesep=\dimen153
\cmidrulekern=\dimen154
\defaultaddspace=\dimen155
\@cmidla=\count188
\@cmidlb=\count189
\@aboverulesep=\dimen156
\@belowrulesep=\dimen157
\@thisruleclass=\count190
\@lastruleclass=\count191
\@thisrulewidth=\dimen158
\ctableftskip=\skip119
\ctabrightskip=\skip120
\abovecolumnspenalty=\count192
\@linestogo=\count193
\@cellstogo=\count194
\@cellsincolumn=\count195
\crtok=\toks18
\@mincolumnwidth=\dimen159
\c@newflo@tctr=\count196
\mem@margin@floatbox=\box47
\@contcwidth=\skip121
\@contindw=\skip122
\abovecaptionskip=\skip123
\belowcaptionskip=\skip124
\subfloattopskip=\skip125
\subfloatcapskip=\skip126
\subfloatcaptopadj=\skip127
\subfloatbottomskip=\skip128
\subfloatlabelskip=\skip129
\subfloatcapmargin=\dimen160
\c@@contsubnum=\count197
\m@mscap@capbox=\box48
\m@mscap@fbox=\box49
\sidecapsep=\dimen161
\sidecapwidth=\dimen162
\m@m@tempdima=\dimen163
\m@mscapraise=\dimen164
\sidecapraise=\dimen165
\m@mscapmainwidth=\dimen166
\m@mscaplkern=\dimen167
\beforeepigraphskip=\skip130
\afterepigraphskip=\skip131
\epigraphwidth=\skip132
\epigraphrule=\skip133
LaTeX Info: Redefining \em on input line 7664.
LaTeX Info: Redefining \emph on input line 7672.
\tocentryskip=\skip134
\tocbaseline=\skip135
\cftparskip=\skip136
\cftbeforebookskip=\skip137
\cftbookindent=\dimen168
\cftbooknumwidth=\dimen169
\cftbeforepartskip=\skip138
\cftpartindent=\skip139
\cftpartnumwidth=\skip140
\cftbeforechapterskip=\skip141
\cftchapterindent=\skip142
\cftchapternumwidth=\skip143
\cftbeforesectionskip=\skip144
\cftsectionindent=\skip145
\cftsectionnumwidth=\skip146
\cftbeforesubsectionskip=\skip147
\cftsubsectionindent=\skip148
\cftsubsectionnumwidth=\skip149
\cftbeforesubsubsectionskip=\skip150
\cftsubsubsectionindent=\skip151
\cftsubsubsectionnumwidth=\skip152
\cftbeforeparagraphskip=\skip153
\cftparagraphindent=\skip154
\cftparagraphnumwidth=\skip155
\cftbeforesubparagraphskip=\skip156
\cftsubparagraphindent=\skip157
\cftsubparagraphnumwidth=\skip158
\prechapterprecisshift=\dimen170
\c@maxsecnumdepth=\count198
\bibindent=\dimen171
\bibitemsep=\skip159
\indexcolsep=\skip160
\indexrule=\skip161
\indexmarkstyle=\toks19
\@indexbox=\insert199
\glossarycolsep=\dimen172
\glossaryrule=\dimen173
\sideparvshift=\skip162
\sideins=\insert252
\sidebartopsep=\skip163
\sidebarhsep=\skip164
\sidebarvsep=\skip165
\sidebarwidth=\skip166
\footmarkwidth=\skip167
\footmarksep=\skip168
\footparindent=\skip169
\footinsdim=\skip170
\footinsv@r=\insert251
\@mpfootinsv@r=\insert250
\m@m@k=\count266
\m@m@h=\dimen174
\m@mipn@skip=\skip171
\sidefootins=\insert249
\sidefootadjust=\skip172
\sidefootheight=\skip173
\sidefoothsep=\skip174
\sidefootvsep=\skip175
\sidefootwidth=\skip176
\m@mdownsf=\skip177
\c@sidefootnote=\count267
\sidefootmarkwidth=\skip178
\sidefootmarksep=\skip179
\sidefootparindent=\skip180
\c@pagenote=\count268
\c@pagenoteshadow=\count269
\mem@pn@lastkern=\skip181
\every@verbatim=\toks20
\afterevery@verbatim=\toks21
\verbatim@line=\toks22
\tab@position=\count270
\verbatim@in@stream=\read2
\verbatimindent=\skip182
\verbatim@out=\write3
\bvboxsep=\skip183
\c@memfbvline=\count271
\c@bvlinectr=\count272
\bvnumlength=\skip184
\fb@frw=\dimen175
\fb@frh=\dimen176
\FrameRule=\dimen177
\FrameSep=\dimen178
\c@cp@cntr=\count273
LaTeX Info: Redefining \: on input line 12191.
LaTeX Info: Redefining \! on input line 12193.
\c@ism@mctr=\count274
\c@xsm@mctr=\count275
\c@csm@mctr=\count276
\c@ksm@mctr=\count277
\c@xksm@mctr=\count278
\c@cksm@mctr=\count279
\c@msm@mctr=\count280
\c@xmsm@mctr=\count281
\c@cmsm@mctr=\count282
\c@bsm@mctr=\count283
\c@workm@mctr=\count284
\c@sheetsequence=\count285
\c@lastsheet=\count286
\c@lastpage=\count287

("C:\Users\black\AppData\Local\Programs\MiKTeX 2.9\tex/latex/textcase\textcase.
sty"
Package: textcase 2019/09/14 v1.00 Text only upper/lower case changing (DPC)
)
\c@figure=\count288
\c@lofdepth=\count289
\cftbeforefigureskip=\skip185
\cftfigureindent=\skip186
\cftfigurenumwidth=\skip187
\c@table=\count290
\c@lotdepth=\count291
\cftbeforetableskip=\skip188
\cfttableindent=\skip189
\cfttablenumwidth=\skip190
Package abstract [2008/07/23] emulated by memoir.
Package appendix [2008/07/23] emulated by memoir.
Package booktabs [2016/05/16] emulated by memoir.
Package ccaption [2008/07/23] emulated by memoir.
Package changepage [2008/07/23] emulated by memoir.
Package chngcntr [2008/07/23] emulated by memoir.
Package chngpage [2008/07/23] emulated by memoir.
Package crop emulated by memoir.
Package enumerate [2008/07/23] emulated by memoir.
Package epigraph [2008/07/23] emulated by memoir.
Package ifmtarg [2008/07/23] emulated by memoir.
Package index [2008/07/23] emulated by memoir.
Package makeidx [2008/07/23] emulated by memoir.
Package moreverb [2008/07/23] emulated by memoir.
Package mparhack [2008/07/23] emulated by memoir.
Package needspace [2008/07/23] emulated by memoir.
Package newfile [2008/07/23] emulated by memoir.
Package nextpage [2008/07/23] emulated by memoir.
Package pagenote [2008/07/23] emulated by memoir.
Package parskip [2008/07/23] emulated by memoir.
Package patchcmd [2008/07/23] emulated by memoir.
Package setspace [2008/07/23] emulated by memoir.
Package shortvrb [2008/07/23] emulated by memoir.
Package showidx [2008/07/23] emulated by memoir.
Package titleref [2008/07/23] emulated by memoir.
Package titling [2008/07/23] emulated by memoir.
Package tocbibind [2008/07/23] emulated by memoir.
Package tocloft [2008/07/23] emulated by memoir.
Package tocvsec2 [2008/07/23] emulated by memoir.
Package verbatim [2008/07/23] emulated by memoir.
Package verse [2008/07/23] emulated by memoir.
)
("C:\Users\black\AppData\Local\Programs\MiKTeX 2.9\tex/latex/hyperref\hyperref.
sty"
Package: hyperref 2020/01/14 v7.00d Hypertext links for LaTeX

("C:\Users\black\AppData\Local\Programs\MiKTeX 2.9\tex/generic/ltxcmds\ltxcmds.
sty"
Package: ltxcmds 2019/12/15 v1.24 LaTeX kernel commands for general use (HO)
)
("C:\Users\black\AppData\Local\Programs\MiKTeX 2.9\tex/latex/pdftexcmds\pdftexc
mds.sty"
Package: pdftexcmds 2019/11/24 v0.31 Utility functions of pdfTeX for LuaTeX (HO
)

("C:\Users\black\AppData\Local\Programs\MiKTeX 2.9\tex/generic/infwarerr\infwar
err.sty"
Package: infwarerr 2019/12/03 v1.5 Providing info/warning/error messages (HO)
)
Package pdftexcmds Info: \pdf@primitive is available.
Package pdftexcmds Info: \pdf@ifprimitive is available.
Package pdftexcmds Info: \pdfdraftmode found.
)
("C:\Users\black\AppData\Local\Programs\MiKTeX 2.9\tex/latex/graphics\keyval.st
y"
Package: keyval 2014/10/28 v1.15 key=value parser (DPC)
\KV@toks@=\toks23
)
("C:\Users\black\AppData\Local\Programs\MiKTeX 2.9\tex/generic/kvsetkeys\kvsetk
eys.sty"
Package: kvsetkeys 2019/12/15 v1.18 Key value parser (HO)
)
("C:\Users\black\AppData\Local\Programs\MiKTeX 2.9\tex/generic/kvdefinekeys\kvd
efinekeys.sty"
Package: kvdefinekeys 2019-12-19 v1.6 Define keys (HO)
)
("C:\Users\black\AppData\Local\Programs\MiKTeX 2.9\tex/generic/pdfescape\pdfesc
ape.sty"
Package: pdfescape 2019/12/09 v1.15 Implements pdfTeX's escape features (HO)
)
("C:\Users\black\AppData\Local\Programs\MiKTeX 2.9\tex/latex/hycolor\hycolor.st
y"
Package: hycolor 2020-01-27 v1.10 Color options for hyperref/bookmark (HO)
)
("C:\Users\black\AppData\Local\Programs\MiKTeX 2.9\tex/latex/letltxmacro\letltx
macro.sty"
Package: letltxmacro 2019/12/03 v1.6 Let assignment for LaTeX macros (HO)
)
("C:\Users\black\AppData\Local\Programs\MiKTeX 2.9\tex/latex/auxhook\auxhook.st
y"
Package: auxhook 2019-12-17 v1.6 Hooks for auxiliary files (HO)
)
("C:\Users\black\AppData\Local\Programs\MiKTeX 2.9\tex/latex/kvoptions\kvoption
s.sty"
Package: kvoptions 2019/11/29 v3.13 Key value format for package options (HO)
)
\@linkdim=\dimen179
\Hy@linkcounter=\count292
\Hy@pagecounter=\count293

("C:\Users\black\AppData\Local\Programs\MiKTeX 2.9\tex/latex/hyperref\pd1enc.de
f"
File: pd1enc.def 2020/01/14 v7.00d Hyperref: PDFDocEncoding definition (HO)
Now handling font encoding PD1 ...
... no UTF-8 mapping file for font encoding PD1
)
("C:\Users\black\AppData\Local\Programs\MiKTeX 2.9\tex/generic/intcalc\intcalc.
sty"
Package: intcalc 2019/12/15 v1.3 Expandable calculations with integers (HO)
)
("C:\Users\black\AppData\Local\Programs\MiKTeX 2.9\tex/generic/etexcmds\etexcmd
s.sty"
Package: etexcmds 2019/12/15 v1.7 Avoid name clashes with e-TeX commands (HO)
)
\Hy@SavedSpaceFactor=\count294
Package hyperref Info: Hyper figures OFF on input line 4547.
Package hyperref Info: Link nesting OFF on input line 4552.
Package hyperref Info: Hyper index ON on input line 4555.
Package hyperref Info: Plain pages OFF on input line 4562.
Package hyperref Info: Backreferencing OFF on input line 4567.
Package hyperref Info: Implicit mode ON; LaTeX internals redefined.
Package hyperref Info: Bookmarks ON on input line 4800.
\c@Hy@tempcnt=\count295
 ("C:\Users\black\AppData\Local\Programs\MiKTeX 2.9\tex/latex/url\url.sty"
\Urlmuskip=\muskip16
Package: url 2013/09/16  ver 3.4  Verb mode for urls, etc.
)
LaTeX Info: Redefining \url on input line 5159.
\XeTeXLinkMargin=\dimen180

("C:\Users\black\AppData\Local\Programs\MiKTeX 2.9\tex/generic/bitset\bitset.st
y"
Package: bitset 2019/12/09 v1.3 Handle bit-vector datatype (HO)

("C:\Users\black\AppData\Local\Programs\MiKTeX 2.9\tex/generic/bigintcalc\bigin
tcalc.sty"
Package: bigintcalc 2019/12/15 v1.5 Expandable calculations on big integers (HO
)
))
\Fld@menulength=\count296
\Field@Width=\dimen181
\Fld@charsize=\dimen182
Package hyperref Info: Hyper figures OFF on input line 6430.
Package hyperref Info: Link nesting OFF on input line 6435.
Package hyperref Info: Hyper index ON on input line 6438.
Package hyperref Info: backreferencing OFF on input line 6445.
Package hyperref Info: Link coloring OFF on input line 6450.
Package hyperref Info: Link coloring with OCG OFF on input line 6455.
Package hyperref Info: PDF/A mode OFF on input line 6460.
LaTeX Info: Redefining \ref on input line 6500.
LaTeX Info: Redefining \pageref on input line 6504.

("C:\Users\black\AppData\Local\Programs\MiKTeX 2.9\tex/generic/atbegshi\atbegsh
i.sty"
Package: atbegshi 2019/12/05 v1.19 At begin shipout hook (HO)
)
\Hy@abspage=\count297
\c@Item=\count298
\c@Hfootnote=\count299
)
("C:\Users\black\AppData\Local\Programs\MiKTeX 2.9\tex/latex/memoir\memhfixc.st
y"
Package: memhfixc 2019/10/24 v1.18 nameref/hyperref package fixes for memoir cl
ass
\c@memhycontfloat=\count300
\c@Hpagenote=\count301
)
Package hyperref Info: Driver (autodetected): hpdftex.

("C:\Users\black\AppData\Local\Programs\MiKTeX 2.9\tex/latex/hyperref\hpdftex.d
ef"
File: hpdftex.def 2020/01/14 v7.00d Hyperref driver for pdfTeX

("C:\Users\black\AppData\Local\Programs\MiKTeX 2.9\tex/latex/atveryend\atveryen
d.sty"
Package: atveryend 2019-12-11 v1.11 Hooks at the very end of document (HO)
Package atveryend Info: \enddocument detected (standard20110627).
)
\Fld@listcount=\count302
\c@bookmark@seq@number=\count303

("C:\Users\black\AppData\Local\Programs\MiKTeX 2.9\tex/latex/rerunfilecheck\rer
unfilecheck.sty"
Package: rerunfilecheck 2019/12/05 v1.9 Rerun checks for auxiliary files (HO)

("C:\Users\black\AppData\Local\Programs\MiKTeX 2.9\tex/generic/uniquecounter\un
iquecounter.sty"
Package: uniquecounter 2019/12/15 v1.4 Provide unlimited unique counter (HO)
)
Package uniquecounter Info: New unique counter `rerunfilecheck' on input line 2
86.
)
\Hy@SectionHShift=\skip191
)
("C:\Users\black\AppData\Local\Programs\MiKTeX 2.9\tex/latex/bookmark\bookmark.
sty"
Package: bookmark 2019/12/03 v1.28 PDF bookmarks (HO)

("C:\Users\black\AppData\Local\Programs\MiKTeX 2.9\tex/latex/bookmark\bkm-pdfte
x.def"
File: bkm-pdftex.def 2019/12/03 v1.28 bookmark driver for pdfTeX (HO)
\BKM@id=\count304
))
("C:\Users\black\AppData\Local\Programs\MiKTeX 2.9\tex/generic/babel\babel.sty"
Package: babel 2020/03/22 3.42 The Babel package
("C:\Users\black\AppData\Local\Programs\MiKTeX 2.9\tex/generic/babel\switch.def
"
File: switch.def 2020/03/22 3.42 Babel switching mechanism
)
*************************************
* Local config file bblopts.cfg used
*
("C:\Users\black\AppData\Local\Programs\MiKTeX 2.9\tex/latex/arabi\bblopts.cfg"
File: bblopts.cfg 2005/09/08 v0.1 add Arabic and Farsi to "declared" options of
 babel
)
("C:\Users\black\AppData\Local\Programs\MiKTeX 2.9\tex/latex/babel-english\engl
ish.ldf"
Language: english 2017/06/06 v3.3r English support from the babel system

("C:\Users\black\AppData\Local\Programs\MiKTeX 2.9\tex/generic/babel\babel.def"
File: babel.def 2020/03/22 3.42 Babel common definitions
\babel@savecnt=\count305
\U@D=\dimen183

("C:\Users\black\AppData\Local\Programs\MiKTeX 2.9\tex/generic/babel\txtbabel.d
ef")
\bbl@readstream=\read3
\bbl@dirlevel=\count306
)
Package babel Info: \l@canadian = using hyphenrules for english
(babel)             (\language0) on input line 102.
Package babel Info: \l@australian = using hyphenrules for ukenglish
(babel)             (\language77) on input line 105.
Package babel Info: \l@newzealand = using hyphenrules for ukenglish
(babel)             (\language77) on input line 108.
)
("C:\Users\black\AppData\Local\Programs\MiKTeX 2.9\tex/latex/babel-portuges\por
tuges.ldf"
Language: portuges 2008/03/18 v1.2q Portuguese support from the babel system
Package babel Info: \l@brazil = using hyphenrules for portuguese
(babel)             (\language60) on input line 113.
Package babel Info: Making " an active character on input line 145.
))
("C:\Users\black\AppData\Local\Programs\MiKTeX 2.9\tex/latex/enumitem\enumitem.
sty"
Package: enumitem 2019/06/20 v3.9 Customized lists
\labelindent=\skip192
\enit@outerparindent=\dimen184
\enit@toks=\toks24
\enit@inbox=\box50
\enit@count@id=\count307
\enitdp@description=\count308
)
("C:\Users\black\AppData\Local\Programs\MiKTeX 2.9\tex/latex/tools\calc.sty"
Package: calc 2017/05/25 v4.3 Infix arithmetic (KKT,FJ)
\calc@Acount=\count309
\calc@Bcount=\count310
\calc@Adimen=\dimen185
\calc@Bdimen=\dimen186
\calc@Askip=\skip193
\calc@Bskip=\skip194
LaTeX Info: Redefining \setlength on input line 80.
LaTeX Info: Redefining \addtolength on input line 81.
\calc@Ccount=\count311
\calc@Cskip=\skip195
)

******************************************************
Stock height and width: 845.04684pt by 597.50787pt
Top and edge trims: 0pt and 0pt
Page height and width: 845.04684pt by 597.50787pt
Text height and width: 708pt by 455pt
Spine and edge margins: 85.35826pt and 56.9055pt
Upper and lower margins: 85.35826pt and 51.68858pt
Headheight and headsep: 14.5pt and 19.8738pt
Footskip: 30pt
Columnsep and columnseprule: 10pt and 0pt
Marginparsep and marginparwidth: 7pt and 42.9055pt
Sidecapsep and sidecapwidth: 7pt and 42pt
Sidebarhsep and sidebarwidth: 7pt and 42pt
Sidebarvsep and sidebartopsep: 14.5pt and 0pt
Sidebarheight: 590.14995pt
Sidefoothsep and sidefootwidth: 7pt and 42pt
Sidefootvsep and sidefootheight: 14.5pt and 590.14995pt
******************************************************

\c@abntex@bookmarkcounter=\count312
\chapternamenumlength=\skip196
\ABNTEXcitacaorecuo=\skip197
\c@alineasi=\count313
\c@alineasii=\count314
\enitdp@alineas=\count315
\c@subalineasi=\count316
\enitdp@subalineas=\count317
\c@incisosi=\count318
\enitdp@incisos=\count319
\ABNTEXsignwidth=\skip198
\ABNTEXsignthickness=\skip256
\ABNTEXsignskip=\skip257
) (Data/udescsty.sty
("C:\Users\black\AppData\Local\Programs\MiKTeX 2.9\tex/latex/cmap\cmap.sty"
Package: cmap 2008/03/06 v1.0h CMap support: searchable PDF
)
("C:\Users\black\AppData\Local\Programs\MiKTeX 2.9\tex/latex/lm\lmodern.sty"
Package: lmodern 2009/10/30 v1.6 Latin Modern Fonts
LaTeX Font Info:    Overwriting symbol font `operators' in version `normal'
(Font)                  OT1/cmr/m/n --> OT1/lmr/m/n on input line 22.
LaTeX Font Info:    Overwriting symbol font `letters' in version `normal'
(Font)                  OML/cmm/m/it --> OML/lmm/m/it on input line 23.
LaTeX Font Info:    Overwriting symbol font `symbols' in version `normal'
(Font)                  OMS/cmsy/m/n --> OMS/lmsy/m/n on input line 24.
LaTeX Font Info:    Overwriting symbol font `largesymbols' in version `normal'
(Font)                  OMX/cmex/m/n --> OMX/lmex/m/n on input line 25.
LaTeX Font Info:    Overwriting symbol font `operators' in version `bold'
(Font)                  OT1/cmr/bx/n --> OT1/lmr/bx/n on input line 26.
LaTeX Font Info:    Overwriting symbol font `letters' in version `bold'
(Font)                  OML/cmm/b/it --> OML/lmm/b/it on input line 27.
LaTeX Font Info:    Overwriting symbol font `symbols' in version `bold'
(Font)                  OMS/cmsy/b/n --> OMS/lmsy/b/n on input line 28.
LaTeX Font Info:    Overwriting symbol font `largesymbols' in version `bold'
(Font)                  OMX/cmex/m/n --> OMX/lmex/m/n on input line 29.
LaTeX Font Info:    Overwriting math alphabet `\mathbf' in version `normal'
(Font)                  OT1/cmr/bx/n --> OT1/lmr/bx/n on input line 31.
LaTeX Font Info:    Overwriting math alphabet `\mathsf' in version `normal'
(Font)                  OT1/cmss/m/n --> OT1/lmss/m/n on input line 32.
LaTeX Font Info:    Overwriting math alphabet `\mathit' in version `normal'
(Font)                  OT1/cmr/m/it --> OT1/lmr/m/it on input line 33.
LaTeX Font Info:    Overwriting math alphabet `\mathtt' in version `normal'
(Font)                  OT1/cmtt/m/n --> OT1/lmtt/m/n on input line 34.
LaTeX Font Info:    Overwriting math alphabet `\mathbf' in version `bold'
(Font)                  OT1/cmr/bx/n --> OT1/lmr/bx/n on input line 35.
LaTeX Font Info:    Overwriting math alphabet `\mathsf' in version `bold'
(Font)                  OT1/cmss/bx/n --> OT1/lmss/bx/n on input line 36.
LaTeX Font Info:    Overwriting math alphabet `\mathit' in version `bold'
(Font)                  OT1/cmr/bx/it --> OT1/lmr/bx/it on input line 37.
LaTeX Font Info:    Overwriting math alphabet `\mathtt' in version `bold'
(Font)                  OT1/cmtt/m/n --> OT1/lmtt/m/n on input line 38.
)
("C:\Users\black\AppData\Local\Programs\MiKTeX 2.9\tex/latex/base\fontenc.sty"
Package: fontenc 2020/02/11 v2.0o Standard LaTeX package
LaTeX Font Info:    Trying to load font information for T1+lmr on input line 11
2.

("C:\Users\black\AppData\Local\Programs\MiKTeX 2.9\tex/latex/lm\t1lmr.fd"
File: t1lmr.fd 2009/10/30 v1.6 Font defs for Latin Modern
)<<t1.cmap>>)
("C:\Users\black\AppData\Local\Programs\MiKTeX 2.9\tex/latex/base\inputenc.sty"
Package: inputenc 2018/08/11 v1.3c Input encoding file
\inpenc@prehook=\toks25
\inpenc@posthook=\toks26
)
("C:\Users\black\AppData\Local\Programs\MiKTeX 2.9\tex/latex/lastpage\lastpage.
sty"
Package: lastpage 2015/03/29 v1.2m Refers to last page's name (HMM; JPG)
)
("C:\Users\black\AppData\Local\Programs\MiKTeX 2.9\tex/latex/tools\indentfirst.
sty"
Package: indentfirst 1995/11/23 v1.03 Indent first paragraph (DPC)
)
("C:\Users\black\AppData\Local\Programs\MiKTeX 2.9\tex/latex/graphics\color.sty
"
Package: color 2019/11/23 v1.2a Standard LaTeX Color (DPC)

("C:\Users\black\AppData\Local\Programs\MiKTeX 2.9\tex/latex/graphics-cfg\color
.cfg"
File: color.cfg 2016/01/02 v1.6 sample color configuration
)
Package color Info: Driver file: pdftex.def on input line 147.

("C:\Users\black\AppData\Local\Programs\MiKTeX 2.9\tex/latex/graphics-def\pdfte
x.def"
File: pdftex.def 2018/01/08 v1.0l Graphics/color driver for pdftex
))
("C:\Users\black\AppData\Local\Programs\MiKTeX 2.9\tex/latex/graphics\graphicx.
sty"
Package: graphicx 2019/11/30 v1.2a Enhanced LaTeX Graphics (DPC,SPQR)

("C:\Users\black\AppData\Local\Programs\MiKTeX 2.9\tex/latex/graphics\graphics.
sty"
Package: graphics 2019/11/30 v1.4a Standard LaTeX Graphics (DPC,SPQR)

("C:\Users\black\AppData\Local\Programs\MiKTeX 2.9\tex/latex/graphics\trig.sty"
Package: trig 2016/01/03 v1.10 sin cos tan (DPC)
)
("C:\Users\black\AppData\Local\Programs\MiKTeX 2.9\tex/latex/graphics-cfg\graph
ics.cfg"
File: graphics.cfg 2016/06/04 v1.11 sample graphics configuration
)
Package graphics Info: Driver file: pdftex.def on input line 105.
)
\Gin@req@height=\dimen187
\Gin@req@width=\dimen188
)

Class memoir Warning: For the caption package to function properly with memoir,
 we will now reset\caption and friends to kernel defaults and then let the capt
ion package take over. Remember: all caption configuration now goves via the ca
ption package interface, not the interface from the memoir class. .


("C:\Users\black\AppData\Local\Programs\MiKTeX 2.9\tex/latex/caption\caption.st
y"
Package: caption 2020/01/03 v3.4h Customizing captions (AR)

("C:\Users\black\AppData\Local\Programs\MiKTeX 2.9\tex/latex/caption\caption3.s
ty"
Package: caption3 2020/01/03 v1.8h caption3 kernel (AR)
Package caption3 Info: TeX engine: e-TeX on input line 61.
\captionmargin=\dimen189
\captionmargin@=\dimen190
\captionwidth=\dimen191
\caption@tempdima=\dimen192
\caption@indent=\dimen193
\caption@parindent=\dimen194
\caption@hangindent=\dimen195
Package caption Info: memoir document class detected.
)
\c@caption@flags=\count320
\c@continuedfloat=\count321
Package caption Info: hyperref package is loaded.
)
("C:\Users\black\AppData\Local\Programs\MiKTeX 2.9\tex/latex/tools\longtable.st
y"
Package: longtable 2020/01/07 v4.13 Multi-page Table package (DPC)
\LTleft=\skip258
\LTright=\skip259
\LTpre=\skip260
\LTpost=\skip261
\LTchunksize=\count322
\LTcapwidth=\dimen196
\LT@head=\box51
\LT@firsthead=\box52
\LT@foot=\box53
\LT@lastfoot=\box54
\LT@cols=\count323
\LT@rows=\count324
\c@LT@tables=\count325
\c@LT@chunks=\count326
\LT@p@ftn=\toks27
)
("C:\Users\black\AppData\Local\Programs\MiKTeX 2.9\tex/latex/amsmath\amsmath.st
y"
Package: amsmath 2020/01/20 v2.17e AMS math features
\@mathmargin=\skip262

For additional information on amsmath, use the `?' option.

("C:\Users\black\AppData\Local\Programs\MiKTeX 2.9\tex/latex/amsmath\amstext.st
y"
Package: amstext 2000/06/29 v2.01 AMS text

("C:\Users\black\AppData\Local\Programs\MiKTeX 2.9\tex/latex/amsmath\amsgen.sty
"
File: amsgen.sty 1999/11/30 v2.0 generic functions
\@emptytoks=\toks28
\ex@=\dimen197
))
("C:\Users\black\AppData\Local\Programs\MiKTeX 2.9\tex/latex/amsmath\amsbsy.sty
"
Package: amsbsy 1999/11/29 v1.2d Bold Symbols
\pmbraise@=\dimen198
)
("C:\Users\black\AppData\Local\Programs\MiKTeX 2.9\tex/latex/amsmath\amsopn.sty
"
Package: amsopn 2016/03/08 v2.02 operator names
)
\inf@bad=\count327
LaTeX Info: Redefining \frac on input line 227.
\uproot@=\count328
\leftroot@=\count329
LaTeX Info: Redefining \overline on input line 389.
\classnum@=\count330
\DOTSCASE@=\count331
LaTeX Info: Redefining \ldots on input line 486.
LaTeX Info: Redefining \dots on input line 489.
LaTeX Info: Redefining \cdots on input line 610.
\Mathstrutbox@=\box55
\strutbox@=\box56
\big@size=\dimen256
LaTeX Font Info:    Redeclaring font encoding OML on input line 733.
LaTeX Font Info:    Redeclaring font encoding OMS on input line 734.
\macc@depth=\count332
\c@MaxMatrixCols=\count333
\dotsspace@=\muskip17
\c@parentequation=\count334
\dspbrk@lvl=\count335
\tag@help=\toks29
\row@=\count336
\column@=\count337
\maxfields@=\count338
\andhelp@=\toks30
\eqnshift@=\dimen257
\alignsep@=\dimen258
\tagshift@=\dimen259
\tagwidth@=\dimen260
\totwidth@=\dimen261
\lineht@=\dimen262
\@envbody=\toks31
\multlinegap=\skip263
\multlinetaggap=\skip264
\mathdisplay@stack=\toks32
LaTeX Info: Redefining \[ on input line 2859.
LaTeX Info: Redefining \] on input line 2860.
)
("C:\Users\black\AppData\Local\Programs\MiKTeX 2.9\tex/latex/amsfonts\amssymb.s
ty"
Package: amssymb 2013/01/14 v3.01 AMS font symbols

("C:\Users\black\AppData\Local\Programs\MiKTeX 2.9\tex/latex/amsfonts\amsfonts.
sty"
Package: amsfonts 2013/01/14 v3.01 Basic AMSFonts support
\symAMSa=\mathgroup4
\symAMSb=\mathgroup5
LaTeX Font Info:    Redeclaring math symbol \hbar on input line 98.
LaTeX Font Info:    Overwriting math alphabet `\mathfrak' in version `bold'
(Font)                  U/euf/m/n --> U/euf/b/n on input line 106.
))
("C:\Users\black\AppData\Local\Programs\MiKTeX 2.9\tex/latex/geometry\geometry.
sty"
Package: geometry 2020/01/02 v5.9 Page Geometry

("C:\Users\black\AppData\Local\Programs\MiKTeX 2.9\tex/generic/iftex\ifvtex.sty
"
Package: ifvtex 2019/10/25 v1.7 ifvtex legacy package. Use iftex instead.
)
\Gm@cnth=\count339
\Gm@cntv=\count340
\c@Gm@tempcnt=\count341
\Gm@bindingoffset=\dimen263
\Gm@wd@mp=\dimen264
\Gm@odd@mp=\dimen265
\Gm@even@mp=\dimen266
\Gm@layoutwidth=\dimen267
\Gm@layoutheight=\dimen268
\Gm@layouthoffset=\dimen269
\Gm@layoutvoffset=\dimen270
\Gm@dimlist=\toks33

("C:\Users\black\AppData\Local\Programs\MiKTeX 2.9\tex/latex/geometry\geometry.
cfg"))
("C:\Users\black\AppData\Local\Programs\MiKTeX 2.9\tex/latex/psnfss\helvet.sty"
Package: helvet 2020/03/25 PSNFSS-v9.3 (WaS) 
)
("C:\Users\black\AppData\Local\Programs\MiKTeX 2.9\tex/latex/listings\listings.
sty"
\lst@mode=\count342
\lst@gtempboxa=\box57
\lst@token=\toks34
\lst@length=\count343
\lst@currlwidth=\dimen271
\lst@column=\count344
\lst@pos=\count345
\lst@lostspace=\dimen272
\lst@width=\dimen273
\lst@newlines=\count346
\lst@lineno=\count347
\lst@maxwidth=\dimen274

("C:\Users\black\AppData\Local\Programs\MiKTeX 2.9\tex/latex/listings\lstmisc.s
ty"
File: lstmisc.sty 2020/03/24 1.8d (Carsten Heinz)
\c@lstnumber=\count348
\lst@skipnumbers=\count349
\lst@framebox=\box58
)
("C:\Users\black\AppData\Local\Programs\MiKTeX 2.9\tex/latex/listings\listings.
cfg"
File: listings.cfg 2020/03/24 1.8d listings configuration
))
Package: listings 2020/03/24 1.8d (Carsten Heinz)

("C:\Users\black\AppData\Local\Programs\MiKTeX 2.9\tex/latex/epstopdf-pkg\epsto
pdf.sty"
Package: epstopdf 2020-01-24 v2.11 Conversion with epstopdf on the fly (HO)

("C:\Users\black\AppData\Local\Programs\MiKTeX 2.9\tex/latex/grfext\grfext.sty"
Package: grfext 2019/12/03 v1.3 Manage graphics extensions (HO)
)
("C:\Users\black\AppData\Local\Programs\MiKTeX 2.9\tex/latex/epstopdf-pkg\epsto
pdf-base.sty"
Package: epstopdf-base 2020-01-24 v2.11 Base part for package epstopdf
Package epstopdf-base Info: Redefining graphics rule for `.eps' on input line 4
85.
Package grfext Info: Graphics extension search list:
(grfext)             [.pdf,.png,.jpg,.mps,.jpeg,.jbig2,.jb2,.PDF,.PNG,.JPG,.JPE
G,.JBIG2,.JB2,.eps]
(grfext)             \AppendGraphicsExtensions on input line 504.
)) (Data/subfigure.sty

LaTeX Warning: You have requested package `./Data/subfigure',
               but the package provides `subfigure'.

Package: subfigure 2002/07/30 v2.1.4 subfigure package
\subfigtopskip=\skip265
\subfigcapskip=\skip266
\subfigcaptopadj=\dimen275
\subfigbottomskip=\skip267
\subfigcapmargin=\dimen276
\subfiglabelskip=\skip268
\c@subfigure=\count350
\c@subtable=\count351
****************************************
* Local config file subfigure.cfg used *
****************************************

("C:\Users\black\AppData\Local\Programs\MiKTeX 2.9\tex/latex/subfigure\subfigur
e.cfg")
\subfig@top=\skip269
\subfig@bottom=\skip270
)
("C:\Users\black\AppData\Local\Programs\MiKTeX 2.9\tex/latex/listings\lstlang1.
sty"
File: lstlang1.sty 2020/03/24 1.8d listings language file
)
("C:\Users\black\AppData\Local\Programs\MiKTeX 2.9\tex/latex/listings\lstmisc.s
ty"
File: lstmisc.sty 2020/03/24 1.8d (Carsten Heinz)
)
("C:\Users\black\AppData\Local\Programs\MiKTeX 2.9\tex/latex/lipsum\lipsum.sty"
("C:\Users\black\AppData\Local\Programs\MiKTeX 2.9\tex/latex/l3kernel\expl3.sty
"
Package: expl3 2020-04-06 L3 programming layer (loader) 

("C:\Users\black\AppData\Local\Programs\MiKTeX 2.9\tex/latex/l3backend\l3backen
d-pdfmode.def"
File: l3backend-pdfmode.def 2020-03-12 L3 backend support: PDF mode
\l__kernel_color_stack_int=\count352
\l__pdf_internal_box=\box59
))
("C:\Users\black\AppData\Local\Programs\MiKTeX 2.9\tex/latex/l3packages/xparse\
xparse.sty"
Package: xparse 2020-03-06 L3 Experimental document command parser
\l__xparse_current_arg_int=\count353
\g__xparse_grabber_int=\count354
\l__xparse_m_args_int=\count355
\l__xparse_v_nesting_int=\count356
)
Package: lipsum 2019/01/02 v2.2 150 paragraphs of Lorem Ipsum dummy text

("C:\Users\black\AppData\Local\Programs\MiKTeX 2.9\tex/latex/lipsum\lipsum.ltd.
tex"
File: lipsum.ltd.tex 2019/01/02 v2.2 The Lorem ipsum dummy text
))
("C:\Users\black\AppData\Local\Programs\MiKTeX 2.9\tex/latex/abntex2\abntex2cit
e.sty"
Package: abntex2cite 2018/11/24 v-1.9.7 abnTeX2

("C:\Users\black\AppData\Local\Programs\MiKTeX 2.9\tex/latex/abntex2\abntex2abr
ev.sty")
\minimumbiblabelwidth=\skip271
\ABCIauxlen=\skip272
\c@ABCIaux=\count357
\c@ABCImax=\count358

("C:\Users\black\AppData\Local\Programs\MiKTeX 2.9\tex/generic/iftex\ifpdf.sty"
Package: ifpdf 2019/10/25 v3.4 ifpdf legacy package. Use iftex instead.
)
("C:\Users\black\AppData\Local\Programs\MiKTeX 2.9\tex/generic/iftex\ifxetex.st
y"
Package: ifxetex 2019/10/25 v0.7 ifxetex legacy package. Use iftex instead.
)
("C:\Users\black\AppData\Local\Programs\MiKTeX 2.9\tex/latex/relsize\relsize.st
y"
Package: relsize 2013/03/29 ver 4.1
)
\biblabelsep=\skip273
LaTeX Info: Redefining \newblock on input line 591.
LaTeX Info: Redefining \cite on input line 618.
\ABCItoken=\toks35
)
Package color Info: Redefining color blue on input line 83.
Package hyperref Info: Option `colorlinks' set `true' on input line 100.
)
("C:\Users\black\AppData\Local\Programs\MiKTeX 2.9\tex/latex/float\float.sty"
Package: float 2001/11/08 v1.3d Float enhancements (AL)
\c@float@type=\count359
\float@exts=\toks36
\float@box=\box60
\@float@everytoks=\toks37
\@floatcapt=\box61
)
("C:\Users\black\AppData\Local\Programs\MiKTeX 2.9\tex/latex/xcolor\xcolor.sty"
Package: xcolor 2016/05/11 v2.12 LaTeX color extensions (UK)

("C:\Users\black\AppData\Local\Programs\MiKTeX 2.9\tex/latex/graphics-cfg\color
.cfg"
File: color.cfg 2016/01/02 v1.6 sample color configuration
)
Package xcolor Info: Driver file: pdftex.def on input line 225.

("C:\Users\black\AppData\Local\Programs\MiKTeX 2.9\tex/latex/colortbl\colortbl.
sty"
Package: colortbl 2020/01/04 v1.0e Color table columns (DPC)
\everycr=\toks38
\minrowclearance=\skip274
)
LaTeX Info: Redefining \color on input line 709.
\rownum=\count360
Package xcolor Info: Model `cmy' substituted by `cmy0' on input line 1348.
Package xcolor Info: Model `hsb' substituted by `rgb' on input line 1352.
Package xcolor Info: Model `RGB' extended on input line 1364.
Package xcolor Info: Model `HTML' substituted by `rgb' on input line 1366.
Package xcolor Info: Model `Hsb' substituted by `hsb' on input line 1367.
Package xcolor Info: Model `tHsb' substituted by `hsb' on input line 1368.
Package xcolor Info: Model `HSB' substituted by `hsb' on input line 1369.
Package xcolor Info: Model `Gray' substituted by `gray' on input line 1370.
Package xcolor Info: Model `wave' substituted by `hsb' on input line 1371.
)
("C:\Users\black\AppData\Local\Programs\MiKTeX 2.9\tex/latex/graphics\lscape.st
y"
Package: lscape 2000/10/22 v3.01 Landscape Pages (DPC)
) ("Smart Solution _v1_2020.aux" (pretextual.aux) (cap1.aux) (cap2.aux)
(cap3.aux) (cap4.aux) (cap5.aux) (cap6.aux) (cap7.aux) (cap8.aux

LaTeX Warning: Label `Login_WEB_1' multiply defined.


LaTeX Warning: Label `Cadastros_Sistema_1' multiply defined.


LaTeX Warning: Label `step_1' multiply defined.


LaTeX Warning: Label `step_2' multiply defined.


LaTeX Warning: Label `step_3' multiply defined.


LaTeX Warning: Label `Cadastro_Equipamento_Sistema' multiply defined.


LaTeX Warning: Label `Cadastro_Componentes' multiply defined.


LaTeX Warning: Label `Cadastro_Epi_Sistema' multiply defined.


LaTeX Warning: Label `Cadastro_Causa_Defeito' multiply defined.


LaTeX Warning: Label `Cadastro_Sintomas' multiply defined.


LaTeX Warning: Label `Cadastro_Localiza√ßao' multiply defined.


LaTeX Warning: Label `Cadastro_Centro_Trabalho' multiply defined.


LaTeX Warning: Label `Cadastro_Tipo_Ordem' multiply defined.


LaTeX Warning: Label `listagem_e_cadastro_de_usuario' multiply defined.


LaTeX Warning: Label `Consulta_ordem' multiply defined.

) (cap9.aux))
\openout1 = `"Smart Solution _v1_2020.aux"'.

LaTeX Font Info:    Checking defaults for OML/cmm/m/it on input line 57.
LaTeX Font Info:    ... okay on input line 57.
LaTeX Font Info:    Checking defaults for OMS/cmsy/m/n on input line 57.
LaTeX Font Info:    ... okay on input line 57.
LaTeX Font Info:    Checking defaults for OT1/cmr/m/n on input line 57.
LaTeX Font Info:    ... okay on input line 57.
LaTeX Font Info:    Checking defaults for T1/cmr/m/n on input line 57.
LaTeX Font Info:    ... okay on input line 57.
LaTeX Font Info:    Checking defaults for TS1/cmr/m/n on input line 57.
LaTeX Font Info:    ... okay on input line 57.
LaTeX Font Info:    Checking defaults for OMX/cmex/m/n on input line 57.
LaTeX Font Info:    ... okay on input line 57.
LaTeX Font Info:    Checking defaults for U/cmr/m/n on input line 57.
LaTeX Font Info:    ... okay on input line 57.
LaTeX Font Info:    Checking defaults for PD1/pdf/m/n on input line 57.
LaTeX Font Info:    ... okay on input line 57.
LaTeX Font Info:    Trying to load font information for T1+phv on input line 57
.

("C:\Users\black\AppData\Local\Programs\MiKTeX 2.9\tex/latex/psnfss\t1phv.fd"
File: t1phv.fd 2020/03/25 scalable font definitions for T1/phv.
)
LaTeX Font Info:    Font shape `T1/phv/m/n' will be
(Font)              scaled to size 11.39996pt on input line 57.
\AtBeginShipoutBox=\box62
Package hyperref Info: Link coloring ON on input line 57.

("C:\Users\black\AppData\Local\Programs\MiKTeX 2.9\tex/latex/hyperref\nameref.s
ty"
Package: nameref 2019/09/16 v2.46 Cross-referencing by name of section

("C:\Users\black\AppData\Local\Programs\MiKTeX 2.9\tex/latex/refcount\refcount.
sty"
Package: refcount 2019/12/15 v3.6 Data extraction from label references (HO)
)
("C:\Users\black\AppData\Local\Programs\MiKTeX 2.9\tex/generic/gettitlestring\g
ettitlestring.sty"
Package: gettitlestring 2019/12/15 v1.6 Cleanup title references (HO)
)
\c@section@level=\count361
)
Redoing nameref's sectioning
Redoing nameref's label
LaTeX Info: Redefining \nameref on input line 57.
LaTeX Info: Redefining \ref on input line 57.
LaTeX Info: Redefining \pageref on input line 57.
LaTeX Info: Redefining \nameref on input line 57.
Package lastpage Info: Please have a look at the pageslts package at
(lastpage)             https://www.ctan.org/pkg/pageslts
(lastpage)             ! on input line 57.

("C:\Users\black\AppData\Local\Programs\MiKTeX 2.9\tex/context/base/mkii\supp-p
df.mkii"
[Loading MPS to PDF converter (version 2006.09.02).]
\scratchcounter=\count362
\scratchdimen=\dimen277
\scratchbox=\box63
\nofMPsegments=\count363
\nofMParguments=\count364
\everyMPshowfont=\toks39
\MPscratchCnt=\count365
\MPscratchDim=\dimen278
\MPnumerator=\count366
\makeMPintoPDFobject=\count367
\everyMPtoPDFconversion=\toks40
)
Package caption Info: Begin \AtBeginDocument code.
Package caption Info: float package is loaded.
Package caption Info: listings package is loaded.
Package caption Info: longtable package is loaded.

("C:\Users\black\AppData\Local\Programs\MiKTeX 2.9\tex/latex/caption\ltcaption.
sty"
Package: ltcaption 2018/08/26 v1.4a longtable captions (AR)
)
Package caption Info: End \AtBeginDocument code.

*geometry* driver: auto-detecting
*geometry* detected driver: pdftex
*geometry* verbose mode - [ preamble ] result:
* driver: pdftex
* paper: a4paper
* layout: <same size as paper>
* layoutoffset:(h,v)=(0.0pt,0.0pt)
* modes: 
* h-part:(L,W,R)=(71.13188pt, 483.69687pt, 42.67912pt)
* v-part:(T,H,B)=(56.9055pt, 745.46222pt, 42.67912pt)
* \paperwidth=597.50787pt
* \paperheight=845.04684pt
* \textwidth=483.69687pt
* \textheight=745.46222pt
* \oddsidemargin=-1.1381pt
* \evensidemargin=-1.1381pt
* \topmargin=-55.15512pt
* \headheight=19.91684pt
* \headsep=19.8738pt
* \topskip=12.0pt
* \footskip=19.91684pt
* \marginparwidth=42.9055pt
* \marginparsep=7.0pt
* \columnsep=10.0pt
* \skip\footins=12.0pt plus 4.0pt minus 4.0pt
* \hoffset=0.0pt
* \voffset=0.0pt
* \mag=1000
* \@twocolumnfalse
* \@twosidefalse
* \@mparswitchfalse
* \@reversemarginfalse
* (1in=72.27pt=25.4mm, 1cm=28.453pt)

\c@lstlisting=\count368
\openout2 = `pretextual.aux'.

(pretextual.tex
LaTeX Font Info:    Trying to load font information for OT1+lmr on input line 9
.

("C:\Users\black\AppData\Local\Programs\MiKTeX 2.9\tex/latex/lm\ot1lmr.fd"
File: ot1lmr.fd 2009/10/30 v1.6 Font defs for Latin Modern
)<<ot1.cmap>>
LaTeX Font Info:    Trying to load font information for OML+lmm on input line 9
.

("C:\Users\black\AppData\Local\Programs\MiKTeX 2.9\tex/latex/lm\omllmm.fd"
File: omllmm.fd 2009/10/30 v1.6 Font defs for Latin Modern
)<<oml.cmap>>
LaTeX Font Info:    Trying to load font information for OMS+lmsy on input line 
9.

("C:\Users\black\AppData\Local\Programs\MiKTeX 2.9\tex/latex/lm\omslmsy.fd"
File: omslmsy.fd 2009/10/30 v1.6 Font defs for Latin Modern
)<<oms.cmap>>
LaTeX Font Info:    Trying to load font information for OMX+lmex on input line 
9.

("C:\Users\black\AppData\Local\Programs\MiKTeX 2.9\tex/latex/lm\omxlmex.fd"
File: omxlmex.fd 2009/10/30 v1.6 Font defs for Latin Modern
)
LaTeX Font Info:    External font `lmex10' loaded for size
(Font)              <12> on input line 9.
<<omx.cmap>>
LaTeX Font Info:    External font `lmex10' loaded for size
(Font)              <8> on input line 9.
LaTeX Font Info:    External font `lmex10' loaded for size
(Font)              <6> on input line 9.
LaTeX Font Info:    Trying to load font information for U+msa on input line 9.

("C:\Users\black\AppData\Local\Programs\MiKTeX 2.9\tex/latex/amsfonts\umsa.fd"
File: umsa.fd 2013/01/14 v3.01 AMS symbols A
)
LaTeX Font Info:    Trying to load font information for U+msb on input line 9.
("C:\Users\black\AppData\Local\Programs\MiKTeX 2.9\tex/latex/amsfonts\umsb.fd"
File: umsb.fd 2013/01/14 v3.01 AMS symbols B
)
LaTeX Font Info:    Font shape `T1/phv/b/n' will be
(Font)              scaled to size 11.39996pt on input line 9.
LaTeX Font Info:    Font shape `T1/phv/b/n' will be
(Font)              scaled to size 13.67995pt on input line 9.
[1


{C:/Users/black/AppData/Local/MiKTeX/2.9/pdftex/config/pdftex.map}]
LaTeX Font Info:    Font shape `T1/phv/b/n' will be
(Font)              scaled to size 16.41594pt on input line 185.
LaTeX Font Info:    Font shape `T1/phv/m/n' will be
(Font)              scaled to size 10.40245pt on input line 185.
pdfTeX warning (ext4): destination with the same identifier (name{page.1}) has 
been already used, duplicate ignored
<to be read again> 
                   \relax 
l.191 \end{resumo}
                   [1


] [2

] ("Smart Solution _v1_2020.lof"
LaTeX Font Info:    Font shape `T1/phv/m/it' in size <12> not available
(Font)              Font shape `T1/phv/m/sl' tried instead on input line 5.
LaTeX Font Info:    Font shape `T1/phv/m/sl' will be
(Font)              scaled to size 11.39996pt on input line 5.

Overfull \hbox (5.5788pt too wide) detected at line 75
\T1/phv/m/n/12 Figura 8.10  -- 
 []


Overfull \hbox (5.5788pt too wide) detected at line 76
\T1/phv/m/n/12 Figura 8.11  -- 
 []


Overfull \hbox (5.5788pt too wide) detected at line 77
\T1/phv/m/n/12 Figura 8.12  -- 
 []


Overfull \hbox (5.5788pt too wide) detected at line 78
\T1/phv/m/n/12 Figura 8.13  -- 
 []


Overfull \hbox (5.5788pt too wide) detected at line 79
\T1/phv/m/n/12 Figura 8.14  -- 
 []


Overfull \hbox (5.5788pt too wide) detected at line 80
\T1/phv/m/n/12 Figura 8.15  -- 
 []

) [3

]) ("Smart Solution _v1_2020.toc" [4



]
Overfull \hbox (1.34494pt too wide) detected at line 43
 \T1/phv/b/n/12 100
 []


Overfull \hbox (1.34494pt too wide) detected at line 44
 \T1/phv/b/n/12 101
 []

) [5]
\openout2 = `cap1.aux'.

 (cap1.tex
LaTeX Font Info:    Font shape `T1/phv/m/n' will be
(Font)              scaled to size 7.59998pt on input line 10.
LaTeX Font Info:    Font shape `T1/phv/m/n' will be
(Font)              scaled to size 9.49997pt on input line 10.
LaTeX Font Info:    External font `lmex10' loaded for size
(Font)              <10> on input line 10.
LaTeX Font Info:    External font `lmex10' loaded for size
(Font)              <7> on input line 10.
LaTeX Font Info:    External font `lmex10' loaded for size
(Font)              <5> on input line 10.
LaTeX Font Info:    Font shape `T1/phv/m/n' will be
(Font)              scaled to size 6.64998pt on input line 10.
LaTeX Font Info:    Font shape `T1/phv/m/n' will be
(Font)              scaled to size 13.67995pt on input line 17.
 [6



])
LaTeX Font Info:    Font shape `T1/phv/m/it' in size <10> not available
(Font)              Font shape `T1/phv/m/sl' tried instead on input line 92.
LaTeX Font Info:    Font shape `T1/phv/m/sl' will be
(Font)              scaled to size 9.49997pt on input line 92.
 [7]
\openout2 = `cap2.aux'.

 (cap2.tex [8



]
LaTeX Font Info:    Trying to load font information for TS1+phv on input line 3
3.

("C:\Users\black\AppData\Local\Programs\MiKTeX 2.9\tex/latex/psnfss\ts1phv.fd"
File: ts1phv.fd 2020/03/25 scalable font definitions for TS1/phv.
)
LaTeX Font Info:    Font shape `TS1/phv/m/n' will be
(Font)              scaled to size 11.39996pt on input line 33.
[9

]
<Figuras/fluxo_de_processos_PMBOK.png, id=225, 840.2592pt x 1019.9706pt>
File: Figuras/fluxo_de_processos_PMBOK.png Graphic file (type png)
<use Figuras/fluxo_de_processos_PMBOK.png>
Package pdftex.def Info: Figuras/fluxo_de_processos_PMBOK.png  used on input li
ne 90.
(pdftex.def)             Requested size: 520.95532pt x 632.37524pt.

Overfull \hbox (63.22745pt too wide) in paragraph at lines 90--91
 [][] 
 []

[10] [11 <./Figuras/fluxo_de_processos_PMBOK.png>]
<Figuras/EAP_Smart_Solution4.png, id=237, 1352.05125pt x 958.58125pt>
File: Figuras/EAP_Smart_Solution4.png Graphic file (type png)
<use Figuras/EAP_Smart_Solution4.png>
Package pdftex.def Info: Figuras/EAP_Smart_Solution4.png  used on input line 10
9.
(pdftex.def)             Requested size: 635.46419pt x 450.53325pt.

Overfull \hbox (37.45845pt too wide) in paragraph at lines 118--120
\T1/phv/m/n/12 mina a forma de re-a-li-za-Á„o de uma tran-sa-Á„o que en-volve u
ma de-ter-mi-nada or-ga-ni-za-Á„o.([][]ALVARENGA[][],
 []

[12 <./Figuras/EAP_Smart_Solution4.png>] [13]
<Figuras/regraSimples1.jpg, id=252, 585.68813pt x 303.38344pt>
File: Figuras/regraSimples1.jpg Graphic file (type jpg)
<use Figuras/regraSimples1.jpg>
Package pdftex.def Info: Figuras/regraSimples1.jpg  used on input line 168.
(pdftex.def)             Requested size: 480.26736pt x 248.77602pt.

Overfull \hbox (22.53949pt too wide) in paragraph at lines 168--169
 [][] 
 []

<Figuras/regraSimples2.jpg, id=253, 586.44093pt x 358.33875pt>
File: Figuras/regraSimples2.jpg Graphic file (type jpg)
<use Figuras/regraSimples2.jpg>
Package pdftex.def Info: Figuras/regraSimples2.jpg  used on input line 179.
(pdftex.def)             Requested size: 480.88466pt x 293.83968pt.

Overfull \hbox (23.15678pt too wide) in paragraph at lines 179--180
 [][] 
 []

<Figuras/regraSimples3.jpg, id=254, 585.68813pt x 298.86656pt>
File: Figuras/regraSimples3.jpg Graphic file (type jpg)
<use Figuras/regraSimples3.jpg>
Package pdftex.def Info: Figuras/regraSimples3.jpg  used on input line 190.
(pdftex.def)             Requested size: 480.26736pt x 245.07214pt.

Overfull \hbox (22.53949pt too wide) in paragraph at lines 190--191
 [][] 
 []

[14 <./Figuras/regraSimples1.jpg>] [15 <./Figuras/regraSimples2.jpg> <./Figuras
/regraSimples3.jpg>]
<Figuras/Tabelas_riscos.jpg, id=265, 529.98pt x 435.87843pt>
File: Figuras/Tabelas_riscos.jpg Graphic file (type jpg)
<use Figuras/Tabelas_riscos.jpg>
Package pdftex.def Info: Figuras/Tabelas_riscos.jpg  used on input line 214.
(pdftex.def)             Requested size: 482.28253pt x 396.65pt.

Overfull \hbox (24.55466pt too wide) in paragraph at lines 214--215
 [][] 
 []

[16 <./Figuras/Tabelas_riscos.jpg>]
<Figuras/smart_solution_espinha_de_peixe.png, id=271, 924.45375pt x 355.3275pt>

File: Figuras/smart_solution_espinha_de_peixe.png Graphic file (type png)
<use Figuras/smart_solution_espinha_de_peixe.png>
Package pdftex.def Info: Figuras/smart_solution_espinha_de_peixe.png  used on i
nput line 236.
(pdftex.def)             Requested size: 647.11322pt x 248.72754pt.
 [17]) [18 <./Figuras/smart_solution_espinha_de_peixe.png>]
\openout2 = `cap3.aux'.

 (cap3.tex
<Figuras/parte1funcional.jpg, id=284, 642.90187pt x 200.24812pt>
File: Figuras/parte1funcional.jpg Graphic file (type jpg)
<use Figuras/parte1funcional.jpg>
Package pdftex.def Info: Figuras/parte1funcional.jpg  used on input line 25.
(pdftex.def)             Requested size: 488.6007pt x 152.18709pt.

Overfull \hbox (30.87282pt too wide) in paragraph at lines 25--26
 [][] 
 []

<Figuras/parte2funcional.jpg, id=285, 643.6547pt x 385.44pt>
File: Figuras/parte2funcional.jpg Graphic file (type jpg)
<use Figuras/parte2funcional.jpg>
Package pdftex.def Info: Figuras/parte2funcional.jpg  used on input line 36.
(pdftex.def)             Requested size: 489.17284pt x 292.93156pt.

Overfull \hbox (31.44496pt too wide) in paragraph at lines 36--37
 [][] 
 []

<Figuras/parte3funcional.jpg, id=286, 644.4075pt x 168.63pt>
File: Figuras/parte3funcional.jpg Graphic file (type jpg)
<use Figuras/parte3funcional.jpg>
Package pdftex.def Info: Figuras/parte3funcional.jpg  used on input line 47.
(pdftex.def)             Requested size: 489.74496pt x 128.15755pt.

Overfull \hbox (32.01709pt too wide) in paragraph at lines 47--48
 [][] 
 []

[19



 <./Figuras/parte1funcional.jpg>] [20 <./Figuras/parte2funcional.jpg> <./Figura
s/parte3funcional.jpg>]
<Figuras/reqnaofuncional.jpg, id=297, 602.25pt x 373.395pt>
File: Figuras/reqnaofuncional.jpg Graphic file (type jpg)
<use Figuras/reqnaofuncional.jpg>
Package pdftex.def Info: Figuras/reqnaofuncional.jpg  used on input line 71.
(pdftex.def)             Requested size: 481.80064pt x 298.7164pt.

Overfull \hbox (20.9037pt too wide) in paragraph at lines 71--72
 [][] 
 []

[21 <./Figuras/reqnaofuncional.jpg>] [22]
<./Figuras/Cronograma_marco_e_Abril.png, id=307, 819.06pt x 368.87813pt>
File: ./Figuras/Cronograma_marco_e_Abril.png Graphic file (type png)
<use ./Figuras/Cronograma_marco_e_Abril.png>
Package pdftex.def Info: ./Figuras/Cronograma_marco_e_Abril.png  used on input 
line 113.
(pdftex.def)             Requested size: 696.20428pt x 313.54788pt.
 [23]
Overfull \vbox (0.3763pt too high) has occurred while \output is active []


[24 <./Figuras/Cronograma_marco_e_Abril.png>]
<./Figuras/Cronograma_maio_e_Junho.png, id=318, 822.07124pt x 304.13625pt>
File: ./Figuras/Cronograma_maio_e_Junho.png Graphic file (type png)
<use ./Figuras/Cronograma_maio_e_Junho.png>
Package pdftex.def Info: ./Figuras/Cronograma_maio_e_Junho.png  used on input l
ine 122.
(pdftex.def)             Requested size: 698.76385pt x 258.51703pt.
)
Overfull \vbox (2.93587pt too high) has occurred while \output is active []


[25 <./Figuras/Cronograma_maio_e_Junho.png>]
\openout2 = `cap4.aux'.

 (cap4.tex)
\openout2 = `cap5.aux'.

 (cap5.tex [26





] [27]
<Figuras/fluxograma2teste.jpg, id=335, 1816.7875pt x 1172.38pt>
File: Figuras/fluxograma2teste.jpg Graphic file (type jpg)
<use Figuras/fluxograma2teste.jpg>
Package pdftex.def Info: Figuras/fluxograma2teste.jpg  used on input line 30.
(pdftex.def)             Requested size: 726.70215pt x 468.9437pt.

Overfull \vbox (30.87416pt too high) has occurred while \output is active []


[28 <./Figuras/fluxograma2teste.jpg>] [29]
<./Figuras/novocasodeusointegra.jpg, id=347, 774.64406pt x 395.97937pt>
File: ./Figuras/novocasodeusointegra.jpg Graphic file (type jpg)
<use ./Figuras/novocasodeusointegra.jpg>
Package pdftex.def Info: ./Figuras/novocasodeusointegra.jpg  used on input line
 52.
(pdftex.def)             Requested size: 697.17322pt x 356.37814pt.
 [30]
Overfull \vbox (1.34523pt too high) has occurred while \output is active []


[31 <./Figuras/novocasodeusointegra.jpg>] [32]
<./Figuras/Diagrama_de_classe_integrado.png, id=364, 1979.395pt x 1254.6875pt>
File: ./Figuras/Diagrama_de_classe_integrado.png Graphic file (type png)
<use ./Figuras/Diagrama_de_classe_integrado.png>
Package pdftex.def Info: ./Figuras/Diagrama_de_classe_integrado.png  used on in
put line 79.
(pdftex.def)             Requested size: 692.79865pt x 439.1472pt.
 [33 <./Figuras/Diagrama_de_classe_integrado.png>] [34]
<./Figuras/diagramaDeAtividades.jpg, id=377, 670.75594pt x 304.88907pt>
File: ./Figuras/diagramaDeAtividades.jpg Graphic file (type jpg)
<use ./Figuras/diagramaDeAtividades.jpg>
Package pdftex.def Info: ./Figuras/diagramaDeAtividades.jpg  used on input line
 103.
(pdftex.def)             Requested size: 482.9439pt x 219.51996pt.
 [35 <./Figuras/diagramaDeAtividades.jpg>] [36])
\openout2 = `cap6.aux'.


(cap6.tex
<Figuras/Login.png, id=392, 376.40625pt x 815.045pt>
File: Figuras/Login.png Graphic file (type png)
<use Figuras/Login.png>
Package pdftex.def Info: Figuras/Login.png  used on input line 30.
(pdftex.def)             Requested size: 244.66115pt x 529.77296pt.
 [37



]
<Figuras/MENU.png, id=398, 376.40625pt x 815.045pt>
File: Figuras/MENU.png Graphic file (type png)
<use Figuras/MENU.png>
Package pdftex.def Info: Figuras/MENU.png  used on input line 41.
(pdftex.def)             Requested size: 244.66115pt x 529.77296pt.
 [38 <./Figuras/Login.png>]pdfTeX warning (ext4): destination with the same ide
ntifier (name{subfigure.6.1.1}) has been already used, duplicate ignored
<to be read again> 
                   \relax 
l.58 	}
       	
<Figuras/MENU_1.png, id=406, 376.40625pt x 815.045pt>
File: Figuras/MENU_1.png Graphic file (type png)
<use Figuras/MENU_1.png>
Package pdftex.def Info: Figuras/MENU_1.png  used on input line 58.
(pdftex.def)             Requested size: 244.66115pt x 529.77296pt.
 [39pdfTeX warning (ext4): destination with the same identifier (name{subfigure
.6.1.1}) has been already used, duplicate ignored

\AtBegShi@Output ...ipout \box \AtBeginShipoutBox 
                                                  \fi \fi 
l.62 \newpage
              <./Figuras/MENU.png>]pdfTeX warning (ext4): destination with the 
same identifier (name{subfigure.6.1.1}) has been already used, duplicate ignore
d
<to be read again> 
                   \relax 
l.70 	}
       
<Figuras/CADASTROS_1.png, id=413, 376.40625pt x 815.045pt>
File: Figuras/CADASTROS_1.png Graphic file (type png)
<use Figuras/CADASTROS_1.png>
Package pdftex.def Info: Figuras/CADASTROS_1.png  used on input line 70.
(pdftex.def)             Requested size: 244.66115pt x 529.77296pt.
 [40 <./Figuras/MENU_1.png>]pdfTeX warning (ext4): destination with the same id
entifier (name{subfigure.6.1.1}) has been already used, duplicate ignored
<to be read again> 
                   \relax 
l.84 	}
       
<Figuras/DETALHES_OS_1.png, id=420, 376.40625pt x 815.045pt>
File: Figuras/DETALHES_OS_1.png Graphic file (type png)
<use Figuras/DETALHES_OS_1.png>
Package pdftex.def Info: Figuras/DETALHES_OS_1.png  used on input line 84.
(pdftex.def)             Requested size: 244.66115pt x 529.77296pt.
 [41 <./Figuras/CADASTROS_1.png>]pdfTeX warning (ext4): destination with the sa
me identifier (name{subfigure.6.1.1}) has been already used, duplicate ignored
<to be read again> 
                   \relax 
l.95 	}
       	
<Figuras/CADASTROS.png, id=427, 376.40625pt x 815.045pt>
File: Figuras/CADASTROS.png Graphic file (type png)
<use Figuras/CADASTROS.png>
Package pdftex.def Info: Figuras/CADASTROS.png  used on input line 95.
(pdftex.def)             Requested size: 244.66115pt x 529.77296pt.
 [42 <./Figuras/DETALHES_OS_1.png>]pdfTeX warning (ext4): destination with the 
same identifier (name{subfigure.6.1.1}) has been already used, duplicate ignore
d
<to be read again> 
                   \relax 
l.111 	}
        	
<Figuras/DETALHES_OS.png, id=435, 376.40625pt x 815.045pt>
File: Figuras/DETALHES_OS.png Graphic file (type png)
<use Figuras/DETALHES_OS.png>
Package pdftex.def Info: Figuras/DETALHES_OS.png  used on input line 111.
(pdftex.def)             Requested size: 244.66115pt x 529.77296pt.
 [43 <./Figuras/CADASTROS.png>]pdfTeX warning (ext4): destination with the same
 identifier (name{subfigure.6.1.1}) has been already used, duplicate ignored
<to be read again> 
                   \relax 
l.121 	}
        
<Figuras/CONSULTAR_OS.png, id=442, 376.40625pt x 815.045pt>
File: Figuras/CONSULTAR_OS.png Graphic file (type png)
<use Figuras/CONSULTAR_OS.png>
Package pdftex.def Info: Figuras/CONSULTAR_OS.png  used on input line 121.
(pdftex.def)             Requested size: 244.66115pt x 529.77296pt.
 [44 <./Figuras/DETALHES_OS.png>]pdfTeX warning (ext4): destination with the sa
me identifier (name{subfigure.6.1.1}) has been already used, duplicate ignored
<to be read again> 
                   \relax 
l.135 	}
        
<Figuras/SOLICITACOES_DE_PECAS.png, id=449, 376.40625pt x 815.045pt>
File: Figuras/SOLICITACOES_DE_PECAS.png Graphic file (type png)
<use Figuras/SOLICITACOES_DE_PECAS.png>
Package pdftex.def Info: Figuras/SOLICITACOES_DE_PECAS.png  used on input line 
135.
(pdftex.def)             Requested size: 244.66115pt x 529.77296pt.
 [45 <./Figuras/CONSULTAR_OS.png>]pdfTeX warning (ext4): destination with the s
ame identifier (name{subfigure.6.1.1}) has been already used, duplicate ignored

<to be read again> 
                   \relax 
l.146 	}
        	
<Figuras/VERIFICACAO.png, id=456, 376.40625pt x 815.045pt>
File: Figuras/VERIFICACAO.png Graphic file (type png)
<use Figuras/VERIFICACAO.png>
Package pdftex.def Info: Figuras/VERIFICACAO.png  used on input line 146.
(pdftex.def)             Requested size: 244.66115pt x 529.77296pt.
 [46 <./Figuras/SOLICITACOES_DE_PECAS.png>]pdfTeX warning (ext4): destination w
ith the same identifier (name{subfigure.6.1.1}) has been already used, duplicat
e ignored
<to be read again> 
                   \relax 
l.158 	}
        	
<Figuras/VERIFICACAO_2.png, id=463, 376.40625pt x 815.045pt>
File: Figuras/VERIFICACAO_2.png Graphic file (type png)
<use Figuras/VERIFICACAO_2.png>
Package pdftex.def Info: Figuras/VERIFICACAO_2.png  used on input line 158.
(pdftex.def)             Requested size: 244.66115pt x 529.77296pt.
 [47 <./Figuras/VERIFICACAO.png>]pdfTeX warning (ext4): destination with the sa
me identifier (name{subfigure.6.1.1}) has been already used, duplicate ignored
<to be read again> 
                   \relax 
l.169 	}
        
<Figuras/ASSINATURAS.png, id=470, 376.40625pt x 815.045pt>
File: Figuras/ASSINATURAS.png Graphic file (type png)
<use Figuras/ASSINATURAS.png>
Package pdftex.def Info: Figuras/ASSINATURAS.png  used on input line 169.
(pdftex.def)             Requested size: 244.66115pt x 529.77296pt.
 [48 <./Figuras/VERIFICACAO_2.png>]pdfTeX warning (ext4): destination with the 
same identifier (name{subfigure.6.1.1}) has been already used, duplicate ignore
d
<to be read again> 
                   \relax 
l.181 	}
        
<Figuras/EPI.png, id=478, 376.40625pt x 815.045pt>
File: Figuras/EPI.png Graphic file (type png)
<use Figuras/EPI.png>
Package pdftex.def Info: Figuras/EPI.png  used on input line 181.
(pdftex.def)             Requested size: 244.66115pt x 529.77296pt.
 [49 <./Figuras/ASSINATURAS.png>]pdfTeX warning (ext4): destination with the sa
me identifier (name{subfigure.6.1.1}) has been already used, duplicate ignored
<to be read again> 
                   \relax 
l.194 	}
        
<Figuras/EPI_1.png, id=485, 376.40625pt x 815.045pt>
File: Figuras/EPI_1.png Graphic file (type png)
<use Figuras/EPI_1.png>
Package pdftex.def Info: Figuras/EPI_1.png  used on input line 194.
(pdftex.def)             Requested size: 244.66115pt x 529.77296pt.
 [50 <./Figuras/EPI.png>]pdfTeX warning (ext4): destination with the same ident
ifier (name{subfigure.6.1.1}) has been already used, duplicate ignored
<to be read again> 
                   \relax 
l.213 	}
        
<Figuras/LOGIN_1.png, id=492, 1927.2pt x 1084.05pt>
File: Figuras/LOGIN_1.png Graphic file (type png)
<use Figuras/LOGIN_1.png>
Package pdftex.def Info: Figuras/LOGIN_1.png  used on input line 213.
(pdftex.def)             Requested size: 616.71661pt x 346.90309pt.
 [51 <./Figuras/EPI_1.png>] [52 <./Figuras/LOGIN_1.png>]pdfTeX warning (ext4): 
destination with the same identifier (name{subfigure.6.1.1}) has been already u
sed, duplicate ignored
<to be read again> 
                   \relax 
l.224 	}
        
<Figuras/DASHBOARD_2.png, id=505, 1927.2pt x 1084.05pt>
File: Figuras/DASHBOARD_2.png Graphic file (type png)
<use Figuras/DASHBOARD_2.png>
Package pdftex.def Info: Figuras/DASHBOARD_2.png  used on input line 224.
(pdftex.def)             Requested size: 616.71661pt x 346.90309pt.
 [53 <./Figuras/DASHBOARD_2.png>]pdfTeX warning (ext4): destination with the sa
me identifier (name{subfigure.6.1.1}) has been already used, duplicate ignored
<to be read again> 
                   \relax 
l.236 	}
        
<Figuras/CADASTROS_3.png, id=512, 1927.2pt x 1084.05pt>
File: Figuras/CADASTROS_3.png Graphic file (type png)
<use Figuras/CADASTROS_3.png>
Package pdftex.def Info: Figuras/CADASTROS_3.png  used on input line 236.
(pdftex.def)             Requested size: 616.71661pt x 346.90309pt.
 [54 <./Figuras/CADASTROS_3.png>]pdfTeX warning (ext4): destination with the sa
me identifier (name{subfigure.6.1.1}) has been already used, duplicate ignored
<to be read again> 
                   \relax 
l.247 	}
        
<Figuras/CADASTRO_OS_4.png, id=520, 1927.2pt x 1084.05pt>
File: Figuras/CADASTRO_OS_4.png Graphic file (type png)
<use Figuras/CADASTRO_OS_4.png>
Package pdftex.def Info: Figuras/CADASTRO_OS_4.png  used on input line 247.
(pdftex.def)             Requested size: 616.71661pt x 346.90309pt.
 [55 <./Figuras/CADASTRO_OS_4.png>]pdfTeX warning (ext4): destination with the 
same identifier (name{subfigure.6.1.1}) has been already used, duplicate ignore
d
<to be read again> 
                   \relax 
l.259 	}
        
<Figuras/CADASTRO_EQUIPAMENTO_5.png, id=527, 1927.2pt x 1084.05pt>
File: Figuras/CADASTRO_EQUIPAMENTO_5.png Graphic file (type png)
<use Figuras/CADASTRO_EQUIPAMENTO_5.png>
Package pdftex.def Info: Figuras/CADASTRO_EQUIPAMENTO_5.png  used on input line
 259.
(pdftex.def)             Requested size: 616.71661pt x 346.90309pt.
 [56 <./Figuras/CADASTRO_EQUIPAMENTO_5.png>]pdfTeX warning (ext4): destination 
with the same identifier (name{subfigure.6.1.1}) has been already used, duplica
te ignored
<to be read again> 
                   \relax 
l.271 	}
        
<Figuras/CADASTRO_COMPONENTE_6.png, id=534, 1927.2pt x 1084.05pt>
File: Figuras/CADASTRO_COMPONENTE_6.png Graphic file (type png)
<use Figuras/CADASTRO_COMPONENTE_6.png>
Package pdftex.def Info: Figuras/CADASTRO_COMPONENTE_6.png  used on input line 
271.
(pdftex.def)             Requested size: 616.71661pt x 346.90309pt.
 [57 <./Figuras/CADASTRO_COMPONENTE_6.png>]pdfTeX warning (ext4): destination w
ith the same identifier (name{subfigure.6.1.1}) has been already used, duplicat
e ignored
<to be read again> 
                   \relax 
l.284 	}
        
<Figuras/CADASTRO_EPI_7.png, id=541, 1927.2pt x 1084.05pt>
File: Figuras/CADASTRO_EPI_7.png Graphic file (type png)
<use Figuras/CADASTRO_EPI_7.png>
Package pdftex.def Info: Figuras/CADASTRO_EPI_7.png  used on input line 284.
(pdftex.def)             Requested size: 616.71661pt x 346.90309pt.
 [58 <./Figuras/CADASTRO_EPI_7.png>]pdfTeX warning (ext4): destination with the
 same identifier (name{subfigure.6.1.1}) has been already used, duplicate ignor
ed
<to be read again> 
                   \relax 
l.295 	}
        
<Figuras/CADASTRO_causa_8.png, id=548, 1927.2pt x 1084.05pt>
File: Figuras/CADASTRO_causa_8.png Graphic file (type png)
<use Figuras/CADASTRO_causa_8.png>
Package pdftex.def Info: Figuras/CADASTRO_causa_8.png  used on input line 295.
(pdftex.def)             Requested size: 616.71661pt x 346.90309pt.
 [59 <./Figuras/CADASTRO_causa_8.png>]
Overfull \hbox (3.51976pt too wide) in paragraph at lines 299--300
[]\T1/phv/m/n/12 Tela para ca-das-trar ope-ra-Áıes re-a-li-za-das com lista dis
-po-nÌ-vel para evi-tar du-pli-car o mesmo
 []

pdfTeX warning (ext4): destination with the same identifier (name{subfigure.6.1
.1}) has been already used, duplicate ignored
<to be read again> 
                   \relax 
l.306 	}
        
<Figuras/CADASTRO_DE_OPERACOES_9.png, id=555, 1927.2pt x 1084.05pt>
File: Figuras/CADASTRO_DE_OPERACOES_9.png Graphic file (type png)
<use Figuras/CADASTRO_DE_OPERACOES_9.png>
Package pdftex.def Info: Figuras/CADASTRO_DE_OPERACOES_9.png  used on input lin
e 306.
(pdftex.def)             Requested size: 616.71661pt x 346.90309pt.
 [60 <./Figuras/CADASTRO_DE_OPERACOES_9.png>]pdfTeX warning (ext4): destination
 with the same identifier (name{subfigure.6.1.1}) has been already used, duplic
ate ignored
<to be read again> 
                   \relax 
l.317 	}
        
<Figuras/Solicitacao_10.png, id=563, 1927.2pt x 1084.05pt>
File: Figuras/Solicitacao_10.png Graphic file (type png)
<use Figuras/Solicitacao_10.png>
Package pdftex.def Info: Figuras/Solicitacao_10.png  used on input line 317.
(pdftex.def)             Requested size: 616.71661pt x 346.90309pt.
 [61 <./Figuras/Solicitacao_10.png>]pdfTeX warning (ext4): destination with the
 same identifier (name{subfigure.6.1.1}) has been already used, duplicate ignor
ed
<to be read again> 
                   \relax 
l.328 	}
        
<Figuras/CONSULTA_11.png, id=570, 1927.2pt x 1084.05pt>
File: Figuras/CONSULTA_11.png Graphic file (type png)
<use Figuras/CONSULTA_11.png>
Package pdftex.def Info: Figuras/CONSULTA_11.png  used on input line 328.
(pdftex.def)             Requested size: 616.71661pt x 346.90309pt.
 [62 <./Figuras/CONSULTA_11.png>]pdfTeX warning (ext4): destination with the sa
me identifier (name{subfigure.6.1.1}) has been already used, duplicate ignored
<to be read again> 
                   \relax 
l.339 	}
        
<Figuras/DETALHAMENTO_12.png, id=577, 1927.2pt x 1084.05pt>
File: Figuras/DETALHAMENTO_12.png Graphic file (type png)
<use Figuras/DETALHAMENTO_12.png>
Package pdftex.def Info: Figuras/DETALHAMENTO_12.png  used on input line 339.
(pdftex.def)             Requested size: 616.71661pt x 346.90309pt.
 [63 <./Figuras/DETALHAMENTO_12.png>]pdfTeX warning (ext4): destination with th
e same identifier (name{subfigure.6.1.1}) has been already used, duplicate igno
red
<to be read again> 
                   \relax 
l.350 	}
        
<Figuras/Verificacao_web.png, id=584, 1927.2pt x 1084.05pt>
File: Figuras/Verificacao_web.png Graphic file (type png)
<use Figuras/Verificacao_web.png>
Package pdftex.def Info: Figuras/Verificacao_web.png  used on input line 350.
(pdftex.def)             Requested size: 616.71661pt x 346.90309pt.
 [64 <./Figuras/Verificacao_web.png>]pdfTeX warning (ext4): destination with th
e same identifier (name{subfigure.6.1.1}) has been already used, duplicate igno
red
<to be read again> 
                   \relax 
l.361 	}
        
<Figuras/APONTAMENTO_web.png, id=591, 1927.2pt x 1084.05pt>
File: Figuras/APONTAMENTO_web.png Graphic file (type png)
<use Figuras/APONTAMENTO_web.png>
Package pdftex.def Info: Figuras/APONTAMENTO_web.png  used on input line 361.
(pdftex.def)             Requested size: 616.71661pt x 346.90309pt.
 [65 <./Figuras/APONTAMENTO_web.png>]pdfTeX warning (ext4): destination with th
e same identifier (name{subfigure.6.1.1}) has been already used, duplicate igno
red
<to be read again> 
                   \relax 
l.371 	}
        
<Figuras/Assinatura_web.png, id=598, 1927.2pt x 1084.05pt>
File: Figuras/Assinatura_web.png Graphic file (type png)
<use Figuras/Assinatura_web.png>
Package pdftex.def Info: Figuras/Assinatura_web.png  used on input line 371.
(pdftex.def)             Requested size: 616.71661pt x 346.90309pt.
 [66 <./Figuras/Assinatura_web.png>]pdfTeX warning (ext4): destination with the
 same identifier (name{subfigure.6.1.1}) has been already used, duplicate ignor
ed
<to be read again> 
                   \relax 
l.382 	}
        
<Figuras/Relatorios.png, id=606, 1927.2pt x 1084.05pt>
File: Figuras/Relatorios.png Graphic file (type png)
<use Figuras/Relatorios.png>
Package pdftex.def Info: Figuras/Relatorios.png  used on input line 382.
(pdftex.def)             Requested size: 616.71661pt x 346.90309pt.
 [67 <./Figuras/Relatorios.png>]pdfTeX warning (ext4): destination with the sam
e identifier (name{subfigure.6.1.1}) has been already used, duplicate ignored
<to be read again> 
                   \relax 
l.392 	}
        
<Figuras/Relatorios_1.png, id=613, 1927.2pt x 1084.05pt>
File: Figuras/Relatorios_1.png Graphic file (type png)
<use Figuras/Relatorios_1.png>
Package pdftex.def Info: Figuras/Relatorios_1.png  used on input line 392.
(pdftex.def)             Requested size: 616.71661pt x 346.90309pt.
 [68 <./Figuras/Relatorios_1.png>]pdfTeX warning (ext4): destination with the s
ame identifier (name{subfigure.6.1.1}) has been already used, duplicate ignored

<to be read again> 
                   \relax 
l.402 	}
        
<Figuras/Relatorios_mensais.png, id=620, 1927.2pt x 1084.05pt>
File: Figuras/Relatorios_mensais.png Graphic file (type png)
<use Figuras/Relatorios_mensais.png>
Package pdftex.def Info: Figuras/Relatorios_mensais.png  used on input line 402
.
(pdftex.def)             Requested size: 616.71661pt x 346.90309pt.
 [69 <./Figuras/Relatorios_mensais.png>]pdfTeX warning (ext4): destination with
 the same identifier (name{subfigure.6.1.1}) has been already used, duplicate i
gnored
<to be read again> 
                   \relax 
l.412 	}
        
<Figuras/Relatorios_mensais _1.png, id=627, 1927.2pt x 1084.05pt>
File: Figuras/Relatorios_mensais _1.png Graphic file (type png)
<use Figuras/Relatorios_mensais _1.png>
Package pdftex.def Info: Figuras/Relatorios_mensais _1.png  used on input line 
412.
(pdftex.def)             Requested size: 616.71661pt x 346.90309pt.
 [70 <./Figuras/Relatorios_mensais _1.png>]pdfTeX warning (ext4): destination w
ith the same identifier (name{subfigure.6.1.1}) has been already used, duplicat
e ignored
<to be read again> 
                   \relax 
l.422 	}
        
<Figuras/Relatorios_mensais _2.png, id=634, 1927.2pt x 1084.05pt>
File: Figuras/Relatorios_mensais _2.png Graphic file (type png)
<use Figuras/Relatorios_mensais _2.png>
Package pdftex.def Info: Figuras/Relatorios_mensais _2.png  used on input line 
422.
(pdftex.def)             Requested size: 616.71661pt x 346.90309pt.
 [71 <./Figuras/Relatorios_mensais _2.png>]pdfTeX warning (ext4): destination w
ith the same identifier (name{subfigure.6.1.1}) has been already used, duplicat
e ignored
<to be read again> 
                   \relax 
l.432 	}
        
<Figuras/Relatorios_por_equipamento.png, id=641, 1927.2pt x 1084.05pt>
File: Figuras/Relatorios_por_equipamento.png Graphic file (type png)
<use Figuras/Relatorios_por_equipamento.png>
Package pdftex.def Info: Figuras/Relatorios_por_equipamento.png  used on input 
line 432.
(pdftex.def)             Requested size: 616.71661pt x 346.90309pt.
 [72 <./Figuras/Relatorios_por_equipamento.png>]pdfTeX warning (ext4): destinat
ion with the same identifier (name{subfigure.6.1.1}) has been already used, dup
licate ignored
<to be read again> 
                   \relax 
l.444 	}
        
<Figuras/verificacao_13_1.png, id=649, 1927.2pt x 1084.05pt>
File: Figuras/verificacao_13_1.png Graphic file (type png)
<use Figuras/verificacao_13_1.png>
Package pdftex.def Info: Figuras/verificacao_13_1.png  used on input line 444.
(pdftex.def)             Requested size: 616.71661pt x 346.90309pt.
 [73 <./Figuras/verificacao_13_1.png>]pdfTeX warning (ext4): destination with t
he same identifier (name{subfigure.6.1.1}) has been already used, duplicate ign
ored
<to be read again> 
                   \relax 
l.455 	}
        
<Figuras/CHECKLIST_14.png, id=656, 1927.2pt x 1084.05pt>
File: Figuras/CHECKLIST_14.png Graphic file (type png)
<use Figuras/CHECKLIST_14.png>
Package pdftex.def Info: Figuras/CHECKLIST_14.png  used on input line 455.
(pdftex.def)             Requested size: 616.71661pt x 346.90309pt.
 [74 <./Figuras/CHECKLIST_14.png>]pdfTeX warning (ext4): destination with the s
ame identifier (name{subfigure.6.1.1}) has been already used, duplicate ignored

<to be read again> 
                   \relax 
l.466 	}
        
<Figuras/CHECKLIST_14_1.png, id=663, 1927.2pt x 1084.05pt>
File: Figuras/CHECKLIST_14_1.png Graphic file (type png)
<use Figuras/CHECKLIST_14_1.png>
Package pdftex.def Info: Figuras/CHECKLIST_14_1.png  used on input line 466.
(pdftex.def)             Requested size: 616.71661pt x 346.90309pt.
 [75 <./Figuras/CHECKLIST_14_1.png>]pdfTeX warning (ext4): destination with the
 same identifier (name{subfigure.6.1.1}) has been already used, duplicate ignor
ed
<to be read again> 
                   \relax 
l.477 	}
        
<Figuras/ASSINATURA_15.png, id=670, 1927.2pt x 1084.05pt>
File: Figuras/ASSINATURA_15.png Graphic file (type png)
<use Figuras/ASSINATURA_15.png>
Package pdftex.def Info: Figuras/ASSINATURA_15.png  used on input line 477.
(pdftex.def)             Requested size: 616.71661pt x 346.90309pt.
 [76 <./Figuras/ASSINATURA_15.png>]pdfTeX warning (ext4): destination with the 
same identifier (name{subfigure.6.1.1}) has been already used, duplicate ignore
d
<to be read again> 
                   \relax 
l.488 	}
        
<Figuras/CADASTRAR_USUARIO_16.png, id=677, 1927.2pt x 1084.05pt>
File: Figuras/CADASTRAR_USUARIO_16.png Graphic file (type png)
<use Figuras/CADASTRAR_USUARIO_16.png>
Package pdftex.def Info: Figuras/CADASTRAR_USUARIO_16.png  used on input line 4
88.
(pdftex.def)             Requested size: 616.71661pt x 346.90309pt.
 [77 <./Figuras/CADASTRAR_USUARIO_16.png>])
\openout2 = `cap7.aux'.

 (cap7.tex) [78



]
\openout2 = `cap8.aux'.

 (cap8.tex
<Figuras/LoginCodigo.jpg, id=689, 849.92531pt x 476.53032pt>
File: Figuras/LoginCodigo.jpg Graphic file (type jpg)
<use Figuras/LoginCodigo.jpg>
Package pdftex.def Info: Figuras/LoginCodigo.jpg  used on input line 18.
(pdftex.def)             Requested size: 509.95912pt x 285.9204pt.

Overfull \hbox (29.43132pt too wide) in paragraph at lines 18--19
 [][] 
 []

[79



 <./Figuras/LoginCodigo.jpg>]pdfTeX warning (ext4): destination with the same i
dentifier (name{subfigure.8.1.1}) has been already used, duplicate ignored
<to be read again> 
                   \relax 
l.32 	}
       
<Figuras/Rotalogin.jpg, id=696, 842.39719pt x 483.30562pt>
File: Figuras/Rotalogin.jpg Graphic file (type jpg)
<use Figuras/Rotalogin.jpg>
Package pdftex.def Info: Figuras/Rotalogin.jpg  used on input line 32.
(pdftex.def)             Requested size: 505.44221pt x 289.98561pt.

Overfull \hbox (47.71434pt too wide) in paragraph at lines 32--33
 [][] 
 []

[80 <./Figuras/Rotalogin.jpg>]pdfTeX warning (ext4): destination with the same 
identifier (name{subfigure.8.1.1}) has been already used, duplicate ignored
<to be read again> 
                   \relax 
l.47 	}
       
<Figuras/Validacaologin.jpg, id=702, 841.64438pt x 480.29437pt>
File: Figuras/Validacaologin.jpg Graphic file (type jpg)
<use Figuras/Validacaologin.jpg>
Package pdftex.def Info: Figuras/Validacaologin.jpg  used on input line 47.
(pdftex.def)             Requested size: 504.99052pt x 288.17883pt.

Overfull \hbox (47.26265pt too wide) in paragraph at lines 47--48
 [][] 
 []

[81 <./Figuras/Validacaologin.jpg>]pdfTeX warning (ext4): destination with the 
same identifier (name{subfigure.8.1.1}) has been already used, duplicate ignore
d
<to be read again> 
                   \relax 
l.62 	}
       
<Figuras/DaoLogin.jpg, id=708, 840.89156pt x 477.28313pt>
File: Figuras/DaoLogin.jpg Graphic file (type jpg)
<use Figuras/DaoLogin.jpg>
Package pdftex.def Info: Figuras/DaoLogin.jpg  used on input line 62.
(pdftex.def)             Requested size: 504.53882pt x 286.37207pt.

Overfull \hbox (46.81094pt too wide) in paragraph at lines 62--63
 [][] 
 []

[82 <./Figuras/DaoLogin.jpg>] [83]
<Figuras/Login_WEB_1.png, id=718, 1028.34187pt x 548.0475pt>
File: Figuras/Login_WEB_1.png Graphic file (type png)
<use Figuras/Login_WEB_1.png>
Package pdftex.def Info: Figuras/Login_WEB_1.png  used on input line 102.
(pdftex.def)             Requested size: 565.58978pt x 301.42705pt.
 [84 <./Figuras/Login_WEB_1.png>]
<Figuras/Cadastros_Sistema_1.png, id=726, 1445.4pt x 703.87968pt>
File: Figuras/Cadastros_Sistema_1.png Graphic file (type png)
<use Figuras/Cadastros_Sistema_1.png>
Package pdftex.def Info: Figuras/Cadastros_Sistema_1.png  used on input line 11
5.
(pdftex.def)             Requested size: 650.424pt x 316.74292pt.
 [85 <./Figuras/Cadastros_Sistema_1.png>]
<Figuras/step_1.png, id=733, 1445.4pt x 903.375pt>
File: Figuras/step_1.png Graphic file (type png)
<use Figuras/step_1.png>
Package pdftex.def Info: Figuras/step_1.png  used on input line 128.
(pdftex.def)             Requested size: 607.06387pt x 379.41492pt.
 [86 <./Figuras/step_1.png>]
<Figuras/step_2.png, id=740, 1445.4pt x 903.375pt>
File: Figuras/step_2.png Graphic file (type png)
<use Figuras/step_2.png>
Package pdftex.def Info: Figuras/step_2.png  used on input line 141.
(pdftex.def)             Requested size: 607.06387pt x 379.41492pt.
 [87 <./Figuras/step_2.png>]
<Figuras/step_3.png, id=747, 1445.4pt x 903.375pt>
File: Figuras/step_3.png Graphic file (type png)
<use Figuras/step_3.png>
Package pdftex.def Info: Figuras/step_3.png  used on input line 154.
(pdftex.def)             Requested size: 607.06387pt x 379.41492pt.
 [88 <./Figuras/step_3.png>]
<Figuras/Cadastro_Equipamento_Sistema.png, id=754, 1028.34187pt x 548.0475pt>
File: Figuras/Cadastro_Equipamento_Sistema.png Graphic file (type png)
<use Figuras/Cadastro_Equipamento_Sistema.png>
Package pdftex.def Info: Figuras/Cadastro_Equipamento_Sistema.png  used on inpu
t line 167.
(pdftex.def)             Requested size: 637.56538pt x 339.78593pt.
 [89 <./Figuras/Cadastro_Equipamento_Sistema.png>]
<Figuras/Cadastro_Componentes.png, id=761, 1028.34187pt x 547.2947pt>
File: Figuras/Cadastro_Componentes.png Graphic file (type png)
<use Figuras/Cadastro_Componentes.png>
Package pdftex.def Info: Figuras/Cadastro_Componentes.png  used on input line 1
80.
(pdftex.def)             Requested size: 637.56538pt x 339.3192pt.
 [90 <./Figuras/Cadastro_Componentes.png>]
<Figuras/Cadastro_Epi_Sistema.png, id=769, 1024.57782pt x 545.78906pt>
File: Figuras/Cadastro_Epi_Sistema.png Graphic file (type png)
<use Figuras/Cadastro_Epi_Sistema.png>
Package pdftex.def Info: Figuras/Cadastro_Epi_Sistema.png  used on input line 1
93.
(pdftex.def)             Requested size: 635.23169pt x 338.38571pt.
 [91 <./Figuras/Cadastro_Epi_Sistema.png>]
<Figuras/Cadastro_Causa_Defeito.png, id=776, 1028.34187pt x 548.0475pt>
File: Figuras/Cadastro_Causa_Defeito.png Graphic file (type png)
<use Figuras/Cadastro_Causa_Defeito.png>
Package pdftex.def Info: Figuras/Cadastro_Causa_Defeito.png  used on input line
 206.
(pdftex.def)             Requested size: 637.56538pt x 339.78593pt.
 [92 <./Figuras/Cadastro_Causa_Defeito.png>]
<Figuras/Cadastro_Sintomas.png, id=783, 1028.34187pt x 548.0475pt>
File: Figuras/Cadastro_Sintomas.png Graphic file (type png)
<use Figuras/Cadastro_Sintomas.png>
Package pdftex.def Info: Figuras/Cadastro_Sintomas.png  used on input line 219.

(pdftex.def)             Requested size: 637.56538pt x 339.78593pt.
 [93 <./Figuras/Cadastro_Sintomas.png>]
<Figuras/Cadastro_Localiza√ßao.png, id=790, 1026.83624pt x 547.2947pt>
File: Figuras/Cadastro_Localiza√ßao.png Graphic file (type png)
<use Figuras/Cadastro_Localiza√ßao.png>
Package pdftex.def Info: Figuras/Cadastro_Localiza√ßao.png  used on input line 
232.
(pdftex.def)             Requested size: 636.6319pt x 339.3192pt.
 [94 <./Figuras/Cadastro_Localiza√ßao.png>]
<Figuras/Cadastro_Centro_Trabalho.png, id=797, 1028.34187pt x 548.0475pt>
File: Figuras/Cadastro_Centro_Trabalho.png Graphic file (type png)
<use Figuras/Cadastro_Centro_Trabalho.png>
Package pdftex.def Info: Figuras/Cadastro_Centro_Trabalho.png  used on input li
ne 246.
(pdftex.def)             Requested size: 637.56538pt x 339.78593pt.
 [95 <./Figuras/Cadastro_Centro_Trabalho.png>]
<Figuras/Cadastro_Tipo_Ordem.png, id=804, 1028.34187pt x 547.2947pt>
File: Figuras/Cadastro_Tipo_Ordem.png Graphic file (type png)
<use Figuras/Cadastro_Tipo_Ordem.png>
Package pdftex.def Info: Figuras/Cadastro_Tipo_Ordem.png  used on input line 25
9.
(pdftex.def)             Requested size: 637.56538pt x 339.3192pt.
 [96 <./Figuras/Cadastro_Tipo_Ordem.png>]
<Figuras/listagem_e_cadastro_de_usuario.png, id=812, 1445.4pt x 703.12688pt>
File: Figuras/listagem_e_cadastro_de_usuario.png Graphic file (type png)
<use Figuras/listagem_e_cadastro_de_usuario.png>
Package pdftex.def Info: Figuras/listagem_e_cadastro_de_usuario.png  used on in
put line 273.
(pdftex.def)             Requested size: 679.3381pt x 330.46967pt.
 [97] [98 <./Figuras/listagem_e_cadastro_de_usuario.png>]
<Figuras/Consulta_ordem.png, id=823, 1445.4pt x 703.12688pt>
File: Figuras/Consulta_ordem.png Graphic file (type png)
<use Figuras/Consulta_ordem.png>
Package pdftex.def Info: Figuras/Consulta_ordem.png  used on input line 286.
(pdftex.def)             Requested size: 650.424pt x 316.40416pt.
 [99 <./Figuras/Consulta_ordem.png>])
\openout2 = `cap9.aux'.

 (cap9.tex) [100



] ("Smart Solution _v1_2020.bbl"
bibitemlist
LaTeX Font Info:    Font shape `TS1/phv/b/n' will be
(Font)              scaled to size 11.39996pt on input line 44.
) 
AED: lastpage setting LastPage
[101


]
\tf@lof=\write4
\openout4 = `"Smart Solution _v1_2020.lof"'.

\tf@toc=\write5
\openout5 = `"Smart Solution _v1_2020.toc"'.

Package atveryend Info: Empty hook `BeforeClearDocument' on input line 158.
Package atveryend Info: Empty hook `AfterLastShipout' on input line 158.
 ("Smart Solution _v1_2020.aux" (pretextual.aux) (cap1.aux) (cap2.aux)
(cap3.aux) (cap4.aux) (cap5.aux) (cap6.aux) (cap7.aux) (cap8.aux) (cap9.aux))
Package atveryend Info: Executing hook `AtVeryEndDocument' on input line 158.
Package atveryend Info: Empty hook `AtEndAfterFileList' on input line 158.


LaTeX Warning: There were multiply-defined labels.

Package atveryend Info: Empty hook `AtVeryVeryEnd' on input line 158.
 ) 
Here is how much of TeX's memory you used:
 17863 strings out of 480892
 286538 string characters out of 2897992
 725338 words of memory out of 3000000
 32951 multiletter control sequences out of 15000+200000
 592413 words of font info for 82 fonts, out of 3000000 for 9000
 1141 hyphenation exceptions out of 8191
 49i,12n,55p,994b,497s stack positions out of 5000i,500n,10000p,200000b,50000s
{C:/Users/black/AppData/Local/Programs/MiKTeX 2.9/fonts/enc/dvips/base/8r.enc
}<C:/Users/black/AppData/Local/Programs/MiKTeX 2.9/fonts/type1/urw/helvetic/uhv
b8a.pfb><C:/Users/black/AppData/Local/Programs/MiKTeX 2.9/fonts/type1/urw/helve
tic/uhvr8a.pfb><C:/Users/black/AppData/Local/Programs/MiKTeX 2.9/fonts/type1/ur
w/helvetic/uhvro8a.pfb>
Output written on "Smart Solution _v1_2020.pdf" (102 pages, 5779446 bytes).
PDF statistics:
 1055 PDF objects out of 1200 (max. 8388607)
 259 named destinations out of 1000 (max. 500000)
 777 words of extra memory for PDF output out of 10000 (max. 10000000)

