This is pdfTeX, Version 3.14159265-2.6-1.40.20 (MiKTeX 2.9.7200 64-bit) (preloaded format=pdflatex 2019.10.17)  24 MAR 2020 21:28
entering extended mode
**./Main.tex
(Main.tex
LaTeX2e <2019-10-01> patch level 1
(Data/udesc.cls ("C:\Program Files\MiKTeX 2.9\tex/latex/base\ifthen.sty"
Package: ifthen 2014/09/29 v1.1c Standard LaTeX ifthen package (DPC)
)
("C:\Program Files\MiKTeX 2.9\tex/latex/memoir\memoir.cls"
Document Class: memoir 2018/12/12 v3.7h configurable book, report, article docu
ment class
\onelineskip=\skip41
\lxvchars=\skip42
\xlvchars=\skip43
\@memcnta=\count80
\c@@memmarkcntra=\count81
("C:\Program Files\MiKTeX 2.9\tex/generic/oberdiek\ifpdf.sty"
Package: ifpdf 2018/09/07 v3.3 Provides the ifpdf switch
)
("C:\Program Files\MiKTeX 2.9\tex/latex/ifetex\ifetex.sty"
Package: ifetex 2018/03/31 v1.2a ifetex

("C:\Program Files\MiKTeX 2.9\tex/plain/ifetex\ifetex.tex"))
("C:\Program Files\MiKTeX 2.9\tex/generic/ifxetex\ifxetex.sty"
Package: ifxetex 2010/09/12 v0.6 Provides ifxetex conditional
)
("C:\Program Files\MiKTeX 2.9\tex/generic/oberdiek\ifluatex.sty"
Package: ifluatex 2016/05/16 v1.4 Provides the ifluatex switch (HO)
Package ifluatex Info: LuaTeX not detected.
)
\stockheight=\skip44
\stockwidth=\skip45
\trimtop=\skip46
\trimedge=\skip47

("C:\Program Files\MiKTeX 2.9\tex/latex/memoir\mem12.clo"
File: mem12.clo 2010/10/19 v0.4b memoir class 12pt size option
)
\binding=\skip48
\spinemargin=\skip49
\foremargin=\skip50
\uppermargin=\skip51
\lowermargin=\skip52
\headdrop=\skip53
\normalrulethickness=\skip54
\mem@maxheadheight=\skip55
\mem@maxfootheight=\skip56
\headwidth=\skip57
\c@storedpagenumber=\count82
\memPD=\dimen102
\m@mabparskip=\skip58
\thanksmarkwidth=\skip59
\thanksmarksep=\skip60
\droptitle=\skip61
\c@book=\count83
\c@part=\count84
\c@chapter=\count85
\c@section=\count86
\c@subsection=\count87
\c@subsubsection=\count88
\c@paragraph=\count89
\c@subparagraph=\count90
\beforechapskip=\skip62
\midchapskip=\skip63
\afterchapskip=\skip64
\chapindent=\skip65
\bottomsectionskip=\skip66
\secindent=\skip67
\beforesecskip=\skip68
\aftersecskip=\skip69
\subsecindent=\skip70
\beforesubsecskip=\skip71
\aftersubsecskip=\skip72
\subsubsecindent=\skip73
\beforesubsubsecskip=\skip74
\aftersubsubsecskip=\skip75
\paraindent=\skip76
\beforeparaskip=\skip77
\afterparaskip=\skip78
\subparaindent=\skip79
\beforesubparaskip=\skip80
\aftersubparaskip=\skip81
\pfbreakskip=\skip82
\c@@ppsavesec=\count91
\c@@ppsaveapp=\count92
\ragrparindent=\dimen103
\everylistparindent=\dimen104
\parsepi=\skip83
\topsepi=\skip84
\itemsepi=\skip85
\parsepii=\skip86
\topsepii=\skip87
\topsepiii=\skip88
\itemsepii=\skip89
\itemsepiii=\skip90
\partopsepii=\skip91
\partopsepiii=\skip92
\m@msavetopsep=\skip93
\m@msavepartopsep=\skip94
\@enLab=\toks14
\abstitleskip=\skip95
\absleftindent=\skip96
\abs@leftindent=\dimen105
\absrightindent=\skip97
\absparindent=\skip98
\absparsep=\skip99
\c@vslineno=\count93
\c@poemline=\count94
\c@modulo@vs=\count95
\c@memfvsline=\count96
\vleftskip=\skip100
\vrightskip=\skip101
\stanzaskip=\skip102
\versewidth=\skip103
\vgap=\skip104
\vindent=\skip105
\vleftmargin=\dimen106
\c@verse=\count97
\c@chrsinstr=\count98
\beforepoemtitleskip=\skip106
\afterpoemtitleskip=\skip107
\c@poem=\count99
\beforePoemTitleskip=\skip108
\midPoemTitleskip=\skip109
\afterPoemTitleskip=\skip110

("C:\Program Files\MiKTeX 2.9\tex/latex/tools\array.sty"
Package: array 2019/08/31 v2.4l Tabular extension package (FMi)
\col@sep=\dimen107
\ar@mcellbox=\box27
\extrarowheight=\dimen108
\NC@list=\toks15
\extratabsurround=\skip111
\backup@length=\skip112
\ar@cellbox=\box28
)
("C:\Program Files\MiKTeX 2.9\tex/latex/tools\dcolumn.sty"
Package: dcolumn 2014/10/28 v1.06 decimal alignment package (DPC)
)
("C:\Program Files\MiKTeX 2.9\tex/latex/tools\delarray.sty"
Package: delarray 2014/10/28 v1.01 array delimiter package (DPC)
)
("C:\Program Files\MiKTeX 2.9\tex/latex/tools\tabularx.sty"
Package: tabularx 2016/02/03 v2.11b `tabularx' package (DPC)
\TX@col@width=\dimen109
\TX@old@table=\dimen110
\TX@old@col=\dimen111
\TX@target=\dimen112
\TX@delta=\dimen113
\TX@cols=\count100
\TX@ftn=\toks16
)
\heavyrulewidth=\dimen114
\lightrulewidth=\dimen115
\cmidrulewidth=\dimen116
\belowrulesep=\dimen117
\belowbottomsep=\dimen118
\aboverulesep=\dimen119
\abovetopsep=\dimen120
\cmidrulesep=\dimen121
\cmidrulekern=\dimen122
\defaultaddspace=\dimen123
\@cmidla=\count101
\@cmidlb=\count102
\@aboverulesep=\dimen124
\@belowrulesep=\dimen125
\@thisruleclass=\count103
\@lastruleclass=\count104
\@thisrulewidth=\dimen126
\ctableftskip=\skip113
\ctabrightskip=\skip114
\abovecolumnspenalty=\count105
\@linestogo=\count106
\@cellstogo=\count107
\@cellsincolumn=\count108
\crtok=\toks17
\@mincolumnwidth=\dimen127
\c@newflo@tctr=\count109
\mem@margin@floatbox=\box29
\@contcwidth=\skip115
\@contindw=\skip116
\abovecaptionskip=\skip117
\belowcaptionskip=\skip118
\subfloattopskip=\skip119
\subfloatcapskip=\skip120
\subfloatcaptopadj=\skip121
\subfloatbottomskip=\skip122
\subfloatlabelskip=\skip123
\subfloatcapmargin=\dimen128
\c@@contsubnum=\count110
\m@mscap@capbox=\box30
\m@mscap@fbox=\box31
\sidecapsep=\dimen129
\sidecapwidth=\dimen130
\m@m@tempdima=\dimen131
\m@mscapraise=\dimen132
\sidecapraise=\dimen133
\m@mscapmainwidth=\dimen134
\m@mscaplkern=\dimen135
\beforeepigraphskip=\skip124
\afterepigraphskip=\skip125
\epigraphwidth=\skip126
\epigraphrule=\skip127
LaTeX Info: Redefining \em on input line 7592.
LaTeX Info: Redefining \emph on input line 7600.
\tocentryskip=\skip128
\tocbaseline=\skip129
\cftparskip=\skip130
\cftbeforebookskip=\skip131
\cftbookindent=\dimen136
\cftbooknumwidth=\dimen137
\cftbeforepartskip=\skip132
\cftpartindent=\skip133
\cftpartnumwidth=\skip134
\cftbeforechapterskip=\skip135
\cftchapterindent=\skip136
\cftchapternumwidth=\skip137
\cftbeforesectionskip=\skip138
\cftsectionindent=\skip139
\cftsectionnumwidth=\skip140
\cftbeforesubsectionskip=\skip141
\cftsubsectionindent=\skip142
\cftsubsectionnumwidth=\skip143
\cftbeforesubsubsectionskip=\skip144
\cftsubsubsectionindent=\skip145
\cftsubsubsectionnumwidth=\skip146
\cftbeforeparagraphskip=\skip147
\cftparagraphindent=\skip148
\cftparagraphnumwidth=\skip149
\cftbeforesubparagraphskip=\skip150
\cftsubparagraphindent=\skip151
\cftsubparagraphnumwidth=\skip152
\prechapterprecisshift=\dimen138
\c@maxsecnumdepth=\count111
\bibindent=\dimen139
\bibitemsep=\skip153
\indexcolsep=\skip154
\indexrule=\skip155
\indexmarkstyle=\toks18
\@indexbox=\insert199
\glossarycolsep=\dimen140
\glossaryrule=\dimen141
\sideparvshift=\skip156
\sideins=\insert198
\sidebartopsep=\skip157
\sidebarhsep=\skip158
\sidebarvsep=\skip159
\sidebarwidth=\skip160
\footmarkwidth=\skip161
\footmarksep=\skip162
\footparindent=\skip163
\footinsdim=\skip164
\footinsv@r=\insert197
\@mpfootinsv@r=\insert196
\m@m@k=\count112
\m@m@h=\dimen142
\m@mipn@skip=\skip165
\sidefootins=\insert195
\sidefootadjust=\skip166
\sidefootheight=\skip167
\sidefoothsep=\skip168
\sidefootvsep=\skip169
\sidefootwidth=\skip170
\m@mdownsf=\skip171
\c@sidefootnote=\count113
\sidefootmarkwidth=\skip172
\sidefootmarksep=\skip173
\sidefootparindent=\skip174
\c@pagenote=\count114
\c@pagenoteshadow=\count115
\mem@pn@lastkern=\skip175
\every@verbatim=\toks19
\afterevery@verbatim=\toks20
\verbatim@line=\toks21
\tab@position=\count116
\verbatim@in@stream=\read1
\verbatimindent=\skip176
\verbatim@out=\write3
\bvboxsep=\skip177
\c@memfbvline=\count117
\c@bvlinectr=\count118
\bvnumlength=\skip178
\fb@frw=\dimen143
\fb@frh=\dimen144
\FrameRule=\dimen145
\FrameSep=\dimen146
\c@cp@cntr=\count119
LaTeX Info: Redefining \: on input line 12114.
LaTeX Info: Redefining \! on input line 12116.
\c@ism@mctr=\count120
\c@xsm@mctr=\count121
\c@csm@mctr=\count122
\c@ksm@mctr=\count123
\c@xksm@mctr=\count124
\c@cksm@mctr=\count125
\c@msm@mctr=\count126
\c@xmsm@mctr=\count127
\c@cmsm@mctr=\count128
\c@bsm@mctr=\count129
\c@workm@mctr=\count130
\c@sheetsequence=\count131
\c@lastsheet=\count132
\c@lastpage=\count133
\c@figure=\count134
\c@lofdepth=\count135
\cftbeforefigureskip=\skip179
\cftfigureindent=\skip180
\cftfigurenumwidth=\skip181
\c@table=\count136
\c@lotdepth=\count137
\cftbeforetableskip=\skip182
\cfttableindent=\skip183
\cfttablenumwidth=\skip184
Package abstract [2008/07/23] emulated by memoir.
Package appendix [2008/07/23] emulated by memoir.
Package booktabs [2016/05/16] emulated by memoir.
Package ccaption [2008/07/23] emulated by memoir.
Package changepage [2008/07/23] emulated by memoir.
Package chngcntr [2008/07/23] emulated by memoir.
Package chngpage [2008/07/23] emulated by memoir.
Package crop emulated by memoir.
Package enumerate [2008/07/23] emulated by memoir.
Package epigraph [2008/07/23] emulated by memoir.
Package ifmtarg [2008/07/23] emulated by memoir.
Package index [2008/07/23] emulated by memoir.
Package makeidx [2008/07/23] emulated by memoir.
Package moreverb [2008/07/23] emulated by memoir.
Package mparhack [2008/07/23] emulated by memoir.
Package needspace [2008/07/23] emulated by memoir.
Package newfile [2008/07/23] emulated by memoir.
Package nextpage [2008/07/23] emulated by memoir.
Package pagenote [2008/07/23] emulated by memoir.
Package parskip [2008/07/23] emulated by memoir.
Package patchcmd [2008/07/23] emulated by memoir.
Package setspace [2008/07/23] emulated by memoir.
Package shortvrb [2008/07/23] emulated by memoir.
Package showidx [2008/07/23] emulated by memoir.
Package titleref [2008/07/23] emulated by memoir.
Package titling [2008/07/23] emulated by memoir.
Package tocbibind [2008/07/23] emulated by memoir.
Package tocloft [2008/07/23] emulated by memoir.
Package tocvsec2 [2008/07/23] emulated by memoir.
Package verbatim [2008/07/23] emulated by memoir.
Package verse [2008/07/23] emulated by memoir.
)
("C:\Program Files\MiKTeX 2.9\tex/latex/textcase\textcase.sty"
Package: textcase 2019/09/14 v1.00 Text only upper/lower case changing (DPC)
LaTeX Info: Redefining \MakeTextUppercase on input line 50.
LaTeX Info: Redefining \MakeTextLowercase on input line 53.
)
("C:\Program Files\MiKTeX 2.9\tex/latex/hyperref\hyperref.sty"
Package: hyperref 2019/09/28 v7.00a Hypertext links for LaTeX

("C:\Program Files\MiKTeX 2.9\tex/generic/oberdiek\hobsub-hyperref.sty"
Package: hobsub-hyperref 2016/05/16 v1.14 Bundle oberdiek, subset hyperref (HO)


("C:\Program Files\MiKTeX 2.9\tex/generic/oberdiek\hobsub-generic.sty"
Package: hobsub-generic 2016/05/16 v1.14 Bundle oberdiek, subset generic (HO)
Package: hobsub 2016/05/16 v1.14 Construct package bundles (HO)
Package: infwarerr 2016/05/16 v1.4 Providing info/warning/error messages (HO)
Package: ltxcmds 2016/05/16 v1.23 LaTeX kernel commands for general use (HO)
Package hobsub Info: Skipping package `ifluatex' (already loaded).
Package: ifvtex 2016/05/16 v1.6 Detect VTeX and its facilities (HO)
Package ifvtex Info: VTeX not detected.
Package: intcalc 2016/05/16 v1.2 Expandable calculations with integers (HO)
Package hobsub Info: Skipping package `ifpdf' (already loaded).
Package: etexcmds 2016/05/16 v1.6 Avoid name clashes with e-TeX commands (HO)
Package: kvsetkeys 2016/05/16 v1.17 Key value parser (HO)
Package: kvdefinekeys 2016/05/16 v1.4 Define keys (HO)
Package: pdftexcmds 2019/07/25 v0.30 Utility functions of pdfTeX for LuaTeX (HO
)
Package pdftexcmds Info: LuaTeX not detected.
Package pdftexcmds Info: \pdf@primitive is available.
Package pdftexcmds Info: \pdf@ifprimitive is available.
Package pdftexcmds Info: \pdfdraftmode found.
Package: pdfescape 2016/05/16 v1.14 Implements pdfTeX's escape features (HO)
Package: bigintcalc 2016/05/16 v1.4 Expandable calculations on big integers (HO
)
Package: bitset 2016/05/16 v1.2 Handle bit-vector datatype (HO)
Package: uniquecounter 2016/05/16 v1.3 Provide unlimited unique counter (HO)
)
Package hobsub Info: Skipping package `hobsub' (already loaded).
Package: letltxmacro 2016/05/16 v1.5 Let assignment for LaTeX macros (HO)
Package: hopatch 2016/05/16 v1.3 Wrapper for package hooks (HO)
Package: xcolor-patch 2016/05/16 xcolor patch
Package: atveryend 2016/05/16 v1.9 Hooks at the very end of document (HO)
Package atveryend Info: \enddocument detected (standard20110627).
Package: atbegshi 2016/06/09 v1.18 At begin shipout hook (HO)
Package: refcount 2016/05/16 v3.5 Data extraction from label references (HO)
Package: hycolor 2016/05/16 v1.8 Color options for hyperref/bookmark (HO)
)
("C:\Program Files\MiKTeX 2.9\tex/latex/graphics\keyval.sty"
Package: keyval 2014/10/28 v1.15 key=value parser (DPC)
\KV@toks@=\toks22
)
("C:\Program Files\MiKTeX 2.9\tex/latex/oberdiek\auxhook.sty"
Package: auxhook 2016/05/16 v1.4 Hooks for auxiliary files (HO)
)
("C:\Program Files\MiKTeX 2.9\tex/latex/oberdiek\kvoptions.sty"
Package: kvoptions 2016/05/16 v3.12 Key value format for package options (HO)
)
\@linkdim=\dimen147
\Hy@linkcounter=\count138
\Hy@pagecounter=\count139

("C:\Program Files\MiKTeX 2.9\tex/latex/hyperref\pd1enc.def"
File: pd1enc.def 2019/09/28 v7.00a Hyperref: PDFDocEncoding definition (HO)
Now handling font encoding PD1 ...
... no UTF-8 mapping file for font encoding PD1
)
\Hy@SavedSpaceFactor=\count140

("C:\Program Files\MiKTeX 2.9\tex/latex/00miktex\hyperref.cfg"
File: hyperref.cfg 2002/06/06 v1.2 hyperref configuration of TeXLive
)
Package hyperref Info: Hyper figures OFF on input line 4540.
Package hyperref Info: Link nesting OFF on input line 4545.
Package hyperref Info: Hyper index ON on input line 4548.
Package hyperref Info: Plain pages OFF on input line 4555.
Package hyperref Info: Backreferencing OFF on input line 4560.
Package hyperref Info: Implicit mode ON; LaTeX internals redefined.
Package hyperref Info: Bookmarks ON on input line 4793.
\c@Hy@tempcnt=\count141

("C:\Program Files\MiKTeX 2.9\tex/latex/url\url.sty"
\Urlmuskip=\muskip10
Package: url 2013/09/16  ver 3.4  Verb mode for urls, etc.
)
LaTeX Info: Redefining \url on input line 5152.
\XeTeXLinkMargin=\dimen148
\Fld@menulength=\count142
\Field@Width=\dimen149
\Fld@charsize=\dimen150
Package hyperref Info: Hyper figures OFF on input line 6423.
Package hyperref Info: Link nesting OFF on input line 6428.
Package hyperref Info: Hyper index ON on input line 6431.
Package hyperref Info: backreferencing OFF on input line 6438.
Package hyperref Info: Link coloring OFF on input line 6443.
Package hyperref Info: Link coloring with OCG OFF on input line 6448.
Package hyperref Info: PDF/A mode OFF on input line 6453.
LaTeX Info: Redefining \ref on input line 6493.
LaTeX Info: Redefining \pageref on input line 6497.
\Hy@abspage=\count143
\c@Item=\count144
\c@Hfootnote=\count145
)
("C:\Program Files\MiKTeX 2.9\tex/latex/memoir\memhfixc.sty"
Package: memhfixc 2013/05/30 v1.17 nameref/hyperref package fixes for memoir cl
ass
\c@memhycontfloat=\count146
\c@Hpagenote=\count147
)
Package hyperref Info: Driver (autodetected): hpdftex.

("C:\Program Files\MiKTeX 2.9\tex/latex/hyperref\hpdftex.def"
File: hpdftex.def 2019/09/28 v7.00a Hyperref driver for pdfTeX
\Fld@listcount=\count148
\c@bookmark@seq@number=\count149

("C:\Program Files\MiKTeX 2.9\tex/latex/oberdiek\rerunfilecheck.sty"
Package: rerunfilecheck 2016/05/16 v1.8 Rerun checks for auxiliary files (HO)
Package uniquecounter Info: New unique counter `rerunfilecheck' on input line 2
82.
)
\Hy@SectionHShift=\skip185
)
("C:\Program Files\MiKTeX 2.9\tex/latex/oberdiek\bookmark.sty"
Package: bookmark 2019/06/04 v1.27 PDF bookmarks (HO)

("C:\Program Files\MiKTeX 2.9\tex/latex/oberdiek\bkm-pdftex.def"
File: bkm-pdftex.def 2019/06/04 v1.27 bookmark driver for pdfTeX (HO)
\BKM@id=\count150
))
("C:\Program Files\MiKTeX 2.9\tex/generic/babel\babel.sty"
Package: babel 2019/09/27 3.34 The Babel package

("C:\Program Files\MiKTeX 2.9\tex/generic/babel\switch.def"
File: switch.def 2019/09/27 3.34 Babel switching mechanism
)
*************************************
* Local config file bblopts.cfg used
*
("C:\Program Files\MiKTeX 2.9\tex/latex/arabi\bblopts.cfg"
File: bblopts.cfg 2005/09/08 v0.1 add Arabic and Farsi to "declared" options of
 babel
)
("C:\Program Files\MiKTeX 2.9\tex/latex/babel-english\english.ldf"
Language: english 2017/06/06 v3.3r English support from the babel system

("C:\Program Files\MiKTeX 2.9\tex/generic/babel\babel.def"
File: babel.def 2019/09/27 3.34 Babel common definitions
\babel@savecnt=\count151
\U@D=\dimen151

("C:\Program Files\MiKTeX 2.9\tex/generic/babel\txtbabel.def")
\bbl@dirlevel=\count152
)
\l@canadian = a dialect from \language\l@american 
\l@australian = a dialect from \language\l@british 
\l@newzealand = a dialect from \language\l@british 
)
("C:\Program Files\MiKTeX 2.9\tex/latex/babel-portuges\portuges.ldf"
Language: portuges 2008/03/18 v1.2q Portuguese support from the babel system
\l@brazil = a dialect from \language\l@portuges 
Package babel Info: Making " an active character on input line 145.
))
("C:\Program Files\MiKTeX 2.9\tex/latex/enumitem\enumitem.sty"
Package: enumitem 2019/06/20 v3.9 Customized lists
\labelindent=\skip186
\enit@outerparindent=\dimen152
\enit@toks=\toks23
\enit@inbox=\box32
\enit@count@id=\count153
\enitdp@description=\count154
)
("C:\Program Files\MiKTeX 2.9\tex/latex/tools\calc.sty"
Package: calc 2017/05/25 v4.3 Infix arithmetic (KKT,FJ)
\calc@Acount=\count155
\calc@Bcount=\count156
\calc@Adimen=\dimen153
\calc@Bdimen=\dimen154
\calc@Askip=\skip187
\calc@Bskip=\skip188
LaTeX Info: Redefining \setlength on input line 80.
LaTeX Info: Redefining \addtolength on input line 81.
\calc@Ccount=\count157
\calc@Cskip=\skip189
)

******************************************************
Stock height and width: 845.04684pt by 597.50787pt
Top and edge trims: 0pt and 0pt
Page height and width: 845.04684pt by 597.50787pt
Text height and width: 708pt by 455pt
Spine and edge margins: 85.35826pt and 56.9055pt
Upper and lower margins: 85.35826pt and 51.68858pt
Headheight and headsep: 14.5pt and 19.8738pt
Footskip: 30pt
Columnsep and columnseprule: 10pt and 0pt
Marginparsep and marginparwidth: 7pt and 42.9055pt
Sidecapsep and sidecapwidth: 7pt and 42pt
Sidebarhsep and sidebarwidth: 7pt and 42pt
Sidebarvsep and sidebartopsep: 14.5pt and 0pt
Sidebarheight: 590.14995pt
Sidefoothsep and sidefootwidth: 7pt and 42pt
Sidefootvsep and sidefootheight: 14.5pt and 590.14995pt
******************************************************

\c@abntex@bookmarkcounter=\count158
\chapternamenumlength=\skip190
\ABNTEXcitacaorecuo=\skip191
\c@alineasi=\count159
\c@alineasii=\count160
\enitdp@alineas=\count161
\c@subalineasi=\count162
\enitdp@subalineas=\count163
\c@incisosi=\count164
\enitdp@incisos=\count165
\ABNTEXsignwidth=\skip192
\ABNTEXsignthickness=\skip193
\ABNTEXsignskip=\skip194
) (Data/udescsty.sty ("C:\Program Files\MiKTeX 2.9\tex/latex/cmap\cmap.sty"
Package: cmap 2008/03/06 v1.0h CMap support: searchable PDF
)
("C:\Program Files\MiKTeX 2.9\tex/latex/lm\lmodern.sty"
Package: lmodern 2009/10/30 v1.6 Latin Modern Fonts
LaTeX Font Info:    Overwriting symbol font `operators' in version `normal'
(Font)                  OT1/cmr/m/n --> OT1/lmr/m/n on input line 22.
LaTeX Font Info:    Overwriting symbol font `letters' in version `normal'
(Font)                  OML/cmm/m/it --> OML/lmm/m/it on input line 23.
LaTeX Font Info:    Overwriting symbol font `symbols' in version `normal'
(Font)                  OMS/cmsy/m/n --> OMS/lmsy/m/n on input line 24.
LaTeX Font Info:    Overwriting symbol font `largesymbols' in version `normal'
(Font)                  OMX/cmex/m/n --> OMX/lmex/m/n on input line 25.
LaTeX Font Info:    Overwriting symbol font `operators' in version `bold'
(Font)                  OT1/cmr/bx/n --> OT1/lmr/bx/n on input line 26.
LaTeX Font Info:    Overwriting symbol font `letters' in version `bold'
(Font)                  OML/cmm/b/it --> OML/lmm/b/it on input line 27.
LaTeX Font Info:    Overwriting symbol font `symbols' in version `bold'
(Font)                  OMS/cmsy/b/n --> OMS/lmsy/b/n on input line 28.
LaTeX Font Info:    Overwriting symbol font `largesymbols' in version `bold'
(Font)                  OMX/cmex/m/n --> OMX/lmex/m/n on input line 29.
LaTeX Font Info:    Overwriting math alphabet `\mathbf' in version `normal'
(Font)                  OT1/cmr/bx/n --> OT1/lmr/bx/n on input line 31.
LaTeX Font Info:    Overwriting math alphabet `\mathsf' in version `normal'
(Font)                  OT1/cmss/m/n --> OT1/lmss/m/n on input line 32.
LaTeX Font Info:    Overwriting math alphabet `\mathit' in version `normal'
(Font)                  OT1/cmr/m/it --> OT1/lmr/m/it on input line 33.
LaTeX Font Info:    Overwriting math alphabet `\mathtt' in version `normal'
(Font)                  OT1/cmtt/m/n --> OT1/lmtt/m/n on input line 34.
LaTeX Font Info:    Overwriting math alphabet `\mathbf' in version `bold'
(Font)                  OT1/cmr/bx/n --> OT1/lmr/bx/n on input line 35.
LaTeX Font Info:    Overwriting math alphabet `\mathsf' in version `bold'
(Font)                  OT1/cmss/bx/n --> OT1/lmss/bx/n on input line 36.
LaTeX Font Info:    Overwriting math alphabet `\mathit' in version `bold'
(Font)                  OT1/cmr/bx/it --> OT1/lmr/bx/it on input line 37.
LaTeX Font Info:    Overwriting math alphabet `\mathtt' in version `bold'
(Font)                  OT1/cmtt/m/n --> OT1/lmtt/m/n on input line 38.
)
("C:\Program Files\MiKTeX 2.9\tex/latex/base\fontenc.sty"
Package: fontenc 2018/08/11 v2.0j Standard LaTeX package

("C:\Program Files\MiKTeX 2.9\tex/latex/base\t1enc.def"
File: t1enc.def 2018/08/11 v2.0j Standard LaTeX file
LaTeX Font Info:    Redeclaring font encoding T1 on input line 48.
)<<t1.cmap>>)
("C:\Program Files\MiKTeX 2.9\tex/latex/base\inputenc.sty"
Package: inputenc 2018/08/11 v1.3c Input encoding file
\inpenc@prehook=\toks24
\inpenc@posthook=\toks25
)
("C:\Program Files\MiKTeX 2.9\tex/latex/lastpage\lastpage.sty"
Package: lastpage 2015/03/29 v1.2m Refers to last page's name (HMM; JPG)
)
("C:\Program Files\MiKTeX 2.9\tex/latex/tools\indentfirst.sty"
Package: indentfirst 1995/11/23 v1.03 Indent first paragraph (DPC)
)
("C:\Program Files\MiKTeX 2.9\tex/latex/graphics\color.sty"
Package: color 2016/07/10 v1.1e Standard LaTeX Color (DPC)

("C:\Program Files\MiKTeX 2.9\tex/latex/graphics-cfg\color.cfg"
File: color.cfg 2016/01/02 v1.6 sample color configuration
)
Package color Info: Driver file: pdftex.def on input line 147.

("C:\Program Files\MiKTeX 2.9\tex/latex/graphics-def\pdftex.def"
File: pdftex.def 2018/01/08 v1.0l Graphics/color driver for pdftex
))
("C:\Program Files\MiKTeX 2.9\tex/latex/graphics\graphicx.sty"
Package: graphicx 2017/06/01 v1.1a Enhanced LaTeX Graphics (DPC,SPQR)

("C:\Program Files\MiKTeX 2.9\tex/latex/graphics\graphics.sty"
Package: graphics 2019/10/08 v1.3c Standard LaTeX Graphics (DPC,SPQR)

("C:\Program Files\MiKTeX 2.9\tex/latex/graphics\trig.sty"
Package: trig 2016/01/03 v1.10 sin cos tan (DPC)
)
("C:\Program Files\MiKTeX 2.9\tex/latex/graphics-cfg\graphics.cfg"
File: graphics.cfg 2016/06/04 v1.11 sample graphics configuration
)
Package graphics Info: Driver file: pdftex.def on input line 105.
)
\Gin@req@height=\dimen155
\Gin@req@width=\dimen156
)

Class memoir Warning: You are using the caption package with the memoir class. 
To prepare we will now reset all captioning macros and configurations to kernel
 defaults, and then let the caption package take over. Please remember to use
 the caption package interfaces in order to
 configure your captions.

("C:\Program Files\MiKTeX 2.9\tex/latex/caption\caption.sty"
Package: caption 2019/09/01 v3.3d Customizing captions (AR)

("C:\Program Files\MiKTeX 2.9\tex/latex/caption\caption3.sty"
Package: caption3 2019/09/01 v1.8d caption3 kernel (AR)
Package caption3 Info: TeX engine: e-TeX on input line 64.
\captionmargin=\dimen157
\captionmargin@=\dimen158
\captionwidth=\dimen159
\caption@tempdima=\dimen160
\caption@indent=\dimen161
\caption@parindent=\dimen162
\caption@hangindent=\dimen163
)
\c@caption@flags=\count166
\c@ContinuedFloat=\count167
Package caption Info: hyperref package is loaded.
)
("C:\Program Files\MiKTeX 2.9\tex/latex/tools\longtable.sty"
Package: longtable 2019/02/06 v4.12 Multi-page Table package (DPC)
\LTleft=\skip256
\LTright=\skip257
\LTpre=\skip258
\LTpost=\skip259
\LTchunksize=\count168
\LTcapwidth=\dimen164
\LT@head=\box33
\LT@firsthead=\box34
\LT@foot=\box35
\LT@lastfoot=\box36
\LT@cols=\count169
\LT@rows=\count170
\c@LT@tables=\count171
\c@LT@chunks=\count172
\LT@p@ftn=\toks26
)
("C:\Program Files\MiKTeX 2.9\tex/latex/amsmath\amsmath.sty"
Package: amsmath 2019/04/01 v2.17c AMS math features
\@mathmargin=\skip260

For additional information on amsmath, use the `?' option.
("C:\Program Files\MiKTeX 2.9\tex/latex/amsmath\amstext.sty"
Package: amstext 2000/06/29 v2.01 AMS text

("C:\Program Files\MiKTeX 2.9\tex/latex/amsmath\amsgen.sty"
File: amsgen.sty 1999/11/30 v2.0 generic functions
\@emptytoks=\toks27
\ex@=\dimen165
))
("C:\Program Files\MiKTeX 2.9\tex/latex/amsmath\amsbsy.sty"
Package: amsbsy 1999/11/29 v1.2d Bold Symbols
\pmbraise@=\dimen166
)
("C:\Program Files\MiKTeX 2.9\tex/latex/amsmath\amsopn.sty"
Package: amsopn 2016/03/08 v2.02 operator names
)
\inf@bad=\count173
LaTeX Info: Redefining \frac on input line 227.
\uproot@=\count174
\leftroot@=\count175
LaTeX Info: Redefining \overline on input line 389.
\classnum@=\count176
\DOTSCASE@=\count177
LaTeX Info: Redefining \ldots on input line 486.
LaTeX Info: Redefining \dots on input line 489.
LaTeX Info: Redefining \cdots on input line 610.
\Mathstrutbox@=\box37
\strutbox@=\box38
\big@size=\dimen167
LaTeX Font Info:    Redeclaring font encoding OML on input line 733.
LaTeX Font Info:    Redeclaring font encoding OMS on input line 734.
\macc@depth=\count178
\c@MaxMatrixCols=\count179
\dotsspace@=\muskip11
\c@parentequation=\count180
\dspbrk@lvl=\count181
\tag@help=\toks28
\row@=\count182
\column@=\count183
\maxfields@=\count184
\andhelp@=\toks29
\eqnshift@=\dimen168
\alignsep@=\dimen169
\tagshift@=\dimen170
\tagwidth@=\dimen171
\totwidth@=\dimen172
\lineht@=\dimen173
\@envbody=\toks30
\multlinegap=\skip261
\multlinetaggap=\skip262
\mathdisplay@stack=\toks31
LaTeX Info: Redefining \[ on input line 2855.
LaTeX Info: Redefining \] on input line 2856.
)
("C:\Program Files\MiKTeX 2.9\tex/latex/amsfonts\amssymb.sty"
Package: amssymb 2013/01/14 v3.01 AMS font symbols

("C:\Program Files\MiKTeX 2.9\tex/latex/amsfonts\amsfonts.sty"
Package: amsfonts 2013/01/14 v3.01 Basic AMSFonts support
\symAMSa=\mathgroup4
\symAMSb=\mathgroup5
LaTeX Font Info:    Redeclaring math symbol \hbar on input line 98.
LaTeX Font Info:    Overwriting math alphabet `\mathfrak' in version `bold'
(Font)                  U/euf/m/n --> U/euf/b/n on input line 106.
))
("C:\Program Files\MiKTeX 2.9\tex/latex/geometry\geometry.sty"
Package: geometry 2018/04/16 v5.8 Page Geometry
\Gm@cnth=\count185
\Gm@cntv=\count186
\c@Gm@tempcnt=\count187
\Gm@bindingoffset=\dimen174
\Gm@wd@mp=\dimen175
\Gm@odd@mp=\dimen176
\Gm@even@mp=\dimen177
\Gm@layoutwidth=\dimen178
\Gm@layoutheight=\dimen179
\Gm@layouthoffset=\dimen180
\Gm@layoutvoffset=\dimen181
\Gm@dimlist=\toks32

("C:\Program Files\MiKTeX 2.9\tex/latex/geometry\geometry.cfg"))
("C:\Program Files\MiKTeX 2.9\tex/latex/psnfss\helvet.sty"
Package: helvet 2005/04/12 PSNFSS-v9.2a (WaS) 
)
("C:\Program Files\MiKTeX 2.9\tex/latex/listings\listings.sty"
\lst@mode=\count188
\lst@gtempboxa=\box39
\lst@token=\toks33
\lst@length=\count189
\lst@currlwidth=\dimen182
\lst@column=\count190
\lst@pos=\count191
\lst@lostspace=\dimen183
\lst@width=\dimen184
\lst@newlines=\count192
\lst@lineno=\count193
\lst@maxwidth=\dimen185

("C:\Program Files\MiKTeX 2.9\tex/latex/listings\lstmisc.sty"
File: lstmisc.sty 2019/09/10 1.8c (Carsten Heinz)
\c@lstnumber=\count194
\lst@skipnumbers=\count266
\lst@framebox=\box40
)
("C:\Program Files\MiKTeX 2.9\tex/latex/listings\listings.cfg"
File: listings.cfg 2019/09/10 1.8c listings configuration
))
Package: listings 2019/09/10 1.8c (Carsten Heinz)

("C:\Program Files\MiKTeX 2.9\tex/latex/oberdiek\epstopdf.sty"
Package: epstopdf 2016/05/15 v2.6 Conversion with epstopdf on the fly (HO)

("C:\Program Files\MiKTeX 2.9\tex/latex/oberdiek\epstopdf-base.sty"
Package: epstopdf-base 2016/05/15 v2.6 Base part for package epstopdf

("C:\Program Files\MiKTeX 2.9\tex/latex/oberdiek\grfext.sty"
Package: grfext 2016/05/16 v1.2 Manage graphics extensions (HO)
)
Package epstopdf-base Info: Redefining graphics rule for `.eps' on input line 4
38.
Package grfext Info: Graphics extension search list:
(grfext)             [.pdf,.png,.jpg,.mps,.jpeg,.jbig2,.jb2,.PDF,.PNG,.JPG,.JPE
G,.JBIG2,.JB2,.eps]
(grfext)             \AppendGraphicsExtensions on input line 456.
))
(Data/subfigure.sty

LaTeX Warning: You have requested package `./Data/subfigure',
               but the package provides `subfigure'.

Package: subfigure 2002/07/30 v2.1.4 subfigure package
\subfigtopskip=\skip263
\subfigcapskip=\skip264
\subfigcaptopadj=\dimen186
\subfigbottomskip=\skip265
\subfigcapmargin=\dimen187
\subfiglabelskip=\skip266
\c@subfigure=\count267
\c@subtable=\count268
****************************************
* Local config file subfigure.cfg used *
****************************************
("C:\Program Files\MiKTeX 2.9\tex/latex/subfigure\subfigure.cfg")
\subfig@top=\skip267
\subfig@bottom=\skip268
)
("C:\Program Files\MiKTeX 2.9\tex/latex/listings\lstlang1.sty"
File: lstlang1.sty 2019/09/10 1.8c listings language file
)
("C:\Program Files\MiKTeX 2.9\tex/latex/listings\lstmisc.sty"
File: lstmisc.sty 2019/09/10 1.8c (Carsten Heinz)
)
("C:\Program Files\MiKTeX 2.9\tex/latex/lipsum\lipsum.sty"
("C:\Program Files\MiKTeX 2.9\tex/latex/l3kernel\expl3.sty"
Package: expl3 2019-10-14 L3 programming layer (loader) 

("C:\Program Files\MiKTeX 2.9\tex/latex/l3kernel\expl3-code.tex"
Package: expl3 2019-10-14 L3 programming layer (code)
\c_max_int=\count269
\l_tmpa_int=\count270
\l_tmpb_int=\count271
\g_tmpa_int=\count272
\g_tmpb_int=\count273
\l__seq_internal_a_int=\count274
\l__seq_internal_b_int=\count275
\g__kernel_prg_map_int=\count276
\c__ior_term_noprompt_ior=\count277
\c_log_iow=\count278
\l_iow_line_count_int=\count279
\l__iow_line_target_int=\count280
\l__iow_one_indent_int=\count281
\l__iow_indent_int=\count282
\c_zero_dim=\dimen188
\c_max_dim=\dimen189
\l_tmpa_dim=\dimen190
\l_tmpb_dim=\dimen191
\g_tmpa_dim=\dimen192
\g_tmpb_dim=\dimen193
\c_zero_skip=\skip269
\c_max_skip=\skip270
\l_tmpa_skip=\skip271
\l_tmpb_skip=\skip272
\g_tmpa_skip=\skip273
\g_tmpb_skip=\skip274
\c_zero_muskip=\muskip12
\c_max_muskip=\muskip13
\l_tmpa_muskip=\muskip14
\l_tmpb_muskip=\muskip15
\g_tmpa_muskip=\muskip16
\g_tmpb_muskip=\muskip17
\l_keys_choice_int=\count283
\l__intarray_loop_int=\count284
\c__intarray_sp_dim=\dimen194
\g__intarray_font_int=\count285
\c__fp_leading_shift_int=\count286
\c__fp_middle_shift_int=\count287
\c__fp_trailing_shift_int=\count288
\c__fp_big_leading_shift_int=\count289
\c__fp_big_middle_shift_int=\count290
\c__fp_big_trailing_shift_int=\count291
\c__fp_Bigg_leading_shift_int=\count292
\c__fp_Bigg_middle_shift_int=\count293
\c__fp_Bigg_trailing_shift_int=\count294
\c__kernel_randint_max_int=\count295
\g__fp_array_int=\count296
\l__fp_array_loop_int=\count297
\l__sort_length_int=\count298
\l__sort_min_int=\count299
\l__sort_top_int=\count300
\l__sort_max_int=\count301
\l__sort_true_max_int=\count302
\l__sort_block_int=\count303
\l__sort_begin_int=\count304
\l__sort_end_int=\count305
\l__sort_A_int=\count306
\l__sort_B_int=\count307
\l__sort_C_int=\count308
\l__str_internal_int=\count309
\c__str_replacement_char_int=\count310
\l__tl_analysis_normal_int=\count311
\l__tl_analysis_index_int=\count312
\l__tl_analysis_nesting_int=\count313
\l__tl_analysis_type_int=\count314
\l__regex_internal_a_int=\count315
\l__regex_internal_b_int=\count316
\l__regex_internal_c_int=\count317
\l__regex_balance_int=\count318
\l__regex_group_level_int=\count319
\l__regex_mode_int=\count320
\c__regex_cs_in_class_mode_int=\count321
\c__regex_cs_mode_int=\count322
\l__regex_catcodes_int=\count323
\l__regex_default_catcodes_int=\count324
\c__regex_catcode_D_int=\count325
\c__regex_catcode_S_int=\count326
\c__regex_catcode_L_int=\count327
\c__regex_catcode_O_int=\count328
\c__regex_catcode_A_int=\count329
\c__regex_all_catcodes_int=\count330
\l__regex_show_lines_int=\count331
\l__regex_min_state_int=\count332
\l__regex_max_state_int=\count333
\l__regex_left_state_int=\count334
\l__regex_right_state_int=\count335
\l__regex_capturing_group_int=\count336
\l__regex_min_pos_int=\count337
\l__regex_max_pos_int=\count338
\l__regex_curr_pos_int=\count339
\l__regex_start_pos_int=\count340
\l__regex_success_pos_int=\count341
\l__regex_curr_char_int=\count342
\l__regex_curr_catcode_int=\count343
\l__regex_last_char_int=\count344
\l__regex_case_changed_char_int=\count345
\l__regex_curr_state_int=\count346
\l__regex_step_int=\count347
\l__regex_min_active_int=\count348
\l__regex_max_active_int=\count349
\l__regex_replacement_csnames_int=\count350
\l__regex_match_count_int=\count351
\l__regex_min_submatch_int=\count352
\l__regex_submatch_int=\count353
\l__regex_zeroth_submatch_int=\count354
\g__regex_trace_regex_int=\count355
\c_empty_box=\box41
\l_tmpa_box=\box42
\l_tmpb_box=\box43
\g_tmpa_box=\box44
\g_tmpb_box=\box45
\l__box_top_dim=\dimen256
\l__box_bottom_dim=\dimen257
\l__box_left_dim=\dimen258
\l__box_right_dim=\dimen259
\l__box_top_new_dim=\dimen260
\l__box_bottom_new_dim=\dimen261
\l__box_left_new_dim=\dimen262
\l__box_right_new_dim=\dimen263
\l__box_internal_box=\box46
\l__coffin_internal_box=\box47
\l__coffin_internal_dim=\dimen264
\l__coffin_offset_x_dim=\dimen265
\l__coffin_offset_y_dim=\dimen266
\l__coffin_x_dim=\dimen267
\l__coffin_y_dim=\dimen268
\l__coffin_x_prime_dim=\dimen269
\l__coffin_y_prime_dim=\dimen270
\c_empty_coffin=\box48
\l__coffin_aligned_coffin=\box49
\l__coffin_aligned_internal_coffin=\box50
\l_tmpa_coffin=\box51
\l_tmpb_coffin=\box52
\g_tmpa_coffin=\box53
\g_tmpb_coffin=\box54
\l__coffin_bounding_shift_dim=\dimen271
\l__coffin_left_corner_dim=\dimen272
\l__coffin_right_corner_dim=\dimen273
\l__coffin_bottom_corner_dim=\dimen274
\l__coffin_top_corner_dim=\dimen275
\l__coffin_scaled_total_height_dim=\dimen276
\l__coffin_scaled_width_dim=\dimen277
\c__coffin_empty_coffin=\box55
\l__coffin_display_coffin=\box56
\l__coffin_display_coord_coffin=\box57
\l__coffin_display_pole_coffin=\box58
\l__coffin_display_offset_dim=\dimen278
\l__coffin_display_x_dim=\dimen279
\l__coffin_display_y_dim=\dimen280
\g__char_data_ior=\read2

("C:\Program Files\MiKTeX 2.9\tex/latex/l3kernel\l3deprecation.def"
File: l3deprecation.def 2019-04-06 v L3 Deprecated functions
))
("C:\Program Files\MiKTeX 2.9\tex/latex/l3backend\l3backend-pdfmode.def"
File: l3backend-pdfmode.def 2019-04-06 L3 backend support: PDF mode
\l__kernel_color_stack_int=\count356
\l__pdf_internal_box=\box59
))
("C:\Program Files\MiKTeX 2.9\tex/latex/l3packages/xparse\xparse.sty"
Package: xparse 2019-10-11 L3 Experimental document command parser
\l__xparse_current_arg_int=\count357
\g__xparse_grabber_int=\count358
\l__xparse_m_args_int=\count359
\l__xparse_v_nesting_int=\count360
)
Package: lipsum 2019/01/02 v2.2 150 paragraphs of Lorem Ipsum dummy text

("C:\Program Files\MiKTeX 2.9\tex/latex/lipsum\lipsum.ltd.tex"
File: lipsum.ltd.tex 2019/01/02 v2.2 The Lorem ipsum dummy text
))
("C:\Program Files\MiKTeX 2.9\tex/latex/abntex2\abntex2cite.sty"
Package: abntex2cite 2018/11/24 v-1.9.7 abnTeX2

("C:\Program Files\MiKTeX 2.9\tex/latex/abntex2\abntex2abrev.sty")
\minimumbiblabelwidth=\skip275
\ABCIauxlen=\skip276
\c@ABCIaux=\count361
\c@ABCImax=\count362

("C:\Program Files\MiKTeX 2.9\tex/latex/relsize\relsize.sty"
Package: relsize 2013/03/29 ver 4.1
)
\biblabelsep=\skip277
LaTeX Info: Redefining \newblock on input line 591.
LaTeX Info: Redefining \cite on input line 618.
\ABCItoken=\toks34
)
Package color Info: Redefining color blue on input line 83.
Package hyperref Info: Option `colorlinks' set `true' on input line 100.
)
("C:\Program Files\MiKTeX 2.9\tex/latex/float\float.sty"
Package: float 2001/11/08 v1.3d Float enhancements (AL)
\c@float@type=\count363
\float@exts=\toks35
\float@box=\box60
\@float@everytoks=\toks36
\@floatcapt=\box61
) (Main.aux
(pretextual.aux) (cap1.aux) (cap2.aux) (cap3.aux) (cap4.aux) (cap5.aux)
(cap6.aux) (cap7.aux) (cap8.aux

LaTeX Warning: Label `Login_WEB_1' multiply defined.


LaTeX Warning: Label `Cadastros_Sistema_1' multiply defined.


LaTeX Warning: Label `step_1' multiply defined.


LaTeX Warning: Label `step_2' multiply defined.


LaTeX Warning: Label `step_3' multiply defined.


LaTeX Warning: Label `Cadastro_Equipamento_Sistema' multiply defined.


LaTeX Warning: Label `Cadastro_Componentes' multiply defined.


LaTeX Warning: Label `Cadastro_Epi_Sistema' multiply defined.


LaTeX Warning: Label `Cadastro_Causa_Defeito' multiply defined.


LaTeX Warning: Label `Cadastro_Sintomas' multiply defined.


LaTeX Warning: Label `Cadastro_Localiza√ßao' multiply defined.


LaTeX Warning: Label `Cadastro_Centro_Trabalho' multiply defined.


LaTeX Warning: Label `Cadastro_Tipo_Ordem' multiply defined.


LaTeX Warning: Label `listagem_e_cadastro_de_usuario' multiply defined.


LaTeX Warning: Label `Consulta_ordem' multiply defined.

) (cap9.aux))
\openout1 = `Main.aux'.

LaTeX Font Info:    Checking defaults for OML/cmm/m/it on input line 57.
LaTeX Font Info:    ... okay on input line 57.
LaTeX Font Info:    Checking defaults for T1/cmr/m/n on input line 57.
LaTeX Font Info:    ... okay on input line 57.
LaTeX Font Info:    Checking defaults for OT1/cmr/m/n on input line 57.
LaTeX Font Info:    ... okay on input line 57.
LaTeX Font Info:    Checking defaults for OMS/cmsy/m/n on input line 57.
LaTeX Font Info:    ... okay on input line 57.
LaTeX Font Info:    Checking defaults for OMX/cmex/m/n on input line 57.
LaTeX Font Info:    ... okay on input line 57.
LaTeX Font Info:    Checking defaults for U/cmr/m/n on input line 57.
LaTeX Font Info:    ... okay on input line 57.
LaTeX Font Info:    Checking defaults for PD1/pdf/m/n on input line 57.
LaTeX Font Info:    ... okay on input line 57.
LaTeX Font Info:    Trying to load font information for T1+phv on input line 57
.
 ("C:\Program Files\MiKTeX 2.9\tex/latex/psnfss\t1phv.fd"
File: t1phv.fd 2001/06/04 scalable font definitions for T1/phv.
)
LaTeX Font Info:    Font shape `T1/phv/m/n' will be
(Font)              scaled to size 11.39996pt on input line 57.
\AtBeginShipoutBox=\box62
Package hyperref Info: Link coloring ON on input line 57.

("C:\Program Files\MiKTeX 2.9\tex/latex/hyperref\nameref.sty"
Package: nameref 2019/09/16 v2.46 Cross-referencing by name of section

("C:\Program Files\MiKTeX 2.9\tex/generic/oberdiek\gettitlestring.sty"
Package: gettitlestring 2016/05/16 v1.5 Cleanup title references (HO)
)
\c@section@level=\count364
)
Redoing nameref's sectioning
Redoing nameref's label
LaTeX Info: Redefining \nameref on input line 57.
LaTeX Info: Redefining \ref on input line 57.
LaTeX Info: Redefining \pageref on input line 57.
LaTeX Info: Redefining \nameref on input line 57.
Package lastpage Info: Please have a look at the pageslts package at
(lastpage)             https://www.ctan.org/pkg/pageslts
(lastpage)             ! on input line 57.
("C:\Program Files\MiKTeX 2.9\tex/context/base/mkii\supp-pdf.mkii"
[Loading MPS to PDF converter (version 2006.09.02).]
\scratchcounter=\count365
\scratchdimen=\dimen281
\scratchbox=\box63
\nofMPsegments=\count366
\nofMParguments=\count367
\everyMPshowfont=\toks37
\MPscratchCnt=\count368
\MPscratchDim=\dimen282
\MPnumerator=\count369
\makeMPintoPDFobject=\count370
\everyMPtoPDFconversion=\toks38
)
Package caption Info: Begin \AtBeginDocument code.
Package caption Info: float package is loaded.
Package caption Info: listings package is loaded.
Package caption Info: longtable package is loaded.
 ("C:\Program Files\MiKTeX 2.9\tex/latex/caption\ltcaption.sty"
Package: ltcaption 2018/08/26 v1.4a longtable captions (AR)
)
Package caption Info: End \AtBeginDocument code.

*geometry* driver: auto-detecting
*geometry* detected driver: pdftex
*geometry* verbose mode - [ preamble ] result:
* driver: pdftex
* paper: a4paper
* layout: <same size as paper>
* layoutoffset:(h,v)=(0.0pt,0.0pt)
* modes: 
* h-part:(L,W,R)=(71.13188pt, 483.69687pt, 42.67912pt)
* v-part:(T,H,B)=(56.9055pt, 745.46222pt, 42.67912pt)
* \paperwidth=597.50787pt
* \paperheight=845.04684pt
* \textwidth=483.69687pt
* \textheight=745.46222pt
* \oddsidemargin=-1.1381pt
* \evensidemargin=-1.1381pt
* \topmargin=-55.15512pt
* \headheight=19.91684pt
* \headsep=19.8738pt
* \topskip=12.0pt
* \footskip=19.91684pt
* \marginparwidth=42.9055pt
* \marginparsep=7.0pt
* \columnsep=10.0pt
* \skip\footins=12.0pt plus 4.0pt minus 4.0pt
* \hoffset=0.0pt
* \voffset=0.0pt
* \mag=1000
* \@twocolumnfalse
* \@twosidefalse
* \@mparswitchfalse
* \@reversemarginfalse
* (1in=72.27pt=25.4mm, 1cm=28.453pt)

\c@lstlisting=\count371
\openout2 = `pretextual.aux'.

(pretextual.tex
LaTeX Font Info:    Trying to load font information for OT1+lmr on input line 9
.
 ("C:\Program Files\MiKTeX 2.9\tex/latex/lm\ot1lmr.fd"
File: ot1lmr.fd 2009/10/30 v1.6 Font defs for Latin Modern
)<<ot1.cmap>>
LaTeX Font Info:    Trying to load font information for OML+lmm on input line 9
.
 ("C:\Program Files\MiKTeX 2.9\tex/latex/lm\omllmm.fd"
File: omllmm.fd 2009/10/30 v1.6 Font defs for Latin Modern
)<<oml.cmap>>
LaTeX Font Info:    Trying to load font information for OMS+lmsy on input line 
9.

("C:\Program Files\MiKTeX 2.9\tex/latex/lm\omslmsy.fd"
File: omslmsy.fd 2009/10/30 v1.6 Font defs for Latin Modern
)<<oms.cmap>>
LaTeX Font Info:    Trying to load font information for OMX+lmex on input line 
9.

("C:\Program Files\MiKTeX 2.9\tex/latex/lm\omxlmex.fd"
File: omxlmex.fd 2009/10/30 v1.6 Font defs for Latin Modern
)
LaTeX Font Info:    External font `lmex10' loaded for size
(Font)              <12> on input line 9.
<<omx.cmap>>
LaTeX Font Info:    External font `lmex10' loaded for size
(Font)              <8> on input line 9.
LaTeX Font Info:    External font `lmex10' loaded for size
(Font)              <6> on input line 9.
LaTeX Font Info:    Trying to load font information for U+msa on input line 9.

("C:\Program Files\MiKTeX 2.9\tex/latex/amsfonts\umsa.fd"
File: umsa.fd 2013/01/14 v3.01 AMS symbols A
)
LaTeX Font Info:    Trying to load font information for U+msb on input line 9.

("C:\Program Files\MiKTeX 2.9\tex/latex/amsfonts\umsb.fd"
File: umsb.fd 2013/01/14 v3.01 AMS symbols B
)
LaTeX Font Info:    Font shape `T1/phv/bx/n' in size <12> not available
(Font)              Font shape `T1/phv/b/n' tried instead on input line 9.
LaTeX Font Info:    Font shape `T1/phv/b/n' will be
(Font)              scaled to size 11.39996pt on input line 9.
LaTeX Font Info:    Font shape `T1/phv/bx/n' in size <14.4> not available
(Font)              Font shape `T1/phv/b/n' tried instead on input line 9.
LaTeX Font Info:    Font shape `T1/phv/b/n' will be
(Font)              scaled to size 13.67995pt on input line 9.
 [1


{C:/Users/Digital/AppData/Local/MiKTeX/2.9/pdftex/config/pdftex.map}]
LaTeX Font Info:    Font shape `T1/phv/bx/n' in size <17.28> not available
(Font)              Font shape `T1/phv/b/n' tried instead on input line 185.
LaTeX Font Info:    Font shape `T1/phv/b/n' will be
(Font)              scaled to size 16.41594pt on input line 185.
LaTeX Font Info:    Font shape `T1/phv/m/n' will be
(Font)              scaled to size 10.40245pt on input line 185.
pdfTeX warning (ext4): destination with the same identifier (name{page.1}) has 
been already used, duplicate ignored
<to be read again> 
                   \relax 
l.191 \end{resumo}
                   [1


] [2

] (Main.lof
LaTeX Font Info:    Font shape `T1/phv/m/it' in size <12> not available
(Font)              Font shape `T1/phv/m/sl' tried instead on input line 4.
LaTeX Font Info:    Font shape `T1/phv/m/sl' will be
(Font)              scaled to size 11.39996pt on input line 4.

Overfull \hbox (5.5788pt too wide) detected at line 75
\T1/phv/m/n/12 Figura 8.10  -- 
 []


Overfull \hbox (5.5788pt too wide) detected at line 76
\T1/phv/m/n/12 Figura 8.11  -- 
 []


Overfull \hbox (5.5788pt too wide) detected at line 77
\T1/phv/m/n/12 Figura 8.12  -- 
 []


Overfull \hbox (5.5788pt too wide) detected at line 78
\T1/phv/m/n/12 Figura 8.13  -- 
 []


Overfull \hbox (5.5788pt too wide) detected at line 79
\T1/phv/m/n/12 Figura 8.14  -- 
 []


Overfull \hbox (5.5788pt too wide) detected at line 80
\T1/phv/m/n/12 Figura 8.15  -- 
 []


Overfull \hbox (5.5788pt too wide) detected at line 81
\T1/phv/m/n/12 Figura 8.16  -- 
 []


Overfull \hbox (5.5788pt too wide) detected at line 82
\T1/phv/m/n/12 Figura 8.17  -- 
 []


Overfull \hbox (5.5788pt too wide) detected at line 83
\T1/phv/m/n/12 Figura 8.18  -- 
 []


Overfull \hbox (5.5788pt too wide) detected at line 84
\T1/phv/m/n/12 Figura 8.19  -- 
 []


Overfull \hbox (1.34494pt too wide) detected at line 84
 \T1/phv/m/n/12 100
 []

) [3

]) (Main.toc [4



]
Overfull \hbox (1.34494pt too wide) detected at line 44
 \T1/phv/b/n/12 101
 []


Overfull \hbox (1.34494pt too wide) detected at line 45
 \T1/phv/b/n/12 102
 []

LaTeX Font Info:    Font shape `T1/phv/m/n' will be
(Font)              scaled to size 13.67995pt on input line 48.
LaTeX Font Info:    External font `lmex10' loaded for size
(Font)              <14.4> on input line 48.
LaTeX Font Info:    External font `lmex10' loaded for size
(Font)              <10> on input line 48.
LaTeX Font Info:    External font `lmex10' loaded for size
(Font)              <7> on input line 48.
) [5]
\openout2 = `cap1.aux'.

 (cap1.tex
LaTeX Font Info:    Font shape `T1/phv/m/n' will be
(Font)              scaled to size 9.49997pt on input line 58.
 [6



])
LaTeX Font Info:    Font shape `T1/phv/m/it' in size <10> not available
(Font)              Font shape `T1/phv/m/sl' tried instead on input line 92.
LaTeX Font Info:    Font shape `T1/phv/m/sl' will be
(Font)              scaled to size 9.49997pt on input line 92.
 [7]
\openout2 = `cap2.aux'.

 (cap2.tex
LaTeX Font Info:    Trying to load font information for OMS+phv on input line 1
5.

("C:\Program Files\MiKTeX 2.9\tex/latex/psnfss\omsphv.fd"
File: omsphv.fd 
)
LaTeX Font Info:    Font shape `OMS/phv/m/n' in size <12> not available
(Font)              Font shape `OMS/cmsy/m/n' tried instead on input line 15.
 [8



]
<Figuras/fluxo_de_processos_PMBOK.png, id=221, 840.2592pt x 1019.9706pt>
File: Figuras/fluxo_de_processos_PMBOK.png Graphic file (type png)
<use Figuras/fluxo_de_processos_PMBOK.png>
Package pdftex.def Info: Figuras/fluxo_de_processos_PMBOK.png  used on input li
ne 74.
(pdftex.def)             Requested size: 520.95532pt x 632.37524pt.

Overfull \hbox (63.22745pt too wide) in paragraph at lines 74--75
 [][] 
 []

[9] [10 <./Figuras/fluxo_de_processos_PMBOK.png>]
<Figuras/EAP_Smart_Solution4.png, id=233, 1352.05125pt x 958.58125pt>
File: Figuras/EAP_Smart_Solution4.png Graphic file (type png)
<use Figuras/EAP_Smart_Solution4.png>
Package pdftex.def Info: Figuras/EAP_Smart_Solution4.png  used on input line 91
.
(pdftex.def)             Requested size: 635.46419pt x 450.53325pt.

Overfull \hbox (37.45845pt too wide) in paragraph at lines 103--104
\T1/phv/m/n/12 mina a forma de re-a-li-za-Á„o de uma tran-sa-Á„o que en-volve u
ma de-ter-mi-nada or-ga-ni-za-Á„o.([][]ALVARENGA[][],
 []

[11 <./Figuras/EAP_Smart_Solution4.png>] [12]
<Figuras/regraSimples1.jpg, id=248, 585.68813pt x 303.38344pt>
File: Figuras/regraSimples1.jpg Graphic file (type jpg)
<use Figuras/regraSimples1.jpg>
Package pdftex.def Info: Figuras/regraSimples1.jpg  used on input line 144.
(pdftex.def)             Requested size: 480.26736pt x 248.77602pt.

Overfull \hbox (22.53949pt too wide) in paragraph at lines 144--145
 [][] 
 []

<Figuras/regraSimples2.jpg, id=249, 586.44093pt x 358.33875pt>
File: Figuras/regraSimples2.jpg Graphic file (type jpg)
<use Figuras/regraSimples2.jpg>
Package pdftex.def Info: Figuras/regraSimples2.jpg  used on input line 155.
(pdftex.def)             Requested size: 480.88466pt x 293.83968pt.

Overfull \hbox (23.15678pt too wide) in paragraph at lines 155--156
 [][] 
 []

<Figuras/regraSimples3.jpg, id=250, 585.68813pt x 298.86656pt>
File: Figuras/regraSimples3.jpg Graphic file (type jpg)
<use Figuras/regraSimples3.jpg>
Package pdftex.def Info: Figuras/regraSimples3.jpg  used on input line 166.
(pdftex.def)             Requested size: 480.26736pt x 245.07214pt.

Overfull \hbox (22.53949pt too wide) in paragraph at lines 166--167
 [][] 
 []

[13 <./Figuras/regraSimples1.jpg>] [14 <./Figuras/regraSimples2.jpg> <./Figuras
/regraSimples3.jpg>]
<Figuras/Tabelas_riscos.jpg, id=261, 529.98pt x 435.87843pt>
File: Figuras/Tabelas_riscos.jpg Graphic file (type jpg)
<use Figuras/Tabelas_riscos.jpg>
Package pdftex.def Info: Figuras/Tabelas_riscos.jpg  used on input line 195.
(pdftex.def)             Requested size: 482.28253pt x 396.65pt.

Overfull \hbox (24.55466pt too wide) in paragraph at lines 195--196
 [][] 
 []

<Figuras/smart_solution_espinha_de_peixe.png, id=262, 924.45375pt x 355.3275pt>

File: Figuras/smart_solution_espinha_de_peixe.png Graphic file (type png)
<use Figuras/smart_solution_espinha_de_peixe.png>
Package pdftex.def Info: Figuras/smart_solution_espinha_de_peixe.png  used on i
nput line 212.
(pdftex.def)             Requested size: 647.11322pt x 248.72754pt.
[15 <./Figuras/Tabelas_riscos.jpg>]) [16 <./Figuras/smart_solution_espinha_de_p
eixe.png>]
\openout2 = `cap3.aux'.

 (cap3.tex
<Figuras/parte1funcional.jpg, id=275, 642.90187pt x 200.24812pt>
File: Figuras/parte1funcional.jpg Graphic file (type jpg)
<use Figuras/parte1funcional.jpg>
Package pdftex.def Info: Figuras/parte1funcional.jpg  used on input line 21.
(pdftex.def)             Requested size: 488.6007pt x 152.18709pt.

Overfull \hbox (30.87282pt too wide) in paragraph at lines 21--22
 [][] 
 []

<Figuras/parte2funcional.jpg, id=276, 643.6547pt x 385.44pt>
File: Figuras/parte2funcional.jpg Graphic file (type jpg)
<use Figuras/parte2funcional.jpg>
Package pdftex.def Info: Figuras/parte2funcional.jpg  used on input line 32.
(pdftex.def)             Requested size: 489.17284pt x 292.93156pt.

Overfull \hbox (31.44496pt too wide) in paragraph at lines 32--33
 [][] 
 []

<Figuras/parte3funcional.jpg, id=277, 644.4075pt x 168.63pt>
File: Figuras/parte3funcional.jpg Graphic file (type jpg)
<use Figuras/parte3funcional.jpg>
Package pdftex.def Info: Figuras/parte3funcional.jpg  used on input line 43.
(pdftex.def)             Requested size: 489.74496pt x 128.15755pt.

Overfull \hbox (32.01709pt too wide) in paragraph at lines 43--44
 [][] 
 []

[17



 <./Figuras/parte1funcional.jpg> <./Figuras/parte2funcional.jpg>] [18 <./Figura
s/parte3funcional.jpg>]
<Figuras/reqnaofuncional.jpg, id=289, 602.25pt x 373.395pt>
File: Figuras/reqnaofuncional.jpg Graphic file (type jpg)
<use Figuras/reqnaofuncional.jpg>
Package pdftex.def Info: Figuras/reqnaofuncional.jpg  used on input line 71.
(pdftex.def)             Requested size: 481.80064pt x 298.7164pt.

Overfull \hbox (20.9037pt too wide) in paragraph at lines 71--72
 [][] 
 []

[19 <./Figuras/reqnaofuncional.jpg>] [20]
<./Figuras/Cronograma_marco_e_Abril.png, id=299, 819.06pt x 368.87813pt>
File: ./Figuras/Cronograma_marco_e_Abril.png Graphic file (type png)
<use ./Figuras/Cronograma_marco_e_Abril.png>
Package pdftex.def Info: ./Figuras/Cronograma_marco_e_Abril.png  used on input 
line 97.
(pdftex.def)             Requested size: 696.20428pt x 313.54788pt.
 [21]
Overfull \vbox (0.3763pt too high) has occurred while \output is active []


[22 <./Figuras/Cronograma_marco_e_Abril.png>]
<./Figuras/Cronograma_maio_e_Junho.png, id=309, 822.07124pt x 304.13625pt>
File: ./Figuras/Cronograma_maio_e_Junho.png Graphic file (type png)
<use ./Figuras/Cronograma_maio_e_Junho.png>
Package pdftex.def Info: ./Figuras/Cronograma_maio_e_Junho.png  used on input l
ine 106.
(pdftex.def)             Requested size: 698.76385pt x 258.51703pt.
)
Overfull \vbox (2.93587pt too high) has occurred while \output is active []


[23 <./Figuras/Cronograma_maio_e_Junho.png>]
\openout2 = `cap4.aux'.

 (cap4.tex) [24



]
\openout2 = `cap5.aux'.

 (cap5.tex [25



]
[26]
<Figuras/fluxograma2teste.jpg, id=337, 1816.7875pt x 1172.38pt>
File: Figuras/fluxograma2teste.jpg Graphic file (type jpg)
<use Figuras/fluxograma2teste.jpg>
Package pdftex.def Info: Figuras/fluxograma2teste.jpg  used on input line 28.
(pdftex.def)             Requested size: 726.70215pt x 468.9437pt.

Overfull \vbox (30.87416pt too high) has occurred while \output is active []


[27 <./Figuras/fluxograma2teste.jpg>] [28]
<./Figuras/novocasodeusointegra.jpg, id=348, 774.64406pt x 395.97937pt>
File: ./Figuras/novocasodeusointegra.jpg Graphic file (type jpg)
<use ./Figuras/novocasodeusointegra.jpg>
Package pdftex.def Info: ./Figuras/novocasodeusointegra.jpg  used on input line
 54.
(pdftex.def)             Requested size: 697.17322pt x 356.37814pt.
 [29]
Overfull \vbox (1.34523pt too high) has occurred while \output is active []


[30 <./Figuras/novocasodeusointegra.jpg>] [31]
<./Figuras/Diagrama_de_classe_integrado.png, id=365, 1979.395pt x 1254.6875pt>
File: ./Figuras/Diagrama_de_classe_integrado.png Graphic file (type png)
<use ./Figuras/Diagrama_de_classe_integrado.png>
Package pdftex.def Info: ./Figuras/Diagrama_de_classe_integrado.png  used on in
put line 76.
(pdftex.def)             Requested size: 692.79865pt x 439.1472pt.
 [32 <./Figuras/Diagrama_de_classe_integrado.png>] [33]
<./Figuras/diagramaDeAtividades.jpg, id=377, 670.75594pt x 304.88907pt>
File: ./Figuras/diagramaDeAtividades.jpg Graphic file (type jpg)
<use ./Figuras/diagramaDeAtividades.jpg>
Package pdftex.def Info: ./Figuras/diagramaDeAtividades.jpg  used on input line
 102.
(pdftex.def)             Requested size: 482.9439pt x 219.51996pt.
 [34 <./Figuras/diagramaDeAtividades.jpg>] [35]
LaTeX Font Info:    Font shape `T1/phv/m/n' will be
(Font)              scaled to size 7.59998pt on input line 126.
LaTeX Font Info:    External font `lmex10' loaded for size
(Font)              <5> on input line 126.
LaTeX Font Info:    Font shape `T1/phv/m/n' will be
(Font)              scaled to size 6.64998pt on input line 126.
 [36])
\openout2 = `cap6.aux'.


(cap6.tex [37



]
<Figuras/Login.png, id=401, 376.40625pt x 815.045pt>
File: Figuras/Login.png Graphic file (type png)
<use Figuras/Login.png>
Package pdftex.def Info: Figuras/Login.png  used on input line 28.
(pdftex.def)             Requested size: 244.66115pt x 529.77296pt.
 [38 <./Figuras/Login.png>]pdfTeX warning (ext4): destination with the same ide
ntifier (name{subfigure.6.1.1}) has been already used, duplicate ignored
<to be read again> 
                   \relax 
l.39 	}
       	
<Figuras/MENU.png, id=409, 376.40625pt x 815.045pt>
File: Figuras/MENU.png Graphic file (type png)
<use Figuras/MENU.png>
Package pdftex.def Info: Figuras/MENU.png  used on input line 39.
(pdftex.def)             Requested size: 244.66115pt x 529.77296pt.
 [39 <./Figuras/MENU.png>]pdfTeX warning (ext4): destination with the same iden
tifier (name{subfigure.6.1.1}) has been already used, duplicate ignored
<to be read again> 
                   \relax 
l.56 	}
       	
<Figuras/MENU_1.png, id=416, 376.40625pt x 815.045pt>
File: Figuras/MENU_1.png Graphic file (type png)
<use Figuras/MENU_1.png>
Package pdftex.def Info: Figuras/MENU_1.png  used on input line 56.
(pdftex.def)             Requested size: 244.66115pt x 529.77296pt.
 [40 <./Figuras/MENU_1.png>]pdfTeX warning (ext4): destination with the same id
entifier (name{subfigure.6.1.1}) has been already used, duplicate ignored
<to be read again> 
                   \relax 
l.68 	}
       
<Figuras/CADASTROS_1.png, id=423, 376.40625pt x 815.045pt>
File: Figuras/CADASTROS_1.png Graphic file (type png)
<use Figuras/CADASTROS_1.png>
Package pdftex.def Info: Figuras/CADASTROS_1.png  used on input line 68.
(pdftex.def)             Requested size: 244.66115pt x 529.77296pt.
 [41 <./Figuras/CADASTROS_1.png>]pdfTeX warning (ext4): destination with the sa
me identifier (name{subfigure.6.1.1}) has been already used, duplicate ignored
<to be read again> 
                   \relax 
l.82 	}
       
<Figuras/DETALHES_OS_1.png, id=430, 376.40625pt x 815.045pt>
File: Figuras/DETALHES_OS_1.png Graphic file (type png)
<use Figuras/DETALHES_OS_1.png>
Package pdftex.def Info: Figuras/DETALHES_OS_1.png  used on input line 82.
(pdftex.def)             Requested size: 244.66115pt x 529.77296pt.
 [42 <./Figuras/DETALHES_OS_1.png>]pdfTeX warning (ext4): destination with the 
same identifier (name{subfigure.6.1.1}) has been already used, duplicate ignore
d
<to be read again> 
                   \relax 
l.93 	}
       	
<Figuras/CADASTROS.png, id=438, 376.40625pt x 815.045pt>
File: Figuras/CADASTROS.png Graphic file (type png)
<use Figuras/CADASTROS.png>
Package pdftex.def Info: Figuras/CADASTROS.png  used on input line 93.
(pdftex.def)             Requested size: 244.66115pt x 529.77296pt.
 [43 <./Figuras/CADASTROS.png>]pdfTeX warning (ext4): destination with the same
 identifier (name{subfigure.6.1.1}) has been already used, duplicate ignored
<to be read again> 
                   \relax 
l.109 	}
        	
<Figuras/DETALHES_OS.png, id=445, 376.40625pt x 815.045pt>
File: Figuras/DETALHES_OS.png Graphic file (type png)
<use Figuras/DETALHES_OS.png>
Package pdftex.def Info: Figuras/DETALHES_OS.png  used on input line 109.
(pdftex.def)             Requested size: 244.66115pt x 529.77296pt.
 [44 <./Figuras/DETALHES_OS.png>]pdfTeX warning (ext4): destination with the sa
me identifier (name{subfigure.6.1.1}) has been already used, duplicate ignored
<to be read again> 
                   \relax 
l.119 	}
        
<Figuras/CONSULTAR_OS.png, id=452, 376.40625pt x 815.045pt>
File: Figuras/CONSULTAR_OS.png Graphic file (type png)
<use Figuras/CONSULTAR_OS.png>
Package pdftex.def Info: Figuras/CONSULTAR_OS.png  used on input line 119.
(pdftex.def)             Requested size: 244.66115pt x 529.77296pt.
 [45 <./Figuras/CONSULTAR_OS.png>]pdfTeX warning (ext4): destination with the s
ame identifier (name{subfigure.6.1.1}) has been already used, duplicate ignored

<to be read again> 
                   \relax 
l.133 	}
        
<Figuras/SOLICITACOES_DE_PECAS.png, id=459, 376.40625pt x 815.045pt>
File: Figuras/SOLICITACOES_DE_PECAS.png Graphic file (type png)
<use Figuras/SOLICITACOES_DE_PECAS.png>
Package pdftex.def Info: Figuras/SOLICITACOES_DE_PECAS.png  used on input line 
133.
(pdftex.def)             Requested size: 244.66115pt x 529.77296pt.
 [46 <./Figuras/SOLICITACOES_DE_PECAS.png>]pdfTeX warning (ext4): destination w
ith the same identifier (name{subfigure.6.1.1}) has been already used, duplicat
e ignored
<to be read again> 
                   \relax 
l.144 	}
        	
<Figuras/VERIFICACAO.png, id=466, 376.40625pt x 815.045pt>
File: Figuras/VERIFICACAO.png Graphic file (type png)
<use Figuras/VERIFICACAO.png>
Package pdftex.def Info: Figuras/VERIFICACAO.png  used on input line 144.
(pdftex.def)             Requested size: 244.66115pt x 529.77296pt.
 [47 <./Figuras/VERIFICACAO.png>]pdfTeX warning (ext4): destination with the sa
me identifier (name{subfigure.6.1.1}) has been already used, duplicate ignored
<to be read again> 
                   \relax 
l.156 	}
        	
<Figuras/VERIFICACAO_2.png, id=473, 376.40625pt x 815.045pt>
File: Figuras/VERIFICACAO_2.png Graphic file (type png)
<use Figuras/VERIFICACAO_2.png>
Package pdftex.def Info: Figuras/VERIFICACAO_2.png  used on input line 156.
(pdftex.def)             Requested size: 244.66115pt x 529.77296pt.
 [48 <./Figuras/VERIFICACAO_2.png>]pdfTeX warning (ext4): destination with the 
same identifier (name{subfigure.6.1.1}) has been already used, duplicate ignore
d
<to be read again> 
                   \relax 
l.167 	}
        
<Figuras/ASSINATURAS.png, id=481, 376.40625pt x 815.045pt>
File: Figuras/ASSINATURAS.png Graphic file (type png)
<use Figuras/ASSINATURAS.png>
Package pdftex.def Info: Figuras/ASSINATURAS.png  used on input line 167.
(pdftex.def)             Requested size: 244.66115pt x 529.77296pt.
 [49 <./Figuras/ASSINATURAS.png>]pdfTeX warning (ext4): destination with the sa
me identifier (name{subfigure.6.1.1}) has been already used, duplicate ignored
<to be read again> 
                   \relax 
l.179 	}
        
<Figuras/EPI.png, id=488, 376.40625pt x 815.045pt>
File: Figuras/EPI.png Graphic file (type png)
<use Figuras/EPI.png>
Package pdftex.def Info: Figuras/EPI.png  used on input line 179.
(pdftex.def)             Requested size: 244.66115pt x 529.77296pt.
 [50 <./Figuras/EPI.png>]pdfTeX warning (ext4): destination with the same ident
ifier (name{subfigure.6.1.1}) has been already used, duplicate ignored
<to be read again> 
                   \relax 
l.192 	}
        
<Figuras/EPI_1.png, id=495, 376.40625pt x 815.045pt>
File: Figuras/EPI_1.png Graphic file (type png)
<use Figuras/EPI_1.png>
Package pdftex.def Info: Figuras/EPI_1.png  used on input line 192.
(pdftex.def)             Requested size: 244.66115pt x 529.77296pt.
 [51 <./Figuras/EPI_1.png>]pdfTeX warning (ext4): destination with the same ide
ntifier (name{subfigure.6.1.1}) has been already used, duplicate ignored
<to be read again> 
                   \relax 
l.211 	}
        
<Figuras/LOGIN_1.png, id=502, 1927.2pt x 1084.05pt>
File: Figuras/LOGIN_1.png Graphic file (type png)
<use Figuras/LOGIN_1.png>
Package pdftex.def Info: Figuras/LOGIN_1.png  used on input line 211.
(pdftex.def)             Requested size: 616.71661pt x 346.90309pt.
 [52 <./Figuras/LOGIN_1.png>]pdfTeX warning (ext4): destination with the same i
dentifier (name{subfigure.6.1.1}) has been already used, duplicate ignored
<to be read again> 
                   \relax 
l.222 	}
        
<Figuras/DASHBOARD_2.png, id=509, 1927.2pt x 1084.05pt>
File: Figuras/DASHBOARD_2.png Graphic file (type png)
<use Figuras/DASHBOARD_2.png>
Package pdftex.def Info: Figuras/DASHBOARD_2.png  used on input line 222.
(pdftex.def)             Requested size: 616.71661pt x 346.90309pt.
 [53 <./Figuras/DASHBOARD_2.png>]pdfTeX warning (ext4): destination with the sa
me identifier (name{subfigure.6.1.1}) has been already used, duplicate ignored
<to be read again> 
                   \relax 
l.234 	}
        
<Figuras/CADASTROS_3.png, id=516, 1927.2pt x 1084.05pt>
File: Figuras/CADASTROS_3.png Graphic file (type png)
<use Figuras/CADASTROS_3.png>
Package pdftex.def Info: Figuras/CADASTROS_3.png  used on input line 234.
(pdftex.def)             Requested size: 616.71661pt x 346.90309pt.
 [54 <./Figuras/CADASTROS_3.png>]pdfTeX warning (ext4): destination with the sa
me identifier (name{subfigure.6.1.1}) has been already used, duplicate ignored
<to be read again> 
                   \relax 
l.245 	}
        
<Figuras/CADASTRO_OS_4.png, id=524, 1927.2pt x 1084.05pt>
File: Figuras/CADASTRO_OS_4.png Graphic file (type png)
<use Figuras/CADASTRO_OS_4.png>
Package pdftex.def Info: Figuras/CADASTRO_OS_4.png  used on input line 245.
(pdftex.def)             Requested size: 616.71661pt x 346.90309pt.
 [55 <./Figuras/CADASTRO_OS_4.png>]pdfTeX warning (ext4): destination with the 
same identifier (name{subfigure.6.1.1}) has been already used, duplicate ignore
d
<to be read again> 
                   \relax 
l.257 	}
        
<Figuras/CADASTRO_EQUIPAMENTO_5.png, id=531, 1927.2pt x 1084.05pt>
File: Figuras/CADASTRO_EQUIPAMENTO_5.png Graphic file (type png)
<use Figuras/CADASTRO_EQUIPAMENTO_5.png>
Package pdftex.def Info: Figuras/CADASTRO_EQUIPAMENTO_5.png  used on input line
 257.
(pdftex.def)             Requested size: 616.71661pt x 346.90309pt.
 [56 <./Figuras/CADASTRO_EQUIPAMENTO_5.png>]pdfTeX warning (ext4): destination 
with the same identifier (name{subfigure.6.1.1}) has been already used, duplica
te ignored
<to be read again> 
                   \relax 
l.269 	}
        
<Figuras/CADASTRO_COMPONENTE_6.png, id=538, 1927.2pt x 1084.05pt>
File: Figuras/CADASTRO_COMPONENTE_6.png Graphic file (type png)
<use Figuras/CADASTRO_COMPONENTE_6.png>
Package pdftex.def Info: Figuras/CADASTRO_COMPONENTE_6.png  used on input line 
269.
(pdftex.def)             Requested size: 616.71661pt x 346.90309pt.
 [57 <./Figuras/CADASTRO_COMPONENTE_6.png>]pdfTeX warning (ext4): destination w
ith the same identifier (name{subfigure.6.1.1}) has been already used, duplicat
e ignored
<to be read again> 
                   \relax 
l.282 	}
        
<Figuras/CADASTRO_EPI_7.png, id=545, 1927.2pt x 1084.05pt>
File: Figuras/CADASTRO_EPI_7.png Graphic file (type png)
<use Figuras/CADASTRO_EPI_7.png>
Package pdftex.def Info: Figuras/CADASTRO_EPI_7.png  used on input line 282.
(pdftex.def)             Requested size: 616.71661pt x 346.90309pt.
 [58 <./Figuras/CADASTRO_EPI_7.png>]pdfTeX warning (ext4): destination with the
 same identifier (name{subfigure.6.1.1}) has been already used, duplicate ignor
ed
<to be read again> 
                   \relax 
l.293 	}
        
<Figuras/CADASTRO_causa_8.png, id=552, 1927.2pt x 1084.05pt>
File: Figuras/CADASTRO_causa_8.png Graphic file (type png)
<use Figuras/CADASTRO_causa_8.png>
Package pdftex.def Info: Figuras/CADASTRO_causa_8.png  used on input line 293.
(pdftex.def)             Requested size: 616.71661pt x 346.90309pt.
 [59 <./Figuras/CADASTRO_causa_8.png>]
Overfull \hbox (3.51976pt too wide) in paragraph at lines 297--298
[]\T1/phv/m/n/12 Tela para ca-das-trar ope-ra-Áıes re-a-li-za-das com lista dis
-po-nÌ-vel para evi-tar du-pli-car o mesmo
 []

pdfTeX warning (ext4): destination with the same identifier (name{subfigure.6.1
.1}) has been already used, duplicate ignored
<to be read again> 
                   \relax 
l.304 	}
        
<Figuras/CADASTRO_DE_OPERACOES_9.png, id=559, 1927.2pt x 1084.05pt>
File: Figuras/CADASTRO_DE_OPERACOES_9.png Graphic file (type png)
<use Figuras/CADASTRO_DE_OPERACOES_9.png>
Package pdftex.def Info: Figuras/CADASTRO_DE_OPERACOES_9.png  used on input lin
e 304.
(pdftex.def)             Requested size: 616.71661pt x 346.90309pt.
 [60 <./Figuras/CADASTRO_DE_OPERACOES_9.png>]pdfTeX warning (ext4): destination
 with the same identifier (name{subfigure.6.1.1}) has been already used, duplic
ate ignored
<to be read again> 
                   \relax 
l.315 	}
        
<Figuras/Solicitacao_10.png, id=567, 1927.2pt x 1084.05pt>
File: Figuras/Solicitacao_10.png Graphic file (type png)
<use Figuras/Solicitacao_10.png>
Package pdftex.def Info: Figuras/Solicitacao_10.png  used on input line 315.
(pdftex.def)             Requested size: 616.71661pt x 346.90309pt.
 [61 <./Figuras/Solicitacao_10.png>]pdfTeX warning (ext4): destination with the
 same identifier (name{subfigure.6.1.1}) has been already used, duplicate ignor
ed
<to be read again> 
                   \relax 
l.326 	}
        
<Figuras/CONSULTA_11.png, id=574, 1927.2pt x 1084.05pt>
File: Figuras/CONSULTA_11.png Graphic file (type png)
<use Figuras/CONSULTA_11.png>
Package pdftex.def Info: Figuras/CONSULTA_11.png  used on input line 326.
(pdftex.def)             Requested size: 616.71661pt x 346.90309pt.
 [62 <./Figuras/CONSULTA_11.png>]pdfTeX warning (ext4): destination with the sa
me identifier (name{subfigure.6.1.1}) has been already used, duplicate ignored
<to be read again> 
                   \relax 
l.337 	}
        
<Figuras/DETALHAMENTO_12.png, id=581, 1927.2pt x 1084.05pt>
File: Figuras/DETALHAMENTO_12.png Graphic file (type png)
<use Figuras/DETALHAMENTO_12.png>
Package pdftex.def Info: Figuras/DETALHAMENTO_12.png  used on input line 337.
(pdftex.def)             Requested size: 616.71661pt x 346.90309pt.
 [63 <./Figuras/DETALHAMENTO_12.png>]pdfTeX warning (ext4): destination with th
e same identifier (name{subfigure.6.1.1}) has been already used, duplicate igno
red
<to be read again> 
                   \relax 
l.348 	}
        
<Figuras/Verificacao_web.png, id=588, 1927.2pt x 1084.05pt>
File: Figuras/Verificacao_web.png Graphic file (type png)
<use Figuras/Verificacao_web.png>
Package pdftex.def Info: Figuras/Verificacao_web.png  used on input line 348.
(pdftex.def)             Requested size: 616.71661pt x 346.90309pt.
 [64 <./Figuras/Verificacao_web.png>]pdfTeX warning (ext4): destination with th
e same identifier (name{subfigure.6.1.1}) has been already used, duplicate igno
red
<to be read again> 
                   \relax 
l.359 	}
        
<Figuras/APONTAMENTO_web.png, id=595, 1927.2pt x 1084.05pt>
File: Figuras/APONTAMENTO_web.png Graphic file (type png)
<use Figuras/APONTAMENTO_web.png>
Package pdftex.def Info: Figuras/APONTAMENTO_web.png  used on input line 359.
(pdftex.def)             Requested size: 616.71661pt x 346.90309pt.
 [65 <./Figuras/APONTAMENTO_web.png>]pdfTeX warning (ext4): destination with th
e same identifier (name{subfigure.6.1.1}) has been already used, duplicate igno
red
<to be read again> 
                   \relax 
l.369 	}
        
<Figuras/Assinatura_web.png, id=602, 1927.2pt x 1084.05pt>
File: Figuras/Assinatura_web.png Graphic file (type png)
<use Figuras/Assinatura_web.png>
Package pdftex.def Info: Figuras/Assinatura_web.png  used on input line 369.
(pdftex.def)             Requested size: 616.71661pt x 346.90309pt.
 [66 <./Figuras/Assinatura_web.png>]pdfTeX warning (ext4): destination with the
 same identifier (name{subfigure.6.1.1}) has been already used, duplicate ignor
ed
<to be read again> 
                   \relax 
l.380 	}
        
<Figuras/Relatorios.png, id=610, 1927.2pt x 1084.05pt>
File: Figuras/Relatorios.png Graphic file (type png)
<use Figuras/Relatorios.png>
Package pdftex.def Info: Figuras/Relatorios.png  used on input line 380.
(pdftex.def)             Requested size: 616.71661pt x 346.90309pt.
 [67 <./Figuras/Relatorios.png>]pdfTeX warning (ext4): destination with the sam
e identifier (name{subfigure.6.1.1}) has been already used, duplicate ignored
<to be read again> 
                   \relax 
l.390 	}
        
<Figuras/Relatorios_1.png, id=617, 1927.2pt x 1084.05pt>
File: Figuras/Relatorios_1.png Graphic file (type png)
<use Figuras/Relatorios_1.png>
Package pdftex.def Info: Figuras/Relatorios_1.png  used on input line 390.
(pdftex.def)             Requested size: 616.71661pt x 346.90309pt.
 [68 <./Figuras/Relatorios_1.png>]pdfTeX warning (ext4): destination with the s
ame identifier (name{subfigure.6.1.1}) has been already used, duplicate ignored

<to be read again> 
                   \relax 
l.400 	}
        
<Figuras/Relatorios_mensais.png, id=624, 1927.2pt x 1084.05pt>
File: Figuras/Relatorios_mensais.png Graphic file (type png)
<use Figuras/Relatorios_mensais.png>
Package pdftex.def Info: Figuras/Relatorios_mensais.png  used on input line 400
.
(pdftex.def)             Requested size: 616.71661pt x 346.90309pt.
 [69 <./Figuras/Relatorios_mensais.png>]pdfTeX warning (ext4): destination with
 the same identifier (name{subfigure.6.1.1}) has been already used, duplicate i
gnored
<to be read again> 
                   \relax 
l.410 	}
        
<Figuras/Relatorios_mensais _1.png, id=631, 1927.2pt x 1084.05pt>
File: Figuras/Relatorios_mensais _1.png Graphic file (type png)
<use Figuras/Relatorios_mensais _1.png>
Package pdftex.def Info: Figuras/Relatorios_mensais _1.png  used on input line 
410.
(pdftex.def)             Requested size: 616.71661pt x 346.90309pt.
 [70 <./Figuras/Relatorios_mensais _1.png>]pdfTeX warning (ext4): destination w
ith the same identifier (name{subfigure.6.1.1}) has been already used, duplicat
e ignored
<to be read again> 
                   \relax 
l.420 	}
        
<Figuras/Relatorios_mensais _2.png, id=638, 1927.2pt x 1084.05pt>
File: Figuras/Relatorios_mensais _2.png Graphic file (type png)
<use Figuras/Relatorios_mensais _2.png>
Package pdftex.def Info: Figuras/Relatorios_mensais _2.png  used on input line 
420.
(pdftex.def)             Requested size: 616.71661pt x 346.90309pt.
 [71 <./Figuras/Relatorios_mensais _2.png>]pdfTeX warning (ext4): destination w
ith the same identifier (name{subfigure.6.1.1}) has been already used, duplicat
e ignored
<to be read again> 
                   \relax 
l.430 	}
        
<Figuras/Relatorios_por_equipamento.png, id=645, 1927.2pt x 1084.05pt>
File: Figuras/Relatorios_por_equipamento.png Graphic file (type png)
<use Figuras/Relatorios_por_equipamento.png>
Package pdftex.def Info: Figuras/Relatorios_por_equipamento.png  used on input 
line 430.
(pdftex.def)             Requested size: 616.71661pt x 346.90309pt.
 [72 <./Figuras/Relatorios_por_equipamento.png>]pdfTeX warning (ext4): destinat
ion with the same identifier (name{subfigure.6.1.1}) has been already used, dup
licate ignored
<to be read again> 
                   \relax 
l.442 	}
        
<Figuras/verificacao_13_1.png, id=653, 1927.2pt x 1084.05pt>
File: Figuras/verificacao_13_1.png Graphic file (type png)
<use Figuras/verificacao_13_1.png>
Package pdftex.def Info: Figuras/verificacao_13_1.png  used on input line 442.
(pdftex.def)             Requested size: 616.71661pt x 346.90309pt.
 [73 <./Figuras/verificacao_13_1.png>]pdfTeX warning (ext4): destination with t
he same identifier (name{subfigure.6.1.1}) has been already used, duplicate ign
ored
<to be read again> 
                   \relax 
l.453 	}
        
<Figuras/CHECKLIST_14.png, id=660, 1927.2pt x 1084.05pt>
File: Figuras/CHECKLIST_14.png Graphic file (type png)
<use Figuras/CHECKLIST_14.png>
Package pdftex.def Info: Figuras/CHECKLIST_14.png  used on input line 453.
(pdftex.def)             Requested size: 616.71661pt x 346.90309pt.
 [74 <./Figuras/CHECKLIST_14.png>]pdfTeX warning (ext4): destination with the s
ame identifier (name{subfigure.6.1.1}) has been already used, duplicate ignored

<to be read again> 
                   \relax 
l.464 	}
        
<Figuras/CHECKLIST_14_1.png, id=667, 1927.2pt x 1084.05pt>
File: Figuras/CHECKLIST_14_1.png Graphic file (type png)
<use Figuras/CHECKLIST_14_1.png>
Package pdftex.def Info: Figuras/CHECKLIST_14_1.png  used on input line 464.
(pdftex.def)             Requested size: 616.71661pt x 346.90309pt.
 [75 <./Figuras/CHECKLIST_14_1.png>]pdfTeX warning (ext4): destination with the
 same identifier (name{subfigure.6.1.1}) has been already used, duplicate ignor
ed
<to be read again> 
                   \relax 
l.475 	}
        
<Figuras/ASSINATURA_15.png, id=674, 1927.2pt x 1084.05pt>
File: Figuras/ASSINATURA_15.png Graphic file (type png)
<use Figuras/ASSINATURA_15.png>
Package pdftex.def Info: Figuras/ASSINATURA_15.png  used on input line 475.
(pdftex.def)             Requested size: 616.71661pt x 346.90309pt.
 [76 <./Figuras/ASSINATURA_15.png>]pdfTeX warning (ext4): destination with the 
same identifier (name{subfigure.6.1.1}) has been already used, duplicate ignore
d
<to be read again> 
                   \relax 
l.486 	}
        
<Figuras/CADASTRAR_USUARIO_16.png, id=681, 1927.2pt x 1084.05pt>
File: Figuras/CADASTRAR_USUARIO_16.png Graphic file (type png)
<use Figuras/CADASTRAR_USUARIO_16.png>
Package pdftex.def Info: Figuras/CADASTRAR_USUARIO_16.png  used on input line 4
86.
(pdftex.def)             Requested size: 616.71661pt x 346.90309pt.
 [77 <./Figuras/CADASTRAR_USUARIO_16.png>])
\openout2 = `cap7.aux'.

 (cap7.tex) [78



]
\openout2 = `cap8.aux'.

 (cap8.tex
<Figuras/LoginCodigo.jpg, id=693, 849.92531pt x 476.53032pt>
File: Figuras/LoginCodigo.jpg Graphic file (type jpg)
<use Figuras/LoginCodigo.jpg>
Package pdftex.def Info: Figuras/LoginCodigo.jpg  used on input line 15.
(pdftex.def)             Requested size: 424.96161pt x 238.26457pt.

[79



 <./Figuras/LoginCodigo.jpg>]
<Figuras/Rotalogin.jpg, id=698, 842.39719pt x 483.30562pt>
File: Figuras/Rotalogin.jpg Graphic file (type jpg)
<use Figuras/Rotalogin.jpg>
Package pdftex.def Info: Figuras/Rotalogin.jpg  used on input line 28.
(pdftex.def)             Requested size: 421.19756pt x 241.65222pt.
 [80 <./Figuras/Rotalogin.jpg>]
<Figuras/Validacaologin.jpg, id=703, 841.64438pt x 480.29437pt>
File: Figuras/Validacaologin.jpg Graphic file (type jpg)
<use Figuras/Validacaologin.jpg>
Package pdftex.def Info: Figuras/Validacaologin.jpg  used on input line 42.
(pdftex.def)             Requested size: 420.82117pt x 240.14659pt.
 [81 <./Figuras/Validacaologin.jpg>]
<Figuras/DaoLogin.jpg, id=708, 840.89156pt x 477.28313pt>
File: Figuras/DaoLogin.jpg Graphic file (type jpg)
<use Figuras/DaoLogin.jpg>
Package pdftex.def Info: Figuras/DaoLogin.jpg  used on input line 55.
(pdftex.def)             Requested size: 420.44475pt x 238.64098pt.
 [82 <./Figuras/DaoLogin.jpg>] [83]
<Figuras/Login_WEB_1.png, id=717, 1028.34187pt x 548.0475pt>
File: Figuras/Login_WEB_1.png Graphic file (type png)
<use Figuras/Login_WEB_1.png>
Package pdftex.def Info: Figuras/Login_WEB_1.png  used on input line 92.
(pdftex.def)             Requested size: 637.56538pt x 339.78593pt.
 [84 <./Figuras/Login_WEB_1.png>]
<Figuras/Cadastros_Sistema_1.png, id=725, 1445.4pt x 703.87968pt>
File: Figuras/Cadastros_Sistema_1.png Graphic file (type png)
<use Figuras/Cadastros_Sistema_1.png>
Package pdftex.def Info: Figuras/Cadastros_Sistema_1.png  used on input line 10
5.
(pdftex.def)             Requested size: 722.69824pt x 351.93898pt.
 [85]
Overfull \vbox (28.34972pt too high) has occurred while \output is active []


[86 <./Figuras/Cadastros_Sistema_1.png>]
<Figuras/step_1.png, id=736, 1445.4pt x 903.375pt>
File: Figuras/step_1.png Graphic file (type png)
<use Figuras/step_1.png>
Package pdftex.def Info: Figuras/step_1.png  used on input line 118.
(pdftex.def)             Requested size: 607.06387pt x 379.41492pt.
 [87 <./Figuras/step_1.png>]
<Figuras/step_2.png, id=743, 1445.4pt x 903.375pt>
File: Figuras/step_2.png Graphic file (type png)
<use Figuras/step_2.png>
Package pdftex.def Info: Figuras/step_2.png  used on input line 131.
(pdftex.def)             Requested size: 607.06387pt x 379.41492pt.
 [88 <./Figuras/step_2.png>]
<Figuras/step_3.png, id=750, 1445.4pt x 903.375pt>
File: Figuras/step_3.png Graphic file (type png)
<use Figuras/step_3.png>
Package pdftex.def Info: Figuras/step_3.png  used on input line 144.
(pdftex.def)             Requested size: 607.06387pt x 379.41492pt.
 [89 <./Figuras/step_3.png>]
<Figuras/Cadastro_Equipamento_Sistema.png, id=757, 1028.34187pt x 548.0475pt>
File: Figuras/Cadastro_Equipamento_Sistema.png Graphic file (type png)
<use Figuras/Cadastro_Equipamento_Sistema.png>
Package pdftex.def Info: Figuras/Cadastro_Equipamento_Sistema.png  used on inpu
t line 157.
(pdftex.def)             Requested size: 637.56538pt x 339.78593pt.
 [90 <./Figuras/Cadastro_Equipamento_Sistema.png>]
<Figuras/Cadastro_Componentes.png, id=765, 1028.34187pt x 547.2947pt>
File: Figuras/Cadastro_Componentes.png Graphic file (type png)
<use Figuras/Cadastro_Componentes.png>
Package pdftex.def Info: Figuras/Cadastro_Componentes.png  used on input line 1
70.
(pdftex.def)             Requested size: 637.56538pt x 339.3192pt.
 [91 <./Figuras/Cadastro_Componentes.png>]
<Figuras/Cadastro_Epi_Sistema.png, id=772, 1024.57782pt x 545.78906pt>
File: Figuras/Cadastro_Epi_Sistema.png Graphic file (type png)
<use Figuras/Cadastro_Epi_Sistema.png>
Package pdftex.def Info: Figuras/Cadastro_Epi_Sistema.png  used on input line 1
83.
(pdftex.def)             Requested size: 635.23169pt x 338.38571pt.
 [92 <./Figuras/Cadastro_Epi_Sistema.png>]
<Figuras/Cadastro_Causa_Defeito.png, id=779, 1028.34187pt x 548.0475pt>
File: Figuras/Cadastro_Causa_Defeito.png Graphic file (type png)
<use Figuras/Cadastro_Causa_Defeito.png>
Package pdftex.def Info: Figuras/Cadastro_Causa_Defeito.png  used on input line
 196.
(pdftex.def)             Requested size: 637.56538pt x 339.78593pt.
 [93 <./Figuras/Cadastro_Causa_Defeito.png>]
<Figuras/Cadastro_Sintomas.png, id=786, 1028.34187pt x 548.0475pt>
File: Figuras/Cadastro_Sintomas.png Graphic file (type png)
<use Figuras/Cadastro_Sintomas.png>
Package pdftex.def Info: Figuras/Cadastro_Sintomas.png  used on input line 209.

(pdftex.def)             Requested size: 637.56538pt x 339.78593pt.
 [94 <./Figuras/Cadastro_Sintomas.png>]
<Figuras/Cadastro_Localiza√ßao.png, id=793, 1026.83624pt x 547.2947pt>
File: Figuras/Cadastro_Localiza√ßao.png Graphic file (type png)
<use Figuras/Cadastro_Localiza√ßao.png>
Package pdftex.def Info: Figuras/Cadastro_Localiza√ßao.png  used on input line 
222.
(pdftex.def)             Requested size: 636.6319pt x 339.3192pt.
 [95 <./Figuras/Cadastro_Localiza√ßao.png>]
<Figuras/Cadastro_Centro_Trabalho.png, id=800, 1028.34187pt x 548.0475pt>
File: Figuras/Cadastro_Centro_Trabalho.png Graphic file (type png)
<use Figuras/Cadastro_Centro_Trabalho.png>
Package pdftex.def Info: Figuras/Cadastro_Centro_Trabalho.png  used on input li
ne 236.
(pdftex.def)             Requested size: 637.56538pt x 339.78593pt.
 [96 <./Figuras/Cadastro_Centro_Trabalho.png>]
<Figuras/Cadastro_Tipo_Ordem.png, id=808, 1028.34187pt x 547.2947pt>
File: Figuras/Cadastro_Tipo_Ordem.png Graphic file (type png)
<use Figuras/Cadastro_Tipo_Ordem.png>
Package pdftex.def Info: Figuras/Cadastro_Tipo_Ordem.png  used on input line 24
9.
(pdftex.def)             Requested size: 637.56538pt x 339.3192pt.
 [97 <./Figuras/Cadastro_Tipo_Ordem.png>]
<Figuras/listagem_e_cadastro_de_usuario.png, id=815, 1445.4pt x 703.12688pt>
File: Figuras/listagem_e_cadastro_de_usuario.png Graphic file (type png)
<use Figuras/listagem_e_cadastro_de_usuario.png>
Package pdftex.def Info: Figuras/listagem_e_cadastro_de_usuario.png  used on in
put line 263.
(pdftex.def)             Requested size: 679.3381pt x 330.46967pt.

[98] [99 <./Figuras/listagem_e_cadastro_de_usuario.png>]
<Figuras/Consulta_ordem.png, id=826, 1445.4pt x 703.12688pt>
File: Figuras/Consulta_ordem.png Graphic file (type png)
<use Figuras/Consulta_ordem.png>
Package pdftex.def Info: Figuras/Consulta_ordem.png  used on input line 276.
(pdftex.def)             Requested size: 650.424pt x 316.40416pt.
 [100 <./Figuras/Consulta_ordem.png>])
\openout2 = `cap9.aux'.

 (cap9.tex) [101



] (Main.bbl
bibitemlist
LaTeX Font Info:    Font shape `T1/phv/bx/n' in size <8> not available
(Font)              Font shape `T1/phv/b/n' tried instead on input line 44.
LaTeX Font Info:    Font shape `T1/phv/b/n' will be
(Font)              scaled to size 7.59998pt on input line 44.
) [102


] [103


] 
AED: lastpage setting LastPage
\tf@lof=\write4
\openout4 = `Main.lof'.

\tf@toc=\write5
\openout5 = `Main.toc'.

Package atveryend Info: Empty hook `BeforeClearDocument' on input line 158.
Package atveryend Info: Empty hook `AfterLastShipout' on input line 158.
(Main.aux (pretextual.aux) (cap1.aux) (cap2.aux) (cap3.aux) (cap4.aux)
(cap5.aux) (cap6.aux) (cap7.aux) (cap8.aux) (cap9.aux))
Package atveryend Info: Executing hook `AtVeryEndDocument' on input line 158.
Package atveryend Info: Empty hook `AtEndAfterFileList' on input line 158.


LaTeX Warning: There were multiply-defined labels.

Package atveryend Info: Empty hook `AtVeryVeryEnd' on input line 158.
 ) 
Here is how much of TeX's memory you used:
 26735 strings out of 492453
 455312 string characters out of 3129813
 708694 words of memory out of 3000000
 30347 multiletter control sequences out of 15000+200000
 596557 words of font info for 88 fonts, out of 3000000 for 9000
 1141 hyphenation exceptions out of 8191
 52i,12n,63p,973b,471s stack positions out of 5000i,500n,10000p,200000b,50000s
{C:/Program Files/MiKTeX 2.9/fonts/enc/dvips/base/8r.enc}<C:/Program Files/Mi
KTeX 2.9/fonts/type1/public/amsfonts/cm/cmsy10.pfb><C:/Program Files/MiKTeX 2.9
/fonts/type1/urw/helvetic/uhvb8a.pfb><C:/Program Files/MiKTeX 2.9/fonts/type1/u
rw/helvetic/uhvr8a.pfb><C:/Program Files/MiKTeX 2.9/fonts/type1/urw/helvetic/uh
vro8a.pfb>
Output written on Main.pdf (104 pages, 5783767 bytes).
PDF statistics:
 1071 PDF objects out of 1200 (max. 8388607)
 258 named destinations out of 1000 (max. 500000)
 793 words of extra memory for PDF output out of 10000 (max. 10000000)

